Wed Aug 17 15:59:16 2022: Running xcd server. This server was built by gradle.
Wed Aug 17 15:59:16 2022: Server was asked to start on port: '36982'
Wed Aug 17 15:59:16 2022: Server is using token UUID: '275f9072-e624-4085-b43f-c9df58983c4f'
Wed Aug 17 15:59:16 2022: SESSION_MGR: creating session with session uuid: '6d04a3e9-ade5-4ab9-8d63-1f78fcd2ec76' and name 'default'
Wed Aug 17 15:59:16 2022: Attempting to start server on port '36982'
Wed Aug 17 15:59:16 2022: XCD main fifo: created main fifo '/tmp/xcdmain275f9072-e624-4085-b43f-c9df58983c4f', fd read = 13
Wed Aug 17 15:59:16 2022: Running Dispatch Server
Wed Aug 17 15:59:16 2022: Version 2.2.0
Wed Aug 17 15:59:24 2022: Dispatch Server: Accepted socket connection from client
Wed Aug 17 15:59:24 2022: Starting Socket connection
Wed Aug 17 15:59:24 2022: EXCHANGE_TOKEN received, server token: 275f9072-e624-4085-b43f-c9df58983c4f, passed token: 275f9072-e624-4085-b43f-c9df58983c4f
Wed Aug 17 15:59:26 2022: DISPATCH_HANDLER: Adding handler from function makeHandler in library libxv_system_diagram
Wed Aug 17 15:59:26 2022: SESSION_MGR: creating session with session uuid: 'c66488e0-400d-4283-bc9b-2ea783b70001' and name 'v++_compile_krnl_s2mm'
Wed Aug 17 15:59:26 2022: KERNEL_SVC: creating session with uuid: 'c66488e0-400d-4283-bc9b-2ea783b70001' and name 'v++_compile_krnl_s2mm'
Wed Aug 17 15:59:26 2022: GUIDANCE_SMGR: creating guidance session with uuid: 'c66488e0-400d-4283-bc9b-2ea783b70001' and name 'v++_compile_krnl_s2mm'
Wed Aug 17 15:59:26 2022: SYSTEM_DIAGRAM: creating session with uuid: 'c66488e0-400d-4283-bc9b-2ea783b70001' and name 'v++_compile_krnl_s2mm'
Wed Aug 17 16:00:01 2022: SESSION_MGR: closing session for UUID 'c66488e0-400d-4283-bc9b-2ea783b70001' with name 'v++_compile_krnl_s2mm'
Wed Aug 17 16:00:01 2022: KERNEL_SVC: closing session for UUID 'c66488e0-400d-4283-bc9b-2ea783b70001' with name 'v++_compile_krnl_s2mm'
Wed Aug 17 16:00:01 2022: GUIDANCE_SMGR: closing session for UUID 'c66488e0-400d-4283-bc9b-2ea783b70001' with name 'v++_compile_krnl_s2mm'
Wed Aug 17 16:00:01 2022: SYSTEM_DIAGRAM: closing session for UUID 'c66488e0-400d-4283-bc9b-2ea783b70001' with name 'v++_compile_krnl_s2mm'
Wed Aug 17 16:00:06 2022: Running xcd server. This server was built by gradle.
Wed Aug 17 16:00:06 2022: Server was asked to start on port: '38591'
Wed Aug 17 16:00:06 2022: Server is using token UUID: '19687a12-be3c-4142-8716-77c81bc8db7b'
Wed Aug 17 16:00:06 2022: SESSION_MGR: creating session with session uuid: '6d04a3e9-ade5-4ab9-8d63-1f78fcd2ec76' and name 'default'
Wed Aug 17 16:00:06 2022: Attempting to start server on port '38591'
Wed Aug 17 16:00:06 2022: XCD main fifo: created main fifo '/tmp/xcdmain19687a12-be3c-4142-8716-77c81bc8db7b', fd read = 13
Wed Aug 17 16:00:06 2022: Running Dispatch Server
Wed Aug 17 16:00:06 2022: Version 2.2.0
Wed Aug 17 16:00:14 2022: Dispatch Server: Accepted socket connection from client
Wed Aug 17 16:00:14 2022: Starting Socket connection
Wed Aug 17 16:00:14 2022: EXCHANGE_TOKEN received, server token: 19687a12-be3c-4142-8716-77c81bc8db7b, passed token: 19687a12-be3c-4142-8716-77c81bc8db7b
Wed Aug 17 16:00:16 2022: DISPATCH_HANDLER: Adding handler from function makeHandler in library libxv_system_diagram
Wed Aug 17 16:00:16 2022: SESSION_MGR: creating session with session uuid: 'cb458db6-354c-4073-8b84-24cd540a6666' and name 'v++_compile_krnl_mm2s'
Wed Aug 17 16:00:16 2022: KERNEL_SVC: creating session with uuid: 'cb458db6-354c-4073-8b84-24cd540a6666' and name 'v++_compile_krnl_mm2s'
Wed Aug 17 16:00:16 2022: GUIDANCE_SMGR: creating guidance session with uuid: 'cb458db6-354c-4073-8b84-24cd540a6666' and name 'v++_compile_krnl_mm2s'
Wed Aug 17 16:00:16 2022: SYSTEM_DIAGRAM: creating session with uuid: 'cb458db6-354c-4073-8b84-24cd540a6666' and name 'v++_compile_krnl_mm2s'
Wed Aug 17 16:00:52 2022: SESSION_MGR: closing session for UUID 'cb458db6-354c-4073-8b84-24cd540a6666' with name 'v++_compile_krnl_mm2s'
Wed Aug 17 16:00:52 2022: KERNEL_SVC: closing session for UUID 'cb458db6-354c-4073-8b84-24cd540a6666' with name 'v++_compile_krnl_mm2s'
Wed Aug 17 16:00:52 2022: GUIDANCE_SMGR: closing session for UUID 'cb458db6-354c-4073-8b84-24cd540a6666' with name 'v++_compile_krnl_mm2s'
Wed Aug 17 16:00:52 2022: SYSTEM_DIAGRAM: closing session for UUID 'cb458db6-354c-4073-8b84-24cd540a6666' with name 'v++_compile_krnl_mm2s'
