#-----------------------------------------------------------
# Vivado v2020.2 (64-bit)
# SW Build 3064766 on Wed Nov 18 09:12:47 MST 2020
# IP Build 3064653 on Wed Nov 18 14:17:31 MST 2020
# Start of session at: Thu Mar 10 19:49:12 2022
# Process ID: 97008
# Current directory: /ad/eng/research/eng_research_caad/haghi/NetFPGA-PLUS/hw/lib/std/axis_sim_record_v1_0_0
# Command line: vivado -mode batch -source axis_sim_record.tcl
# Log file: /ad/eng/research/eng_research_caad/haghi/NetFPGA-PLUS/hw/lib/std/axis_sim_record_v1_0_0/vivado.log
# Journal file: /ad/eng/research/eng_research_caad/haghi/NetFPGA-PLUS/hw/lib/std/axis_sim_record_v1_0_0/vivado.jou
#-----------------------------------------------------------
source axis_sim_record.tcl
# set design        axis_sim_record
# set device        $::env(DEVICE)
# set proj_dir      ./ip_proj
# set ip_version    1.0
# set lib_name      NetFPGA
# create_project -name ${design} -force -dir "./${proj_dir}" -part ${device} -ip
create_project: Time (s): cpu = 00:00:03 ; elapsed = 00:00:10 . Memory (MB): peak = 2468.539 ; gain = 2.023 ; free physical = 54035 ; free virtual = 165466
# set_property source_mgmt_mode All [current_project]  
# set_property top ${design} [current_fileset]
# set_property ip_repo_paths $::env(NFPLUS_FOLDER)/hw/lib/  [current_fileset]
# update_ip_catalog
INFO: [IP_Flow 19-234] Refreshing IP repositories
INFO: [IP_Flow 19-1700] Loaded user IP repository '/ad/eng/research/eng_research_caad/haghi/NetFPGA-PLUS/hw/lib'.
WARNING: [IP_Flow 19-3656] If you move the project, the path for repository '/ad/eng/research/eng_research_caad/haghi/NetFPGA-PLUS/hw/lib' may become invalid. A better location for the repository would be in a path adjacent to the project. (Current project location is '/ad/eng/research/eng_research_caad/haghi/NetFPGA-PLUS/hw/lib/std/axis_sim_record_v1_0_0/ip_proj'.)
INFO: [IP_Flow 19-2313] Loaded Vivado IP repository '/ad/eng/opt/Xilinx/Vivado/2020.2/data/ip'.
update_ip_catalog: Time (s): cpu = 00:00:01 ; elapsed = 00:00:09 . Memory (MB): peak = 2468.539 ; gain = 0.000 ; free physical = 54020 ; free virtual = 165451
# read_verilog "./hdl/axis_sim_record.v"
# update_compile_order -fileset sources_1
# update_compile_order -fileset sim_1
# ipx::package_project
INFO: [IP_Flow 19-3899] Cannot get the environment domain name variable for the component vendor name. Setting the vendor name to 'user.org'.
INFO: [IP_Flow 19-5107] Inferred bus interface 's_axis' of definition 'xilinx.com:interface:axis:1.0' (from Xilinx Repository).
INFO: [IP_Flow 19-5107] Inferred bus interface 'axi_aclk' of definition 'xilinx.com:signal:clock:1.0' (from Xilinx Repository).
WARNING: [IP_Flow 19-3158] Bus Interface 's_axis': FREQ_HZ bus parameter missing from AXI interface when interface is not associated to a clock.
WARNING: [IP_Flow 19-5661] Bus Interface 'axi_aclk' does not have any bus interfaces associated with it.
INFO: [IP_Flow 19-2181] Payment Required is not set for this core.
INFO: [IP_Flow 19-2187] The Product Guide file is missing.
# set_property name ${design} [ipx::current_core]
# set_property library ${lib_name} [ipx::current_core]
# set_property vendor_display_name {NetFPGA} [ipx::current_core]
# set_property company_url {http://www.netfpga.org} [ipx::current_core]
# set_property vendor {NetFPGA} [ipx::current_core]
# set_property supported_families {{virtexuplus} {Production} {virtexuplushbm} {Production}} [ipx::current_core]
# set_property taxonomy {{/NetFPGA/Generic}} [ipx::current_core]
# set_property version ${ip_version} [ipx::current_core]
# set_property display_name ${design} [ipx::current_core]
# set_property description ${design} [ipx::current_core]
# ipx::add_bus_parameter ASSOCIATED_BUSIF [ipx::get_bus_interfaces axi_aclk -of_objects [ipx::current_core]]
# set_property value m_axis:s_axis [ipx::get_bus_parameters ASSOCIATED_BUSIF -of_objects [ipx::get_bus_interfaces axi_aclk -of_objects [ipx::current_core]]]
# update_ip_catalog -rebuild 
INFO: [IP_Flow 19-234] Refreshing IP repositories
INFO: [IP_Flow 19-1700] Loaded user IP repository '/ad/eng/research/eng_research_caad/haghi/NetFPGA-PLUS/hw/lib'.
WARNING: [IP_Flow 19-3656] If you move the project, the path for repository '/ad/eng/research/eng_research_caad/haghi/NetFPGA-PLUS/hw/lib' may become invalid. A better location for the repository would be in a path adjacent to the project. (Current project location is '/ad/eng/research/eng_research_caad/haghi/NetFPGA-PLUS/hw/lib/std/axis_sim_record_v1_0_0/ip_proj'.)
# ipx::infer_user_parameters [ipx::current_core]
# ipx::check_integrity [ipx::current_core]
WARNING: [IP_Flow 19-3152] Bus Interface 'axi_aclk': ASSOCIATED_BUSIF bus 'm_axis' does not exist.
INFO: [IP_Flow 19-2181] Payment Required is not set for this core.
INFO: [IP_Flow 19-2187] The Product Guide file is missing.
INFO: [Ipptcl 7-1486] check_integrity: Integrity check passed.
# ipx::save_core [ipx::current_core]
# update_ip_catalog
INFO: [IP_Flow 19-1839] IP Catalog is up to date.
# close_project
INFO: [Common 17-206] Exiting Vivado at Thu Mar 10 19:49:56 2022...
