#-----------------------------------------------------------
# Vivado v2020.2 (64-bit)
# SW Build 3064766 on Wed Nov 18 09:12:47 MST 2020
# IP Build 3064653 on Wed Nov 18 14:17:31 MST 2020
# Start of session at: Thu Mar 10 19:37:50 2022
# Process ID: 93649
# Current directory: /ad/eng/research/eng_research_caad/haghi/NetFPGA-PLUS/hw/lib/std/axis_fifo_v1_0_0
# Command line: vivado -mode batch -source axis_fifo.tcl
# Log file: /ad/eng/research/eng_research_caad/haghi/NetFPGA-PLUS/hw/lib/std/axis_fifo_v1_0_0/vivado.log
# Journal file: /ad/eng/research/eng_research_caad/haghi/NetFPGA-PLUS/hw/lib/std/axis_fifo_v1_0_0/vivado.jou
#-----------------------------------------------------------
source axis_fifo.tcl
# set design axis_fifo
# set top axis_fifo
# set device $::env(DEVICE)
# set proj_dir ./ip_proj
# set ip_version 1.0
# set lib_name NetFPGA
# create_project -name ${design} -force -dir "./${proj_dir}" -part ${device} -ip
create_project: Time (s): cpu = 00:00:03 ; elapsed = 00:00:11 . Memory (MB): peak = 2452.695 ; gain = 2.023 ; free physical = 54035 ; free virtual = 165444
# set_property source_mgmt_mode All [current_project]  
# set_property top ${top} [current_fileset]
# set_property ip_repo_paths $::env(NFPLUS_FOLDER)/hw/lib/  [current_fileset]
# puts "Creating AXIS FIFO IP"
Creating AXIS FIFO IP
# update_ip_catalog
INFO: [IP_Flow 19-234] Refreshing IP repositories
INFO: [IP_Flow 19-1700] Loaded user IP repository '/ad/eng/research/eng_research_caad/haghi/NetFPGA-PLUS/hw/lib'.
WARNING: [IP_Flow 19-3656] If you move the project, the path for repository '/ad/eng/research/eng_research_caad/haghi/NetFPGA-PLUS/hw/lib' may become invalid. A better location for the repository would be in a path adjacent to the project. (Current project location is '/ad/eng/research/eng_research_caad/haghi/NetFPGA-PLUS/hw/lib/std/axis_fifo_v1_0_0/ip_proj'.)
INFO: [IP_Flow 19-2313] Loaded Vivado IP repository '/ad/eng/opt/Xilinx/Vivado/2020.2/data/ip'.
update_ip_catalog: Time (s): cpu = 00:00:01 ; elapsed = 00:00:11 . Memory (MB): peak = 2452.695 ; gain = 0.000 ; free physical = 54024 ; free virtual = 165433
# read_verilog "./hdl/axis_fifo.v"
# update_compile_order -fileset sources_1
# update_compile_order -fileset sim_1
# ipx::package_project
INFO: [IP_Flow 19-3899] Cannot get the environment domain name variable for the component vendor name. Setting the vendor name to 'user.org'.
INFO: [IP_Flow 19-1976] HDL Parser: Replacing 'L2_IFSM_STATES' by 1 for port or parameter 'ifsm_state'
INFO: [IP_Flow 19-1976] HDL Parser: Replacing 'L2_RFSM_STATES' by 1 for port or parameter 'rfsm_state'
INFO: [IP_Flow 19-5107] Inferred bus interface 'm_axis' of definition 'xilinx.com:interface:axis:1.0' (from Xilinx Repository).
INFO: [IP_Flow 19-5107] Inferred bus interface 's_axis' of definition 'xilinx.com:interface:axis:1.0' (from Xilinx Repository).
INFO: [IP_Flow 19-5107] Inferred bus interface 'axis_resetn' of definition 'xilinx.com:signal:reset:1.0' (from Xilinx Repository).
INFO: [IP_Flow 19-5107] Inferred bus interface 'axis_aclk' of definition 'xilinx.com:signal:clock:1.0' (from Xilinx Repository).
INFO: [IP_Flow 19-4728] Bus Interface 'axis_resetn': Added interface parameter 'POLARITY' with value 'ACTIVE_LOW'.
INFO: [IP_Flow 19-4728] Bus Interface 'axis_aclk': Added interface parameter 'ASSOCIATED_BUSIF' with value 'm_axis'.
INFO: [IP_Flow 19-4728] Bus Interface 'axis_aclk': Added interface parameter 'ASSOCIATED_RESET' with value 'axis_resetn'.
INFO: [IP_Flow 19-2181] Payment Required is not set for this core.
INFO: [IP_Flow 19-2187] The Product Guide file is missing.
# set_property name ${design} [ipx::current_core]
# set_property library ${lib_name} [ipx::current_core]
# set_property vendor_display_name {NetFPGA} [ipx::current_core]
# set_property company_url {http://www.netfpga.org} [ipx::current_core]
# set_property vendor {NetFPGA} [ipx::current_core]
# set_property supported_families {{virtexuplus} {Production} {virtexuplushbm} {Production}} [ipx::current_core]
# set_property taxonomy {{/NetFPGA/Generic}} [ipx::current_core]
# set_property version ${ip_version} [ipx::current_core]
# set_property display_name ${design} [ipx::current_core]
# set_property description ${design} [ipx::current_core]
# ipx::add_subcore NetFPGA:NetFPGA:fallthrough_small_fifo:1.0 [ipx::get_file_groups xilinx_anylanguagesynthesis -of_objects [ipx::current_core]]
# ipx::add_subcore NetFPGA:NetFPGA:fallthrough_small_fifo:1.0 [ipx::get_file_groups xilinx_anylanguagebehavioralsimulation -of_objects [ipx::current_core]]
# ipx::infer_user_parameters [ipx::current_core]
# ipx::add_user_parameter {C_AXIS_DATA_WIDTH} [ipx::current_core]
WARNING: command 'get_user_parameter' will be removed in the 2018.3 release, use 'get_user_parameters' instead
# set_property value_resolve_type {user} [ipx::get_user_parameter C_AXIS_DATA_WIDTH [ipx::current_core]]
WARNING: command 'get_user_parameter' will be removed in the 2018.3 release, use 'get_user_parameters' instead
# set_property display_name {C_AXIS_DATA_WIDTH} [ipx::get_user_parameter C_AXIS_DATA_WIDTH [ipx::current_core]]
WARNING: command 'get_user_parameter' will be removed in the 2018.3 release, use 'get_user_parameters' instead
# set_property value {64} [ipx::get_user_parameter C_AXIS_DATA_WIDTH [ipx::current_core]]
WARNING: command 'get_user_parameter' will be removed in the 2018.3 release, use 'get_user_parameters' instead
# set_property value_format {long} [ipx::get_user_parameter C_AXIS_DATA_WIDTH [ipx::current_core]]
# ipx::add_user_parameter {C_AXIS_TUSER_WIDTH} [ipx::current_core]
WARNING: command 'get_user_parameter' will be removed in the 2018.3 release, use 'get_user_parameters' instead
# set_property value_resolve_type {user} [ipx::get_user_parameter C_AXIS_TUSER_WIDTH [ipx::current_core]]
WARNING: command 'get_user_parameter' will be removed in the 2018.3 release, use 'get_user_parameters' instead
# set_property display_name {C_AXIS_TUSER_WIDTH} [ipx::get_user_parameter C_AXIS_TUSER_WIDTH [ipx::current_core]]
WARNING: command 'get_user_parameter' will be removed in the 2018.3 release, use 'get_user_parameters' instead
# set_property value {128} [ipx::get_user_parameter C_AXIS_TUSER_WIDTH [ipx::current_core]]
WARNING: command 'get_user_parameter' will be removed in the 2018.3 release, use 'get_user_parameters' instead
# set_property value_format {long} [ipx::get_user_parameter C_AXIS_TUSER_WIDTH [ipx::current_core]]
# ipx::check_integrity [ipx::current_core]
INFO: [IP_Flow 19-2181] Payment Required is not set for this core.
INFO: [IP_Flow 19-2187] The Product Guide file is missing.
INFO: [Ipptcl 7-1486] check_integrity: Integrity check passed.
# ipx::save_core [ipx::current_core]
# update_ip_catalog
INFO: [IP_Flow 19-1839] IP Catalog is up to date.
# close_project
# file delete -force ${proj_dir} 
INFO: [Common 17-206] Exiting Vivado at Thu Mar 10 19:39:06 2022...
