

================================================================
== Vitis HLS Report for 'krnl_mm2s'
================================================================
* Date:           Thu Aug 18 15:17:41 2022

* Version:        2021.2 (Build 3367213 on Tue Oct 19 02:47:39 MDT 2021)
* Project:        krnl_mm2s
* Solution:       solution (Vitis Kernel Flow Target)
* Product family: virtexuplus
* Target device:  xcu280-fsvh2892-2L-e


================================================================
== Performance Estimates
================================================================
+ Timing: 
    * Summary: 
    +--------+---------+----------+------------+
    |  Clock |  Target | Estimated| Uncertainty|
    +--------+---------+----------+------------+
    |ap_clk  |  3.33 ns|  2.433 ns|     0.90 ns|
    +--------+---------+----------+------------+

+ Latency: 
    * Summary: 
    +---------+---------+----------+----------+-----+-----+---------+
    |  Latency (cycles) |  Latency (absolute) |  Interval | Pipeline|
    |   min   |   max   |    min   |    max   | min | max |   Type  |
    +---------+---------+----------+----------+-----+-----+---------+
    |        ?|        ?|         ?|         ?|    ?|    ?|       no|
    +---------+---------+----------+----------+-----+-----+---------+

    + Detail: 
        * Instance: 
        +-----------------------------------------------+------------------------------------+---------+---------+----------+----------+-----+-----+---------+
        |                                               |                                    |  Latency (cycles) |  Latency (absolute) |  Interval | Pipeline|
        |                    Instance                   |               Module               |   min   |   max   |    min   |    max   | min | max |   Type  |
        +-----------------------------------------------+------------------------------------+---------+---------+----------+----------+-----+-----+---------+
        |grp_krnl_mm2s_Pipeline_VITIS_LOOP_69_1_fu_106  |krnl_mm2s_Pipeline_VITIS_LOOP_69_1  |        ?|        ?|         ?|         ?|    ?|    ?|       no|
        +-----------------------------------------------+------------------------------------+---------+---------+----------+----------+-----+-----+---------+

        * Loop: 
        N/A



================================================================
== Utilization Estimates
================================================================
* Summary: 
+---------------------+---------+------+---------+---------+-----+
|         Name        | BRAM_18K|  DSP |    FF   |   LUT   | URAM|
+---------------------+---------+------+---------+---------+-----+
|DSP                  |        -|     -|        -|        -|    -|
|Expression           |        -|     -|        0|       38|    -|
|FIFO                 |        -|     -|        -|        -|    -|
|Instance             |       30|     -|     3839|     3968|    0|
|Memory               |        -|     -|        -|        -|    -|
|Multiplexer          |        -|     -|        -|       53|    -|
|Register             |        -|     -|      200|        -|    -|
+---------------------+---------+------+---------+---------+-----+
|Total                |       30|     0|     4039|     4059|    0|
+---------------------+---------+------+---------+---------+-----+
|Available SLR        |     1344|  3008|   869120|   434560|  320|
+---------------------+---------+------+---------+---------+-----+
|Utilization SLR (%)  |        2|     0|       ~0|       ~0|    0|
+---------------------+---------+------+---------+---------+-----+
|Available            |     4032|  9024|  2607360|  1303680|  960|
+---------------------+---------+------+---------+---------+-----+
|Utilization (%)      |       ~0|     0|       ~0|       ~0|    0|
+---------------------+---------+------+---------+---------+-----+

+ Detail: 
    * Instance: 
    +-----------------------------------------------+------------------------------------+---------+----+------+------+-----+
    |                    Instance                   |               Module               | BRAM_18K| DSP|  FF  |  LUT | URAM|
    +-----------------------------------------------+------------------------------------+---------+----+------+------+-----+
    |control_s_axi_U                                |control_s_axi                       |        0|   0|   189|   298|    0|
    |gmem_m_axi_U                                   |gmem_m_axi                          |       30|   0|  1415|  1585|    0|
    |grp_krnl_mm2s_Pipeline_VITIS_LOOP_69_1_fu_106  |krnl_mm2s_Pipeline_VITIS_LOOP_69_1  |        0|   0|  2235|  2085|    0|
    +-----------------------------------------------+------------------------------------+---------+----+------+------+-----+
    |Total                                          |                                    |       30|   0|  3839|  3968|    0|
    +-----------------------------------------------+------------------------------------+---------+----+------+------+-----+

    * DSP: 
    N/A

    * Memory: 
    N/A

    * FIFO: 
    N/A

    * Expression: 
    +----------------------------------------------------------+----------+----+---+----+------------+------------+
    |                       Variable Name                      | Operation| DSP| FF| LUT| Bitwidth P0| Bitwidth P1|
    +----------------------------------------------------------+----------+----+---+----+------------+------------+
    |sub_fu_146_p2                                             |         +|   0|  0|  34|          27|           2|
    |grp_krnl_mm2s_Pipeline_VITIS_LOOP_69_1_fu_106_k2n_TREADY  |       and|   0|  0|   2|           1|           1|
    |ap_block_state1                                           |        or|   0|  0|   2|           1|           1|
    +----------------------------------------------------------+----------+----+---+----+------------+------------+
    |Total                                                     |          |   0|  0|  38|          29|           4|
    +----------------------------------------------------------+----------+----+---+----+------------+------------+

    * Multiplexer: 
    +--------------+----+-----------+-----+-----------+
    |     Name     | LUT| Input Size| Bits| Total Bits|
    +--------------+----+-----------+-----+-----------+
    |ap_NS_fsm     |  26|          5|    1|          5|
    |ap_done       |   9|          2|    1|          2|
    |gmem_ARVALID  |   9|          2|    1|          2|
    |gmem_RREADY   |   9|          2|    1|          2|
    +--------------+----+-----------+-----+-----------+
    |Total         |  53|         11|    4|         11|
    +--------------+----+-----------+-----+-----------+

    * Register: 
    +------------------------------------------------------------+----+----+-----+-----------+
    |                            Name                            | FF | LUT| Bits| Const Bits|
    +------------------------------------------------------------+----+----+-----+-----------+
    |ap_CS_fsm                                                   |   4|   0|    4|          0|
    |ap_done_reg                                                 |   1|   0|    1|          0|
    |ap_rst_n_inv                                                |   1|   0|    1|          0|
    |ap_rst_reg_1                                                |   1|   0|    1|          0|
    |ap_rst_reg_2                                                |   1|   0|    1|          0|
    |div_cast_reg_171                                            |  26|   0|   26|          0|
    |empty_reg_182                                               |  16|   0|   16|          0|
    |grp_krnl_mm2s_Pipeline_VITIS_LOOP_69_1_fu_106_ap_start_reg  |   1|   0|    1|          0|
    |in_r_read_reg_166                                           |  64|   0|   64|          0|
    |sub_reg_177                                                 |  27|   0|   27|          0|
    |trunc_ln72_1_reg_187                                        |  58|   0|   58|          0|
    +------------------------------------------------------------+----+----+-----+-----------+
    |Total                                                       | 200|   0|  200|          0|
    +------------------------------------------------------------+----+----+-----+-----------+



================================================================
== Interface
================================================================
* Summary: 
+-----------------------+-----+-----+---------------+--------------+--------------+
|       RTL Ports       | Dir | Bits|    Protocol   | Source Object|    C Type    |
+-----------------------+-----+-----+---------------+--------------+--------------+
|s_axi_control_AWVALID  |   in|    1|          s_axi|       control|        scalar|
|s_axi_control_AWREADY  |  out|    1|          s_axi|       control|        scalar|
|s_axi_control_AWADDR   |   in|    6|          s_axi|       control|        scalar|
|s_axi_control_WVALID   |   in|    1|          s_axi|       control|        scalar|
|s_axi_control_WREADY   |  out|    1|          s_axi|       control|        scalar|
|s_axi_control_WDATA    |   in|   32|          s_axi|       control|        scalar|
|s_axi_control_WSTRB    |   in|    4|          s_axi|       control|        scalar|
|s_axi_control_ARVALID  |   in|    1|          s_axi|       control|        scalar|
|s_axi_control_ARREADY  |  out|    1|          s_axi|       control|        scalar|
|s_axi_control_ARADDR   |   in|    6|          s_axi|       control|        scalar|
|s_axi_control_RVALID   |  out|    1|          s_axi|       control|        scalar|
|s_axi_control_RREADY   |   in|    1|          s_axi|       control|        scalar|
|s_axi_control_RDATA    |  out|   32|          s_axi|       control|        scalar|
|s_axi_control_RRESP    |  out|    2|          s_axi|       control|        scalar|
|s_axi_control_BVALID   |  out|    1|          s_axi|       control|        scalar|
|s_axi_control_BREADY   |   in|    1|          s_axi|       control|        scalar|
|s_axi_control_BRESP    |  out|    2|          s_axi|       control|        scalar|
|ap_local_block         |  out|    1|  ap_ctrl_chain|     krnl_mm2s|  return value|
|ap_clk                 |   in|    1|  ap_ctrl_chain|     krnl_mm2s|  return value|
|ap_rst_n               |   in|    1|  ap_ctrl_chain|     krnl_mm2s|  return value|
|interrupt              |  out|    1|  ap_ctrl_chain|     krnl_mm2s|  return value|
|m_axi_gmem_AWVALID     |  out|    1|          m_axi|          gmem|       pointer|
|m_axi_gmem_AWREADY     |   in|    1|          m_axi|          gmem|       pointer|
|m_axi_gmem_AWADDR      |  out|   64|          m_axi|          gmem|       pointer|
|m_axi_gmem_AWID        |  out|    1|          m_axi|          gmem|       pointer|
|m_axi_gmem_AWLEN       |  out|    8|          m_axi|          gmem|       pointer|
|m_axi_gmem_AWSIZE      |  out|    3|          m_axi|          gmem|       pointer|
|m_axi_gmem_AWBURST     |  out|    2|          m_axi|          gmem|       pointer|
|m_axi_gmem_AWLOCK      |  out|    2|          m_axi|          gmem|       pointer|
|m_axi_gmem_AWCACHE     |  out|    4|          m_axi|          gmem|       pointer|
|m_axi_gmem_AWPROT      |  out|    3|          m_axi|          gmem|       pointer|
|m_axi_gmem_AWQOS       |  out|    4|          m_axi|          gmem|       pointer|
|m_axi_gmem_AWREGION    |  out|    4|          m_axi|          gmem|       pointer|
|m_axi_gmem_AWUSER      |  out|    1|          m_axi|          gmem|       pointer|
|m_axi_gmem_WVALID      |  out|    1|          m_axi|          gmem|       pointer|
|m_axi_gmem_WREADY      |   in|    1|          m_axi|          gmem|       pointer|
|m_axi_gmem_WDATA       |  out|  512|          m_axi|          gmem|       pointer|
|m_axi_gmem_WSTRB       |  out|   64|          m_axi|          gmem|       pointer|
|m_axi_gmem_WLAST       |  out|    1|          m_axi|          gmem|       pointer|
|m_axi_gmem_WID         |  out|    1|          m_axi|          gmem|       pointer|
|m_axi_gmem_WUSER       |  out|    1|          m_axi|          gmem|       pointer|
|m_axi_gmem_ARVALID     |  out|    1|          m_axi|          gmem|       pointer|
|m_axi_gmem_ARREADY     |   in|    1|          m_axi|          gmem|       pointer|
|m_axi_gmem_ARADDR      |  out|   64|          m_axi|          gmem|       pointer|
|m_axi_gmem_ARID        |  out|    1|          m_axi|          gmem|       pointer|
|m_axi_gmem_ARLEN       |  out|    8|          m_axi|          gmem|       pointer|
|m_axi_gmem_ARSIZE      |  out|    3|          m_axi|          gmem|       pointer|
|m_axi_gmem_ARBURST     |  out|    2|          m_axi|          gmem|       pointer|
|m_axi_gmem_ARLOCK      |  out|    2|          m_axi|          gmem|       pointer|
|m_axi_gmem_ARCACHE     |  out|    4|          m_axi|          gmem|       pointer|
|m_axi_gmem_ARPROT      |  out|    3|          m_axi|          gmem|       pointer|
|m_axi_gmem_ARQOS       |  out|    4|          m_axi|          gmem|       pointer|
|m_axi_gmem_ARREGION    |  out|    4|          m_axi|          gmem|       pointer|
|m_axi_gmem_ARUSER      |  out|    1|          m_axi|          gmem|       pointer|
|m_axi_gmem_RVALID      |   in|    1|          m_axi|          gmem|       pointer|
|m_axi_gmem_RREADY      |  out|    1|          m_axi|          gmem|       pointer|
|m_axi_gmem_RDATA       |   in|  512|          m_axi|          gmem|       pointer|
|m_axi_gmem_RLAST       |   in|    1|          m_axi|          gmem|       pointer|
|m_axi_gmem_RID         |   in|    1|          m_axi|          gmem|       pointer|
|m_axi_gmem_RUSER       |   in|    1|          m_axi|          gmem|       pointer|
|m_axi_gmem_RRESP       |   in|    2|          m_axi|          gmem|       pointer|
|m_axi_gmem_BVALID      |   in|    1|          m_axi|          gmem|       pointer|
|m_axi_gmem_BREADY      |  out|    1|          m_axi|          gmem|       pointer|
|m_axi_gmem_BRESP       |   in|    2|          m_axi|          gmem|       pointer|
|m_axi_gmem_BID         |   in|    1|          m_axi|          gmem|       pointer|
|m_axi_gmem_BUSER       |   in|    1|          m_axi|          gmem|       pointer|
|k2n_TDATA              |  out|  512|           axis|  k2n_V_data_V|       pointer|
|k2n_TVALID             |  out|    1|           axis|  k2n_V_dest_V|       pointer|
|k2n_TREADY             |   in|    1|           axis|  k2n_V_dest_V|       pointer|
|k2n_TDEST              |  out|   16|           axis|  k2n_V_dest_V|       pointer|
|k2n_TKEEP              |  out|   64|           axis|  k2n_V_keep_V|       pointer|
|k2n_TSTRB              |  out|   64|           axis|  k2n_V_strb_V|       pointer|
|k2n_TUSER              |  out|    1|           axis|  k2n_V_user_V|       pointer|
|k2n_TLAST              |  out|    1|           axis|  k2n_V_last_V|       pointer|
|k2n_TID                |  out|    1|           axis|    k2n_V_id_V|       pointer|
+-----------------------+-----+-----+---------------+--------------+--------------+

