

================================================================
== Vitis HLS Report for 'krnl_mm2s_Pipeline_VITIS_LOOP_69_1'
================================================================
* Date:           Thu Aug 18 15:17:41 2022

* Version:        2021.2 (Build 3367213 on Tue Oct 19 02:47:39 MDT 2021)
* Project:        krnl_mm2s
* Solution:       solution (Vitis Kernel Flow Target)
* Product family: virtexuplus
* Target device:  xcu280-fsvh2892-2L-e


================================================================
== Performance Estimates
================================================================
+ Timing: 
    * Summary: 
    +--------+---------+----------+------------+
    |  Clock |  Target | Estimated| Uncertainty|
    +--------+---------+----------+------------+
    |ap_clk  |  3.33 ns|  2.433 ns|     0.90 ns|
    +--------+---------+----------+------------+

+ Latency: 
    * Summary: 
    +---------+---------+----------+----------+-----+-----+---------+
    |  Latency (cycles) |  Latency (absolute) |  Interval | Pipeline|
    |   min   |   max   |    min   |    max   | min | max |   Type  |
    +---------+---------+----------+----------+-----+-----+---------+
    |        ?|        ?|         ?|         ?|    ?|    ?|       no|
    +---------+---------+----------+----------+-----+-----+---------+

    + Detail: 
        * Instance: 
        N/A

        * Loop: 
        +-------------------+---------+---------+----------+-----------+-----------+------+----------+
        |                   |  Latency (cycles) | Iteration|  Initiation Interval  | Trip |          |
        |     Loop Name     |   min   |   max   |  Latency |  achieved |   target  | Count| Pipelined|
        +-------------------+---------+---------+----------+-----------+-----------+------+----------+
        |- VITIS_LOOP_69_1  |        ?|        ?|        33|          1|          1|     ?|       yes|
        +-------------------+---------+---------+----------+-----------+-----------+------+----------+



================================================================
== Utilization Estimates
================================================================
* Summary: 
+---------------------+---------+------+---------+---------+-----+
|         Name        | BRAM_18K|  DSP |    FF   |   LUT   | URAM|
+---------------------+---------+------+---------+---------+-----+
|DSP                  |        -|     -|        -|        -|    -|
|Expression           |        -|     -|        0|      125|    -|
|FIFO                 |        -|     -|        -|        -|    -|
|Instance             |        -|     -|     1974|     1497|    -|
|Memory               |        -|     -|        -|        -|    -|
|Multiplexer          |        -|     -|        -|      399|    -|
|Register             |        -|     -|      261|       64|    -|
+---------------------+---------+------+---------+---------+-----+
|Total                |        0|     0|     2235|     2085|    0|
+---------------------+---------+------+---------+---------+-----+
|Available SLR        |     1344|  3008|   869120|   434560|  320|
+---------------------+---------+------+---------+---------+-----+
|Utilization SLR (%)  |        0|     0|       ~0|       ~0|    0|
+---------------------+---------+------+---------+---------+-----+
|Available            |     4032|  9024|  2607360|  1303680|  960|
+---------------------+---------+------+---------+---------+-----+
|Utilization (%)      |        0|     0|       ~0|       ~0|    0|
+---------------------+---------+------+---------+---------+-----+

+ Detail: 
    * Instance: 
    +---------------------------+------------------------+---------+----+------+------+-----+
    |          Instance         |         Module         | BRAM_18K| DSP|  FF  |  LUT | URAM|
    +---------------------------+------------------------+---------+----+------+------+-----+
    |urem_29ns_12ns_11_33_1_U1  |urem_29ns_12ns_11_33_1  |        0|   0|  1974|  1497|    0|
    +---------------------------+------------------------+---------+----+------+------+-----+
    |Total                      |                        |        0|   0|  1974|  1497|    0|
    +---------------------------+------------------------+---------+----+------+------+-----+

    * DSP: 
    N/A

    * Memory: 
    N/A

    * FIFO: 
    N/A

    * Expression: 
    +-------------------------------------+----------+----+---+----+------------+------------+
    |            Variable Name            | Operation| DSP| FF| LUT| Bitwidth P0| Bitwidth P1|
    +-------------------------------------+----------+----+---+----+------------+------------+
    |add_ln69_fu_238_p2                   |         +|   0|  0|  33|          26|           1|
    |add_ln78_fu_265_p2                   |         +|   0|  0|  39|          32|          10|
    |ap_block_pp0_stage0_01001            |       and|   0|  0|   2|           1|           1|
    |icmp_ln69_fu_233_p2                  |      icmp|   0|  0|  17|          26|          26|
    |icmp_ln78_1_fu_296_p2                |      icmp|   0|  0|  11|          11|           1|
    |icmp_ln78_fu_248_p2                  |      icmp|   0|  0|  17|          27|          27|
    |ap_block_state103_pp0_stage0_iter32  |        or|   0|  0|   2|           1|           1|
    |ap_enable_pp0                        |       xor|   0|  0|   2|           1|           2|
    |ap_enable_reg_pp0_iter1              |       xor|   0|  0|   2|           2|           1|
    +-------------------------------------+----------+----+---+----+------------+------------+
    |Total                                |          |   0|  0| 125|         127|          70|
    +-------------------------------------+----------+----+---+----+------------+------------+

    * Multiplexer: 
    +-----------------------------------+-----+-----------+-----+-----------+
    |                Name               | LUT | Input Size| Bits| Total Bits|
    +-----------------------------------+-----+-----------+-----+-----------+
    |ap_NS_fsm                          |  331|         73|    1|         73|
    |ap_enable_reg_pp0_iter1            |    9|          2|    1|          2|
    |ap_enable_reg_pp0_iter32           |    9|          2|    1|          2|
    |ap_phi_mux_v_last_V_phi_fu_200_p4  |   14|          3|    1|          3|
    |gmem_blk_n_AR                      |    9|          2|    1|          2|
    |gmem_blk_n_R                       |    9|          2|    1|          2|
    |i_fu_116                           |    9|          2|   26|         52|
    |k2n_TDATA_blk_n                    |    9|          2|    1|          2|
    +-----------------------------------+-----+-----------+-----+-----------+
    |Total                              |  399|         88|   33|        138|
    +-----------------------------------+-----+-----------+-----+-----------+

    * Register: 
    +--------------------------+----+----+-----+-----------+
    |           Name           | FF | LUT| Bits| Const Bits|
    +--------------------------+----+----+-----+-----------+
    |ap_CS_fsm                 |  72|   0|   72|          0|
    |ap_enable_reg_pp0_iter0   |   1|   0|    1|          0|
    |ap_enable_reg_pp0_iter1   |   1|   0|    1|          0|
    |ap_enable_reg_pp0_iter10  |   1|   0|    1|          0|
    |ap_enable_reg_pp0_iter11  |   1|   0|    1|          0|
    |ap_enable_reg_pp0_iter12  |   1|   0|    1|          0|
    |ap_enable_reg_pp0_iter13  |   1|   0|    1|          0|
    |ap_enable_reg_pp0_iter14  |   1|   0|    1|          0|
    |ap_enable_reg_pp0_iter15  |   1|   0|    1|          0|
    |ap_enable_reg_pp0_iter16  |   1|   0|    1|          0|
    |ap_enable_reg_pp0_iter17  |   1|   0|    1|          0|
    |ap_enable_reg_pp0_iter18  |   1|   0|    1|          0|
    |ap_enable_reg_pp0_iter19  |   1|   0|    1|          0|
    |ap_enable_reg_pp0_iter2   |   1|   0|    1|          0|
    |ap_enable_reg_pp0_iter20  |   1|   0|    1|          0|
    |ap_enable_reg_pp0_iter21  |   1|   0|    1|          0|
    |ap_enable_reg_pp0_iter22  |   1|   0|    1|          0|
    |ap_enable_reg_pp0_iter23  |   1|   0|    1|          0|
    |ap_enable_reg_pp0_iter24  |   1|   0|    1|          0|
    |ap_enable_reg_pp0_iter25  |   1|   0|    1|          0|
    |ap_enable_reg_pp0_iter26  |   1|   0|    1|          0|
    |ap_enable_reg_pp0_iter27  |   1|   0|    1|          0|
    |ap_enable_reg_pp0_iter28  |   1|   0|    1|          0|
    |ap_enable_reg_pp0_iter29  |   1|   0|    1|          0|
    |ap_enable_reg_pp0_iter3   |   1|   0|    1|          0|
    |ap_enable_reg_pp0_iter30  |   1|   0|    1|          0|
    |ap_enable_reg_pp0_iter31  |   1|   0|    1|          0|
    |ap_enable_reg_pp0_iter32  |   1|   0|    1|          0|
    |ap_enable_reg_pp0_iter4   |   1|   0|    1|          0|
    |ap_enable_reg_pp0_iter5   |   1|   0|    1|          0|
    |ap_enable_reg_pp0_iter6   |   1|   0|    1|          0|
    |ap_enable_reg_pp0_iter7   |   1|   0|    1|          0|
    |ap_enable_reg_pp0_iter8   |   1|   0|    1|          0|
    |ap_enable_reg_pp0_iter9   |   1|   0|    1|          0|
    |i_fu_116                  |  26|   0|   26|          0|
    |icmp_ln69_reg_335         |   1|   0|    1|          0|
    |icmp_ln78_reg_339         |   1|   0|    1|          0|
    |icmp_ln69_reg_335         |  64|  32|    1|          0|
    |icmp_ln78_reg_339         |  64|  32|    1|          0|
    +--------------------------+----+----+-----+-----------+
    |Total                     | 261|  64|  135|          0|
    +--------------------------+----+----+-----+-----------+



================================================================
== Interface
================================================================
* Summary: 
+---------------------+-----+-----+------------+------------------------------------+--------------+
|      RTL Ports      | Dir | Bits|  Protocol  |            Source Object           |    C Type    |
+---------------------+-----+-----+------------+------------------------------------+--------------+
|ap_clk               |   in|    1|  ap_ctrl_hs|  krnl_mm2s_Pipeline_VITIS_LOOP_69_1|  return value|
|ap_rst               |   in|    1|  ap_ctrl_hs|  krnl_mm2s_Pipeline_VITIS_LOOP_69_1|  return value|
|ap_start             |   in|    1|  ap_ctrl_hs|  krnl_mm2s_Pipeline_VITIS_LOOP_69_1|  return value|
|ap_done              |  out|    1|  ap_ctrl_hs|  krnl_mm2s_Pipeline_VITIS_LOOP_69_1|  return value|
|ap_idle              |  out|    1|  ap_ctrl_hs|  krnl_mm2s_Pipeline_VITIS_LOOP_69_1|  return value|
|ap_ready             |  out|    1|  ap_ctrl_hs|  krnl_mm2s_Pipeline_VITIS_LOOP_69_1|  return value|
|m_axi_gmem_AWVALID   |  out|    1|       m_axi|                                gmem|       pointer|
|m_axi_gmem_AWREADY   |   in|    1|       m_axi|                                gmem|       pointer|
|m_axi_gmem_AWADDR    |  out|   64|       m_axi|                                gmem|       pointer|
|m_axi_gmem_AWID      |  out|    1|       m_axi|                                gmem|       pointer|
|m_axi_gmem_AWLEN     |  out|   32|       m_axi|                                gmem|       pointer|
|m_axi_gmem_AWSIZE    |  out|    3|       m_axi|                                gmem|       pointer|
|m_axi_gmem_AWBURST   |  out|    2|       m_axi|                                gmem|       pointer|
|m_axi_gmem_AWLOCK    |  out|    2|       m_axi|                                gmem|       pointer|
|m_axi_gmem_AWCACHE   |  out|    4|       m_axi|                                gmem|       pointer|
|m_axi_gmem_AWPROT    |  out|    3|       m_axi|                                gmem|       pointer|
|m_axi_gmem_AWQOS     |  out|    4|       m_axi|                                gmem|       pointer|
|m_axi_gmem_AWREGION  |  out|    4|       m_axi|                                gmem|       pointer|
|m_axi_gmem_AWUSER    |  out|    1|       m_axi|                                gmem|       pointer|
|m_axi_gmem_WVALID    |  out|    1|       m_axi|                                gmem|       pointer|
|m_axi_gmem_WREADY    |   in|    1|       m_axi|                                gmem|       pointer|
|m_axi_gmem_WDATA     |  out|  512|       m_axi|                                gmem|       pointer|
|m_axi_gmem_WSTRB     |  out|   64|       m_axi|                                gmem|       pointer|
|m_axi_gmem_WLAST     |  out|    1|       m_axi|                                gmem|       pointer|
|m_axi_gmem_WID       |  out|    1|       m_axi|                                gmem|       pointer|
|m_axi_gmem_WUSER     |  out|    1|       m_axi|                                gmem|       pointer|
|m_axi_gmem_ARVALID   |  out|    1|       m_axi|                                gmem|       pointer|
|m_axi_gmem_ARREADY   |   in|    1|       m_axi|                                gmem|       pointer|
|m_axi_gmem_ARADDR    |  out|   64|       m_axi|                                gmem|       pointer|
|m_axi_gmem_ARID      |  out|    1|       m_axi|                                gmem|       pointer|
|m_axi_gmem_ARLEN     |  out|   32|       m_axi|                                gmem|       pointer|
|m_axi_gmem_ARSIZE    |  out|    3|       m_axi|                                gmem|       pointer|
|m_axi_gmem_ARBURST   |  out|    2|       m_axi|                                gmem|       pointer|
|m_axi_gmem_ARLOCK    |  out|    2|       m_axi|                                gmem|       pointer|
|m_axi_gmem_ARCACHE   |  out|    4|       m_axi|                                gmem|       pointer|
|m_axi_gmem_ARPROT    |  out|    3|       m_axi|                                gmem|       pointer|
|m_axi_gmem_ARQOS     |  out|    4|       m_axi|                                gmem|       pointer|
|m_axi_gmem_ARREGION  |  out|    4|       m_axi|                                gmem|       pointer|
|m_axi_gmem_ARUSER    |  out|    1|       m_axi|                                gmem|       pointer|
|m_axi_gmem_RVALID    |   in|    1|       m_axi|                                gmem|       pointer|
|m_axi_gmem_RREADY    |  out|    1|       m_axi|                                gmem|       pointer|
|m_axi_gmem_RDATA     |   in|  512|       m_axi|                                gmem|       pointer|
|m_axi_gmem_RLAST     |   in|    1|       m_axi|                                gmem|       pointer|
|m_axi_gmem_RID       |   in|    1|       m_axi|                                gmem|       pointer|
|m_axi_gmem_RFIFONUM  |   in|    9|       m_axi|                                gmem|       pointer|
|m_axi_gmem_RUSER     |   in|    1|       m_axi|                                gmem|       pointer|
|m_axi_gmem_RRESP     |   in|    2|       m_axi|                                gmem|       pointer|
|m_axi_gmem_BVALID    |   in|    1|       m_axi|                                gmem|       pointer|
|m_axi_gmem_BREADY    |  out|    1|       m_axi|                                gmem|       pointer|
|m_axi_gmem_BRESP     |   in|    2|       m_axi|                                gmem|       pointer|
|m_axi_gmem_BID       |   in|    1|       m_axi|                                gmem|       pointer|
|m_axi_gmem_BUSER     |   in|    1|       m_axi|                                gmem|       pointer|
|sext_ln72_1          |   in|   58|     ap_none|                         sext_ln72_1|        scalar|
|div_cast             |   in|   26|     ap_none|                            div_cast|        scalar|
|v_dest_V             |   in|   16|     ap_none|                            v_dest_V|        scalar|
|k2n_TDATA            |  out|  512|        axis|                        k2n_V_data_V|       pointer|
|k2n_TREADY           |   in|    1|        axis|                        k2n_V_data_V|       pointer|
|k2n_TVALID           |  out|    1|        axis|                        k2n_V_dest_V|       pointer|
|k2n_TDEST            |  out|   16|        axis|                        k2n_V_dest_V|       pointer|
|k2n_TKEEP            |  out|   64|        axis|                        k2n_V_keep_V|       pointer|
|k2n_TSTRB            |  out|   64|        axis|                        k2n_V_strb_V|       pointer|
|k2n_TUSER            |  out|    1|        axis|                        k2n_V_user_V|       pointer|
|k2n_TLAST            |  out|    1|        axis|                        k2n_V_last_V|       pointer|
|k2n_TID              |  out|    1|        axis|                          k2n_V_id_V|       pointer|
|in_r                 |   in|   64|     ap_none|                                in_r|        scalar|
|empty                |   in|   26|     ap_none|                               empty|        scalar|
|sub                  |   in|   27|     ap_none|                                 sub|        scalar|
+---------------------+-----+-----+------------+------------------------------------+--------------+

