

================================================================
== Vitis HLS Report for 'krnl_mm2s_Pipeline_VITIS_LOOP_69_1'
================================================================
* Date:           Wed Aug 17 12:21:51 2022

* Version:        2021.2 (Build 3367213 on Tue Oct 19 02:47:39 MDT 2021)
* Project:        krnl_mm2s
* Solution:       solution (Vitis Kernel Flow Target)
* Product family: virtexuplus
* Target device:  xcu280-fsvh2892-2L-e


================================================================
== Performance Estimates
================================================================
+ Timing: 
    * Summary: 
    +--------+---------+----------+------------+
    |  Clock |  Target | Estimated| Uncertainty|
    +--------+---------+----------+------------+
    |ap_clk  |  3.33 ns|  2.433 ns|     0.90 ns|
    +--------+---------+----------+------------+

+ Latency: 
    * Summary: 
    +---------+---------+----------+----------+-----+-----+---------+
    |  Latency (cycles) |  Latency (absolute) |  Interval | Pipeline|
    |   min   |   max   |    min   |    max   | min | max |   Type  |
    +---------+---------+----------+----------+-----+-----+---------+
    |        ?|        ?|         ?|         ?|    ?|    ?|       no|
    +---------+---------+----------+----------+-----+-----+---------+

    + Detail: 
        * Instance: 
        N/A

        * Loop: 
        +-------------------+---------+---------+----------+-----------+-----------+------+----------+
        |                   |  Latency (cycles) | Iteration|  Initiation Interval  | Trip |          |
        |     Loop Name     |   min   |   max   |  Latency |  achieved |   target  | Count| Pipelined|
        +-------------------+---------+---------+----------+-----------+-----------+------+----------+
        |- VITIS_LOOP_69_1  |        ?|        ?|        33|          1|          1|     ?|       yes|
        +-------------------+---------+---------+----------+-----------+-----------+------+----------+

============================================================
+ Verbose Summary: Synthesis Manager
============================================================
InlineROM: 1
ExposeGlobal: 0
============================================================
+ Verbose Summary: CDFG Model
============================================================
IsTopModel: 0
ResetActiveHigh: 1
IsCombinational: 0
IsDatapathOnly: 0
HasWiredReturn: 1
HasMFsm: 2
HasVarLatency: 1
IsPipeline: 0
IsRtlPipelined: 0
IsInstanceOverlapped: 0
IsDontTouch: 0
HasImplIP: 0
IsGatedGlobalClock: 0

+ Individual pipeline summary: 
  * Pipeline-0: initiation interval (II) = 1, depth = 33


============================================================
+ Verbose Summary: Schedule
============================================================
* Number of FSM states : 104
* Pipeline : 1
  Pipeline-0 : II = 1, D = 33, States = { 71 72 73 74 75 76 77 78 79 80 81 82 83 84 85 86 87 88 89 90 91 92 93 94 95 96 97 98 99 100 101 102 103 }
* Dataflow Pipeline: 0

* FSM state transitions: 
1 --> 2 
2 --> 3 
3 --> 4 
4 --> 5 
5 --> 6 
6 --> 7 
7 --> 8 
8 --> 9 
9 --> 10 
10 --> 11 
11 --> 12 
12 --> 13 
13 --> 14 
14 --> 15 
15 --> 16 
16 --> 17 
17 --> 18 
18 --> 19 
19 --> 20 
20 --> 21 
21 --> 22 
22 --> 23 
23 --> 24 
24 --> 25 
25 --> 26 
26 --> 27 
27 --> 28 
28 --> 29 
29 --> 30 
30 --> 31 
31 --> 32 
32 --> 33 
33 --> 34 
34 --> 35 
35 --> 36 
36 --> 37 
37 --> 38 
38 --> 39 
39 --> 40 
40 --> 41 
41 --> 42 
42 --> 43 
43 --> 44 
44 --> 45 
45 --> 46 
46 --> 47 
47 --> 48 
48 --> 49 
49 --> 50 
50 --> 51 
51 --> 52 
52 --> 53 
53 --> 54 
54 --> 55 
55 --> 56 
56 --> 57 
57 --> 58 
58 --> 59 
59 --> 60 
60 --> 61 
61 --> 62 
62 --> 63 
63 --> 64 
64 --> 65 
65 --> 66 
66 --> 67 
67 --> 68 
68 --> 69 
69 --> 70 
70 --> 71 
71 --> 104 72 
72 --> 73 
73 --> 74 
74 --> 75 
75 --> 76 
76 --> 77 
77 --> 78 
78 --> 79 
79 --> 80 
80 --> 81 
81 --> 82 
82 --> 83 
83 --> 84 
84 --> 85 
85 --> 86 
86 --> 87 
87 --> 88 
88 --> 89 
89 --> 90 
90 --> 91 
91 --> 92 
92 --> 93 
93 --> 94 
94 --> 95 
95 --> 96 
96 --> 97 
97 --> 98 
98 --> 99 
99 --> 100 
100 --> 101 
101 --> 102 
102 --> 103 
103 --> 71 
104 --> 

* FSM state operations: 

State 1 <SV = 0> <Delay = 2.43>
ST_1 : Operation 105 [1/1] (0.00ns)   --->   "%i = alloca i32 1"   --->   Operation 105 'alloca' 'i' <Predicate = true> <Delay = 0.00>
ST_1 : Operation 106 [1/1] (0.00ns)   --->   "%tmp = read i26 @_ssdm_op_Read.ap_auto.i26, i26 %empty"   --->   Operation 106 'read' 'tmp' <Predicate = true> <Delay = 0.00>
ST_1 : Operation 107 [1/1] (0.00ns)   --->   "%sext_ln72_1_read = read i58 @_ssdm_op_Read.ap_auto.i58, i58 %sext_ln72_1"   --->   Operation 107 'read' 'sext_ln72_1_read' <Predicate = true> <Delay = 0.00>
ST_1 : Operation 108 [1/1] (0.00ns)   --->   "%p_cast = zext i26 %tmp"   --->   Operation 108 'zext' 'p_cast' <Predicate = true> <Delay = 0.00>
ST_1 : Operation 109 [1/1] (0.00ns)   --->   "%sext_ln72_1_cast = sext i58 %sext_ln72_1_read"   --->   Operation 109 'sext' 'sext_ln72_1_cast' <Predicate = true> <Delay = 0.00>
ST_1 : Operation 110 [1/1] (0.00ns)   --->   "%gmem_addr = getelementptr i512 %gmem, i64 %sext_ln72_1_cast" [/home/Will/Documents/Research-Files/G-FPin_HW/Vitis/Basic_kernels/src/krnl_mm2s.cpp:72]   --->   Operation 110 'getelementptr' 'gmem_addr' <Predicate = true> <Delay = 0.00>
ST_1 : Operation 111 [70/70] (2.43ns)   --->   "%p_rd_req = readreq i1 @_ssdm_op_ReadReq.m_axi.i512P1A, i512 %gmem_addr, i32 %p_cast" [/home/Will/Documents/Research-Files/G-FPin_HW/Vitis/Basic_kernels/src/krnl_mm2s.cpp:72]   --->   Operation 111 'readreq' 'p_rd_req' <Predicate = true> <Delay = 2.43> <CoreInst = "m_axi">   --->   Core 121 'm_axi' <Latency = 5> <II = 1> <Delay = 1.00> <Adapter> <Opcode : 'read' 'write' 'readreq' 'writereq' 'writeresp'>
ST_1 : Operation 112 [1/1] (0.38ns)   --->   "%store_ln0 = store i26 0, i26 %i"   --->   Operation 112 'store' 'store_ln0' <Predicate = true> <Delay = 0.38>

State 2 <SV = 1> <Delay = 2.43>
ST_2 : Operation 113 [69/70] (2.43ns)   --->   "%p_rd_req = readreq i1 @_ssdm_op_ReadReq.m_axi.i512P1A, i512 %gmem_addr, i32 %p_cast" [/home/Will/Documents/Research-Files/G-FPin_HW/Vitis/Basic_kernels/src/krnl_mm2s.cpp:72]   --->   Operation 113 'readreq' 'p_rd_req' <Predicate = true> <Delay = 2.43> <CoreInst = "m_axi">   --->   Core 121 'm_axi' <Latency = 5> <II = 1> <Delay = 1.00> <Adapter> <Opcode : 'read' 'write' 'readreq' 'writereq' 'writeresp'>

State 3 <SV = 2> <Delay = 2.43>
ST_3 : Operation 114 [68/70] (2.43ns)   --->   "%p_rd_req = readreq i1 @_ssdm_op_ReadReq.m_axi.i512P1A, i512 %gmem_addr, i32 %p_cast" [/home/Will/Documents/Research-Files/G-FPin_HW/Vitis/Basic_kernels/src/krnl_mm2s.cpp:72]   --->   Operation 114 'readreq' 'p_rd_req' <Predicate = true> <Delay = 2.43> <CoreInst = "m_axi">   --->   Core 121 'm_axi' <Latency = 5> <II = 1> <Delay = 1.00> <Adapter> <Opcode : 'read' 'write' 'readreq' 'writereq' 'writeresp'>

State 4 <SV = 3> <Delay = 2.43>
ST_4 : Operation 115 [67/70] (2.43ns)   --->   "%p_rd_req = readreq i1 @_ssdm_op_ReadReq.m_axi.i512P1A, i512 %gmem_addr, i32 %p_cast" [/home/Will/Documents/Research-Files/G-FPin_HW/Vitis/Basic_kernels/src/krnl_mm2s.cpp:72]   --->   Operation 115 'readreq' 'p_rd_req' <Predicate = true> <Delay = 2.43> <CoreInst = "m_axi">   --->   Core 121 'm_axi' <Latency = 5> <II = 1> <Delay = 1.00> <Adapter> <Opcode : 'read' 'write' 'readreq' 'writereq' 'writeresp'>

State 5 <SV = 4> <Delay = 2.43>
ST_5 : Operation 116 [66/70] (2.43ns)   --->   "%p_rd_req = readreq i1 @_ssdm_op_ReadReq.m_axi.i512P1A, i512 %gmem_addr, i32 %p_cast" [/home/Will/Documents/Research-Files/G-FPin_HW/Vitis/Basic_kernels/src/krnl_mm2s.cpp:72]   --->   Operation 116 'readreq' 'p_rd_req' <Predicate = true> <Delay = 2.43> <CoreInst = "m_axi">   --->   Core 121 'm_axi' <Latency = 5> <II = 1> <Delay = 1.00> <Adapter> <Opcode : 'read' 'write' 'readreq' 'writereq' 'writeresp'>

State 6 <SV = 5> <Delay = 2.43>
ST_6 : Operation 117 [65/70] (2.43ns)   --->   "%p_rd_req = readreq i1 @_ssdm_op_ReadReq.m_axi.i512P1A, i512 %gmem_addr, i32 %p_cast" [/home/Will/Documents/Research-Files/G-FPin_HW/Vitis/Basic_kernels/src/krnl_mm2s.cpp:72]   --->   Operation 117 'readreq' 'p_rd_req' <Predicate = true> <Delay = 2.43> <CoreInst = "m_axi">   --->   Core 121 'm_axi' <Latency = 5> <II = 1> <Delay = 1.00> <Adapter> <Opcode : 'read' 'write' 'readreq' 'writereq' 'writeresp'>

State 7 <SV = 6> <Delay = 2.43>
ST_7 : Operation 118 [64/70] (2.43ns)   --->   "%p_rd_req = readreq i1 @_ssdm_op_ReadReq.m_axi.i512P1A, i512 %gmem_addr, i32 %p_cast" [/home/Will/Documents/Research-Files/G-FPin_HW/Vitis/Basic_kernels/src/krnl_mm2s.cpp:72]   --->   Operation 118 'readreq' 'p_rd_req' <Predicate = true> <Delay = 2.43> <CoreInst = "m_axi">   --->   Core 121 'm_axi' <Latency = 5> <II = 1> <Delay = 1.00> <Adapter> <Opcode : 'read' 'write' 'readreq' 'writereq' 'writeresp'>

State 8 <SV = 7> <Delay = 2.43>
ST_8 : Operation 119 [63/70] (2.43ns)   --->   "%p_rd_req = readreq i1 @_ssdm_op_ReadReq.m_axi.i512P1A, i512 %gmem_addr, i32 %p_cast" [/home/Will/Documents/Research-Files/G-FPin_HW/Vitis/Basic_kernels/src/krnl_mm2s.cpp:72]   --->   Operation 119 'readreq' 'p_rd_req' <Predicate = true> <Delay = 2.43> <CoreInst = "m_axi">   --->   Core 121 'm_axi' <Latency = 5> <II = 1> <Delay = 1.00> <Adapter> <Opcode : 'read' 'write' 'readreq' 'writereq' 'writeresp'>

State 9 <SV = 8> <Delay = 2.43>
ST_9 : Operation 120 [62/70] (2.43ns)   --->   "%p_rd_req = readreq i1 @_ssdm_op_ReadReq.m_axi.i512P1A, i512 %gmem_addr, i32 %p_cast" [/home/Will/Documents/Research-Files/G-FPin_HW/Vitis/Basic_kernels/src/krnl_mm2s.cpp:72]   --->   Operation 120 'readreq' 'p_rd_req' <Predicate = true> <Delay = 2.43> <CoreInst = "m_axi">   --->   Core 121 'm_axi' <Latency = 5> <II = 1> <Delay = 1.00> <Adapter> <Opcode : 'read' 'write' 'readreq' 'writereq' 'writeresp'>

State 10 <SV = 9> <Delay = 2.43>
ST_10 : Operation 121 [61/70] (2.43ns)   --->   "%p_rd_req = readreq i1 @_ssdm_op_ReadReq.m_axi.i512P1A, i512 %gmem_addr, i32 %p_cast" [/home/Will/Documents/Research-Files/G-FPin_HW/Vitis/Basic_kernels/src/krnl_mm2s.cpp:72]   --->   Operation 121 'readreq' 'p_rd_req' <Predicate = true> <Delay = 2.43> <CoreInst = "m_axi">   --->   Core 121 'm_axi' <Latency = 5> <II = 1> <Delay = 1.00> <Adapter> <Opcode : 'read' 'write' 'readreq' 'writereq' 'writeresp'>

State 11 <SV = 10> <Delay = 2.43>
ST_11 : Operation 122 [60/70] (2.43ns)   --->   "%p_rd_req = readreq i1 @_ssdm_op_ReadReq.m_axi.i512P1A, i512 %gmem_addr, i32 %p_cast" [/home/Will/Documents/Research-Files/G-FPin_HW/Vitis/Basic_kernels/src/krnl_mm2s.cpp:72]   --->   Operation 122 'readreq' 'p_rd_req' <Predicate = true> <Delay = 2.43> <CoreInst = "m_axi">   --->   Core 121 'm_axi' <Latency = 5> <II = 1> <Delay = 1.00> <Adapter> <Opcode : 'read' 'write' 'readreq' 'writereq' 'writeresp'>

State 12 <SV = 11> <Delay = 2.43>
ST_12 : Operation 123 [59/70] (2.43ns)   --->   "%p_rd_req = readreq i1 @_ssdm_op_ReadReq.m_axi.i512P1A, i512 %gmem_addr, i32 %p_cast" [/home/Will/Documents/Research-Files/G-FPin_HW/Vitis/Basic_kernels/src/krnl_mm2s.cpp:72]   --->   Operation 123 'readreq' 'p_rd_req' <Predicate = true> <Delay = 2.43> <CoreInst = "m_axi">   --->   Core 121 'm_axi' <Latency = 5> <II = 1> <Delay = 1.00> <Adapter> <Opcode : 'read' 'write' 'readreq' 'writereq' 'writeresp'>

State 13 <SV = 12> <Delay = 2.43>
ST_13 : Operation 124 [58/70] (2.43ns)   --->   "%p_rd_req = readreq i1 @_ssdm_op_ReadReq.m_axi.i512P1A, i512 %gmem_addr, i32 %p_cast" [/home/Will/Documents/Research-Files/G-FPin_HW/Vitis/Basic_kernels/src/krnl_mm2s.cpp:72]   --->   Operation 124 'readreq' 'p_rd_req' <Predicate = true> <Delay = 2.43> <CoreInst = "m_axi">   --->   Core 121 'm_axi' <Latency = 5> <II = 1> <Delay = 1.00> <Adapter> <Opcode : 'read' 'write' 'readreq' 'writereq' 'writeresp'>

State 14 <SV = 13> <Delay = 2.43>
ST_14 : Operation 125 [57/70] (2.43ns)   --->   "%p_rd_req = readreq i1 @_ssdm_op_ReadReq.m_axi.i512P1A, i512 %gmem_addr, i32 %p_cast" [/home/Will/Documents/Research-Files/G-FPin_HW/Vitis/Basic_kernels/src/krnl_mm2s.cpp:72]   --->   Operation 125 'readreq' 'p_rd_req' <Predicate = true> <Delay = 2.43> <CoreInst = "m_axi">   --->   Core 121 'm_axi' <Latency = 5> <II = 1> <Delay = 1.00> <Adapter> <Opcode : 'read' 'write' 'readreq' 'writereq' 'writeresp'>

State 15 <SV = 14> <Delay = 2.43>
ST_15 : Operation 126 [56/70] (2.43ns)   --->   "%p_rd_req = readreq i1 @_ssdm_op_ReadReq.m_axi.i512P1A, i512 %gmem_addr, i32 %p_cast" [/home/Will/Documents/Research-Files/G-FPin_HW/Vitis/Basic_kernels/src/krnl_mm2s.cpp:72]   --->   Operation 126 'readreq' 'p_rd_req' <Predicate = true> <Delay = 2.43> <CoreInst = "m_axi">   --->   Core 121 'm_axi' <Latency = 5> <II = 1> <Delay = 1.00> <Adapter> <Opcode : 'read' 'write' 'readreq' 'writereq' 'writeresp'>

State 16 <SV = 15> <Delay = 2.43>
ST_16 : Operation 127 [55/70] (2.43ns)   --->   "%p_rd_req = readreq i1 @_ssdm_op_ReadReq.m_axi.i512P1A, i512 %gmem_addr, i32 %p_cast" [/home/Will/Documents/Research-Files/G-FPin_HW/Vitis/Basic_kernels/src/krnl_mm2s.cpp:72]   --->   Operation 127 'readreq' 'p_rd_req' <Predicate = true> <Delay = 2.43> <CoreInst = "m_axi">   --->   Core 121 'm_axi' <Latency = 5> <II = 1> <Delay = 1.00> <Adapter> <Opcode : 'read' 'write' 'readreq' 'writereq' 'writeresp'>

State 17 <SV = 16> <Delay = 2.43>
ST_17 : Operation 128 [54/70] (2.43ns)   --->   "%p_rd_req = readreq i1 @_ssdm_op_ReadReq.m_axi.i512P1A, i512 %gmem_addr, i32 %p_cast" [/home/Will/Documents/Research-Files/G-FPin_HW/Vitis/Basic_kernels/src/krnl_mm2s.cpp:72]   --->   Operation 128 'readreq' 'p_rd_req' <Predicate = true> <Delay = 2.43> <CoreInst = "m_axi">   --->   Core 121 'm_axi' <Latency = 5> <II = 1> <Delay = 1.00> <Adapter> <Opcode : 'read' 'write' 'readreq' 'writereq' 'writeresp'>

State 18 <SV = 17> <Delay = 2.43>
ST_18 : Operation 129 [53/70] (2.43ns)   --->   "%p_rd_req = readreq i1 @_ssdm_op_ReadReq.m_axi.i512P1A, i512 %gmem_addr, i32 %p_cast" [/home/Will/Documents/Research-Files/G-FPin_HW/Vitis/Basic_kernels/src/krnl_mm2s.cpp:72]   --->   Operation 129 'readreq' 'p_rd_req' <Predicate = true> <Delay = 2.43> <CoreInst = "m_axi">   --->   Core 121 'm_axi' <Latency = 5> <II = 1> <Delay = 1.00> <Adapter> <Opcode : 'read' 'write' 'readreq' 'writereq' 'writeresp'>

State 19 <SV = 18> <Delay = 2.43>
ST_19 : Operation 130 [52/70] (2.43ns)   --->   "%p_rd_req = readreq i1 @_ssdm_op_ReadReq.m_axi.i512P1A, i512 %gmem_addr, i32 %p_cast" [/home/Will/Documents/Research-Files/G-FPin_HW/Vitis/Basic_kernels/src/krnl_mm2s.cpp:72]   --->   Operation 130 'readreq' 'p_rd_req' <Predicate = true> <Delay = 2.43> <CoreInst = "m_axi">   --->   Core 121 'm_axi' <Latency = 5> <II = 1> <Delay = 1.00> <Adapter> <Opcode : 'read' 'write' 'readreq' 'writereq' 'writeresp'>

State 20 <SV = 19> <Delay = 2.43>
ST_20 : Operation 131 [51/70] (2.43ns)   --->   "%p_rd_req = readreq i1 @_ssdm_op_ReadReq.m_axi.i512P1A, i512 %gmem_addr, i32 %p_cast" [/home/Will/Documents/Research-Files/G-FPin_HW/Vitis/Basic_kernels/src/krnl_mm2s.cpp:72]   --->   Operation 131 'readreq' 'p_rd_req' <Predicate = true> <Delay = 2.43> <CoreInst = "m_axi">   --->   Core 121 'm_axi' <Latency = 5> <II = 1> <Delay = 1.00> <Adapter> <Opcode : 'read' 'write' 'readreq' 'writereq' 'writeresp'>

State 21 <SV = 20> <Delay = 2.43>
ST_21 : Operation 132 [50/70] (2.43ns)   --->   "%p_rd_req = readreq i1 @_ssdm_op_ReadReq.m_axi.i512P1A, i512 %gmem_addr, i32 %p_cast" [/home/Will/Documents/Research-Files/G-FPin_HW/Vitis/Basic_kernels/src/krnl_mm2s.cpp:72]   --->   Operation 132 'readreq' 'p_rd_req' <Predicate = true> <Delay = 2.43> <CoreInst = "m_axi">   --->   Core 121 'm_axi' <Latency = 5> <II = 1> <Delay = 1.00> <Adapter> <Opcode : 'read' 'write' 'readreq' 'writereq' 'writeresp'>

State 22 <SV = 21> <Delay = 2.43>
ST_22 : Operation 133 [49/70] (2.43ns)   --->   "%p_rd_req = readreq i1 @_ssdm_op_ReadReq.m_axi.i512P1A, i512 %gmem_addr, i32 %p_cast" [/home/Will/Documents/Research-Files/G-FPin_HW/Vitis/Basic_kernels/src/krnl_mm2s.cpp:72]   --->   Operation 133 'readreq' 'p_rd_req' <Predicate = true> <Delay = 2.43> <CoreInst = "m_axi">   --->   Core 121 'm_axi' <Latency = 5> <II = 1> <Delay = 1.00> <Adapter> <Opcode : 'read' 'write' 'readreq' 'writereq' 'writeresp'>

State 23 <SV = 22> <Delay = 2.43>
ST_23 : Operation 134 [48/70] (2.43ns)   --->   "%p_rd_req = readreq i1 @_ssdm_op_ReadReq.m_axi.i512P1A, i512 %gmem_addr, i32 %p_cast" [/home/Will/Documents/Research-Files/G-FPin_HW/Vitis/Basic_kernels/src/krnl_mm2s.cpp:72]   --->   Operation 134 'readreq' 'p_rd_req' <Predicate = true> <Delay = 2.43> <CoreInst = "m_axi">   --->   Core 121 'm_axi' <Latency = 5> <II = 1> <Delay = 1.00> <Adapter> <Opcode : 'read' 'write' 'readreq' 'writereq' 'writeresp'>

State 24 <SV = 23> <Delay = 2.43>
ST_24 : Operation 135 [47/70] (2.43ns)   --->   "%p_rd_req = readreq i1 @_ssdm_op_ReadReq.m_axi.i512P1A, i512 %gmem_addr, i32 %p_cast" [/home/Will/Documents/Research-Files/G-FPin_HW/Vitis/Basic_kernels/src/krnl_mm2s.cpp:72]   --->   Operation 135 'readreq' 'p_rd_req' <Predicate = true> <Delay = 2.43> <CoreInst = "m_axi">   --->   Core 121 'm_axi' <Latency = 5> <II = 1> <Delay = 1.00> <Adapter> <Opcode : 'read' 'write' 'readreq' 'writereq' 'writeresp'>

State 25 <SV = 24> <Delay = 2.43>
ST_25 : Operation 136 [46/70] (2.43ns)   --->   "%p_rd_req = readreq i1 @_ssdm_op_ReadReq.m_axi.i512P1A, i512 %gmem_addr, i32 %p_cast" [/home/Will/Documents/Research-Files/G-FPin_HW/Vitis/Basic_kernels/src/krnl_mm2s.cpp:72]   --->   Operation 136 'readreq' 'p_rd_req' <Predicate = true> <Delay = 2.43> <CoreInst = "m_axi">   --->   Core 121 'm_axi' <Latency = 5> <II = 1> <Delay = 1.00> <Adapter> <Opcode : 'read' 'write' 'readreq' 'writereq' 'writeresp'>

State 26 <SV = 25> <Delay = 2.43>
ST_26 : Operation 137 [45/70] (2.43ns)   --->   "%p_rd_req = readreq i1 @_ssdm_op_ReadReq.m_axi.i512P1A, i512 %gmem_addr, i32 %p_cast" [/home/Will/Documents/Research-Files/G-FPin_HW/Vitis/Basic_kernels/src/krnl_mm2s.cpp:72]   --->   Operation 137 'readreq' 'p_rd_req' <Predicate = true> <Delay = 2.43> <CoreInst = "m_axi">   --->   Core 121 'm_axi' <Latency = 5> <II = 1> <Delay = 1.00> <Adapter> <Opcode : 'read' 'write' 'readreq' 'writereq' 'writeresp'>

State 27 <SV = 26> <Delay = 2.43>
ST_27 : Operation 138 [44/70] (2.43ns)   --->   "%p_rd_req = readreq i1 @_ssdm_op_ReadReq.m_axi.i512P1A, i512 %gmem_addr, i32 %p_cast" [/home/Will/Documents/Research-Files/G-FPin_HW/Vitis/Basic_kernels/src/krnl_mm2s.cpp:72]   --->   Operation 138 'readreq' 'p_rd_req' <Predicate = true> <Delay = 2.43> <CoreInst = "m_axi">   --->   Core 121 'm_axi' <Latency = 5> <II = 1> <Delay = 1.00> <Adapter> <Opcode : 'read' 'write' 'readreq' 'writereq' 'writeresp'>

State 28 <SV = 27> <Delay = 2.43>
ST_28 : Operation 139 [43/70] (2.43ns)   --->   "%p_rd_req = readreq i1 @_ssdm_op_ReadReq.m_axi.i512P1A, i512 %gmem_addr, i32 %p_cast" [/home/Will/Documents/Research-Files/G-FPin_HW/Vitis/Basic_kernels/src/krnl_mm2s.cpp:72]   --->   Operation 139 'readreq' 'p_rd_req' <Predicate = true> <Delay = 2.43> <CoreInst = "m_axi">   --->   Core 121 'm_axi' <Latency = 5> <II = 1> <Delay = 1.00> <Adapter> <Opcode : 'read' 'write' 'readreq' 'writereq' 'writeresp'>

State 29 <SV = 28> <Delay = 2.43>
ST_29 : Operation 140 [42/70] (2.43ns)   --->   "%p_rd_req = readreq i1 @_ssdm_op_ReadReq.m_axi.i512P1A, i512 %gmem_addr, i32 %p_cast" [/home/Will/Documents/Research-Files/G-FPin_HW/Vitis/Basic_kernels/src/krnl_mm2s.cpp:72]   --->   Operation 140 'readreq' 'p_rd_req' <Predicate = true> <Delay = 2.43> <CoreInst = "m_axi">   --->   Core 121 'm_axi' <Latency = 5> <II = 1> <Delay = 1.00> <Adapter> <Opcode : 'read' 'write' 'readreq' 'writereq' 'writeresp'>

State 30 <SV = 29> <Delay = 2.43>
ST_30 : Operation 141 [41/70] (2.43ns)   --->   "%p_rd_req = readreq i1 @_ssdm_op_ReadReq.m_axi.i512P1A, i512 %gmem_addr, i32 %p_cast" [/home/Will/Documents/Research-Files/G-FPin_HW/Vitis/Basic_kernels/src/krnl_mm2s.cpp:72]   --->   Operation 141 'readreq' 'p_rd_req' <Predicate = true> <Delay = 2.43> <CoreInst = "m_axi">   --->   Core 121 'm_axi' <Latency = 5> <II = 1> <Delay = 1.00> <Adapter> <Opcode : 'read' 'write' 'readreq' 'writereq' 'writeresp'>

State 31 <SV = 30> <Delay = 2.43>
ST_31 : Operation 142 [40/70] (2.43ns)   --->   "%p_rd_req = readreq i1 @_ssdm_op_ReadReq.m_axi.i512P1A, i512 %gmem_addr, i32 %p_cast" [/home/Will/Documents/Research-Files/G-FPin_HW/Vitis/Basic_kernels/src/krnl_mm2s.cpp:72]   --->   Operation 142 'readreq' 'p_rd_req' <Predicate = true> <Delay = 2.43> <CoreInst = "m_axi">   --->   Core 121 'm_axi' <Latency = 5> <II = 1> <Delay = 1.00> <Adapter> <Opcode : 'read' 'write' 'readreq' 'writereq' 'writeresp'>

State 32 <SV = 31> <Delay = 2.43>
ST_32 : Operation 143 [39/70] (2.43ns)   --->   "%p_rd_req = readreq i1 @_ssdm_op_ReadReq.m_axi.i512P1A, i512 %gmem_addr, i32 %p_cast" [/home/Will/Documents/Research-Files/G-FPin_HW/Vitis/Basic_kernels/src/krnl_mm2s.cpp:72]   --->   Operation 143 'readreq' 'p_rd_req' <Predicate = true> <Delay = 2.43> <CoreInst = "m_axi">   --->   Core 121 'm_axi' <Latency = 5> <II = 1> <Delay = 1.00> <Adapter> <Opcode : 'read' 'write' 'readreq' 'writereq' 'writeresp'>

State 33 <SV = 32> <Delay = 2.43>
ST_33 : Operation 144 [38/70] (2.43ns)   --->   "%p_rd_req = readreq i1 @_ssdm_op_ReadReq.m_axi.i512P1A, i512 %gmem_addr, i32 %p_cast" [/home/Will/Documents/Research-Files/G-FPin_HW/Vitis/Basic_kernels/src/krnl_mm2s.cpp:72]   --->   Operation 144 'readreq' 'p_rd_req' <Predicate = true> <Delay = 2.43> <CoreInst = "m_axi">   --->   Core 121 'm_axi' <Latency = 5> <II = 1> <Delay = 1.00> <Adapter> <Opcode : 'read' 'write' 'readreq' 'writereq' 'writeresp'>

State 34 <SV = 33> <Delay = 2.43>
ST_34 : Operation 145 [37/70] (2.43ns)   --->   "%p_rd_req = readreq i1 @_ssdm_op_ReadReq.m_axi.i512P1A, i512 %gmem_addr, i32 %p_cast" [/home/Will/Documents/Research-Files/G-FPin_HW/Vitis/Basic_kernels/src/krnl_mm2s.cpp:72]   --->   Operation 145 'readreq' 'p_rd_req' <Predicate = true> <Delay = 2.43> <CoreInst = "m_axi">   --->   Core 121 'm_axi' <Latency = 5> <II = 1> <Delay = 1.00> <Adapter> <Opcode : 'read' 'write' 'readreq' 'writereq' 'writeresp'>

State 35 <SV = 34> <Delay = 2.43>
ST_35 : Operation 146 [36/70] (2.43ns)   --->   "%p_rd_req = readreq i1 @_ssdm_op_ReadReq.m_axi.i512P1A, i512 %gmem_addr, i32 %p_cast" [/home/Will/Documents/Research-Files/G-FPin_HW/Vitis/Basic_kernels/src/krnl_mm2s.cpp:72]   --->   Operation 146 'readreq' 'p_rd_req' <Predicate = true> <Delay = 2.43> <CoreInst = "m_axi">   --->   Core 121 'm_axi' <Latency = 5> <II = 1> <Delay = 1.00> <Adapter> <Opcode : 'read' 'write' 'readreq' 'writereq' 'writeresp'>

State 36 <SV = 35> <Delay = 2.43>
ST_36 : Operation 147 [35/70] (2.43ns)   --->   "%p_rd_req = readreq i1 @_ssdm_op_ReadReq.m_axi.i512P1A, i512 %gmem_addr, i32 %p_cast" [/home/Will/Documents/Research-Files/G-FPin_HW/Vitis/Basic_kernels/src/krnl_mm2s.cpp:72]   --->   Operation 147 'readreq' 'p_rd_req' <Predicate = true> <Delay = 2.43> <CoreInst = "m_axi">   --->   Core 121 'm_axi' <Latency = 5> <II = 1> <Delay = 1.00> <Adapter> <Opcode : 'read' 'write' 'readreq' 'writereq' 'writeresp'>

State 37 <SV = 36> <Delay = 2.43>
ST_37 : Operation 148 [34/70] (2.43ns)   --->   "%p_rd_req = readreq i1 @_ssdm_op_ReadReq.m_axi.i512P1A, i512 %gmem_addr, i32 %p_cast" [/home/Will/Documents/Research-Files/G-FPin_HW/Vitis/Basic_kernels/src/krnl_mm2s.cpp:72]   --->   Operation 148 'readreq' 'p_rd_req' <Predicate = true> <Delay = 2.43> <CoreInst = "m_axi">   --->   Core 121 'm_axi' <Latency = 5> <II = 1> <Delay = 1.00> <Adapter> <Opcode : 'read' 'write' 'readreq' 'writereq' 'writeresp'>

State 38 <SV = 37> <Delay = 2.43>
ST_38 : Operation 149 [33/70] (2.43ns)   --->   "%p_rd_req = readreq i1 @_ssdm_op_ReadReq.m_axi.i512P1A, i512 %gmem_addr, i32 %p_cast" [/home/Will/Documents/Research-Files/G-FPin_HW/Vitis/Basic_kernels/src/krnl_mm2s.cpp:72]   --->   Operation 149 'readreq' 'p_rd_req' <Predicate = true> <Delay = 2.43> <CoreInst = "m_axi">   --->   Core 121 'm_axi' <Latency = 5> <II = 1> <Delay = 1.00> <Adapter> <Opcode : 'read' 'write' 'readreq' 'writereq' 'writeresp'>

State 39 <SV = 38> <Delay = 2.43>
ST_39 : Operation 150 [32/70] (2.43ns)   --->   "%p_rd_req = readreq i1 @_ssdm_op_ReadReq.m_axi.i512P1A, i512 %gmem_addr, i32 %p_cast" [/home/Will/Documents/Research-Files/G-FPin_HW/Vitis/Basic_kernels/src/krnl_mm2s.cpp:72]   --->   Operation 150 'readreq' 'p_rd_req' <Predicate = true> <Delay = 2.43> <CoreInst = "m_axi">   --->   Core 121 'm_axi' <Latency = 5> <II = 1> <Delay = 1.00> <Adapter> <Opcode : 'read' 'write' 'readreq' 'writereq' 'writeresp'>

State 40 <SV = 39> <Delay = 2.43>
ST_40 : Operation 151 [31/70] (2.43ns)   --->   "%p_rd_req = readreq i1 @_ssdm_op_ReadReq.m_axi.i512P1A, i512 %gmem_addr, i32 %p_cast" [/home/Will/Documents/Research-Files/G-FPin_HW/Vitis/Basic_kernels/src/krnl_mm2s.cpp:72]   --->   Operation 151 'readreq' 'p_rd_req' <Predicate = true> <Delay = 2.43> <CoreInst = "m_axi">   --->   Core 121 'm_axi' <Latency = 5> <II = 1> <Delay = 1.00> <Adapter> <Opcode : 'read' 'write' 'readreq' 'writereq' 'writeresp'>

State 41 <SV = 40> <Delay = 2.43>
ST_41 : Operation 152 [30/70] (2.43ns)   --->   "%p_rd_req = readreq i1 @_ssdm_op_ReadReq.m_axi.i512P1A, i512 %gmem_addr, i32 %p_cast" [/home/Will/Documents/Research-Files/G-FPin_HW/Vitis/Basic_kernels/src/krnl_mm2s.cpp:72]   --->   Operation 152 'readreq' 'p_rd_req' <Predicate = true> <Delay = 2.43> <CoreInst = "m_axi">   --->   Core 121 'm_axi' <Latency = 5> <II = 1> <Delay = 1.00> <Adapter> <Opcode : 'read' 'write' 'readreq' 'writereq' 'writeresp'>

State 42 <SV = 41> <Delay = 2.43>
ST_42 : Operation 153 [29/70] (2.43ns)   --->   "%p_rd_req = readreq i1 @_ssdm_op_ReadReq.m_axi.i512P1A, i512 %gmem_addr, i32 %p_cast" [/home/Will/Documents/Research-Files/G-FPin_HW/Vitis/Basic_kernels/src/krnl_mm2s.cpp:72]   --->   Operation 153 'readreq' 'p_rd_req' <Predicate = true> <Delay = 2.43> <CoreInst = "m_axi">   --->   Core 121 'm_axi' <Latency = 5> <II = 1> <Delay = 1.00> <Adapter> <Opcode : 'read' 'write' 'readreq' 'writereq' 'writeresp'>

State 43 <SV = 42> <Delay = 2.43>
ST_43 : Operation 154 [28/70] (2.43ns)   --->   "%p_rd_req = readreq i1 @_ssdm_op_ReadReq.m_axi.i512P1A, i512 %gmem_addr, i32 %p_cast" [/home/Will/Documents/Research-Files/G-FPin_HW/Vitis/Basic_kernels/src/krnl_mm2s.cpp:72]   --->   Operation 154 'readreq' 'p_rd_req' <Predicate = true> <Delay = 2.43> <CoreInst = "m_axi">   --->   Core 121 'm_axi' <Latency = 5> <II = 1> <Delay = 1.00> <Adapter> <Opcode : 'read' 'write' 'readreq' 'writereq' 'writeresp'>

State 44 <SV = 43> <Delay = 2.43>
ST_44 : Operation 155 [27/70] (2.43ns)   --->   "%p_rd_req = readreq i1 @_ssdm_op_ReadReq.m_axi.i512P1A, i512 %gmem_addr, i32 %p_cast" [/home/Will/Documents/Research-Files/G-FPin_HW/Vitis/Basic_kernels/src/krnl_mm2s.cpp:72]   --->   Operation 155 'readreq' 'p_rd_req' <Predicate = true> <Delay = 2.43> <CoreInst = "m_axi">   --->   Core 121 'm_axi' <Latency = 5> <II = 1> <Delay = 1.00> <Adapter> <Opcode : 'read' 'write' 'readreq' 'writereq' 'writeresp'>

State 45 <SV = 44> <Delay = 2.43>
ST_45 : Operation 156 [26/70] (2.43ns)   --->   "%p_rd_req = readreq i1 @_ssdm_op_ReadReq.m_axi.i512P1A, i512 %gmem_addr, i32 %p_cast" [/home/Will/Documents/Research-Files/G-FPin_HW/Vitis/Basic_kernels/src/krnl_mm2s.cpp:72]   --->   Operation 156 'readreq' 'p_rd_req' <Predicate = true> <Delay = 2.43> <CoreInst = "m_axi">   --->   Core 121 'm_axi' <Latency = 5> <II = 1> <Delay = 1.00> <Adapter> <Opcode : 'read' 'write' 'readreq' 'writereq' 'writeresp'>

State 46 <SV = 45> <Delay = 2.43>
ST_46 : Operation 157 [25/70] (2.43ns)   --->   "%p_rd_req = readreq i1 @_ssdm_op_ReadReq.m_axi.i512P1A, i512 %gmem_addr, i32 %p_cast" [/home/Will/Documents/Research-Files/G-FPin_HW/Vitis/Basic_kernels/src/krnl_mm2s.cpp:72]   --->   Operation 157 'readreq' 'p_rd_req' <Predicate = true> <Delay = 2.43> <CoreInst = "m_axi">   --->   Core 121 'm_axi' <Latency = 5> <II = 1> <Delay = 1.00> <Adapter> <Opcode : 'read' 'write' 'readreq' 'writereq' 'writeresp'>

State 47 <SV = 46> <Delay = 2.43>
ST_47 : Operation 158 [24/70] (2.43ns)   --->   "%p_rd_req = readreq i1 @_ssdm_op_ReadReq.m_axi.i512P1A, i512 %gmem_addr, i32 %p_cast" [/home/Will/Documents/Research-Files/G-FPin_HW/Vitis/Basic_kernels/src/krnl_mm2s.cpp:72]   --->   Operation 158 'readreq' 'p_rd_req' <Predicate = true> <Delay = 2.43> <CoreInst = "m_axi">   --->   Core 121 'm_axi' <Latency = 5> <II = 1> <Delay = 1.00> <Adapter> <Opcode : 'read' 'write' 'readreq' 'writereq' 'writeresp'>

State 48 <SV = 47> <Delay = 2.43>
ST_48 : Operation 159 [23/70] (2.43ns)   --->   "%p_rd_req = readreq i1 @_ssdm_op_ReadReq.m_axi.i512P1A, i512 %gmem_addr, i32 %p_cast" [/home/Will/Documents/Research-Files/G-FPin_HW/Vitis/Basic_kernels/src/krnl_mm2s.cpp:72]   --->   Operation 159 'readreq' 'p_rd_req' <Predicate = true> <Delay = 2.43> <CoreInst = "m_axi">   --->   Core 121 'm_axi' <Latency = 5> <II = 1> <Delay = 1.00> <Adapter> <Opcode : 'read' 'write' 'readreq' 'writereq' 'writeresp'>

State 49 <SV = 48> <Delay = 2.43>
ST_49 : Operation 160 [22/70] (2.43ns)   --->   "%p_rd_req = readreq i1 @_ssdm_op_ReadReq.m_axi.i512P1A, i512 %gmem_addr, i32 %p_cast" [/home/Will/Documents/Research-Files/G-FPin_HW/Vitis/Basic_kernels/src/krnl_mm2s.cpp:72]   --->   Operation 160 'readreq' 'p_rd_req' <Predicate = true> <Delay = 2.43> <CoreInst = "m_axi">   --->   Core 121 'm_axi' <Latency = 5> <II = 1> <Delay = 1.00> <Adapter> <Opcode : 'read' 'write' 'readreq' 'writereq' 'writeresp'>

State 50 <SV = 49> <Delay = 2.43>
ST_50 : Operation 161 [21/70] (2.43ns)   --->   "%p_rd_req = readreq i1 @_ssdm_op_ReadReq.m_axi.i512P1A, i512 %gmem_addr, i32 %p_cast" [/home/Will/Documents/Research-Files/G-FPin_HW/Vitis/Basic_kernels/src/krnl_mm2s.cpp:72]   --->   Operation 161 'readreq' 'p_rd_req' <Predicate = true> <Delay = 2.43> <CoreInst = "m_axi">   --->   Core 121 'm_axi' <Latency = 5> <II = 1> <Delay = 1.00> <Adapter> <Opcode : 'read' 'write' 'readreq' 'writereq' 'writeresp'>

State 51 <SV = 50> <Delay = 2.43>
ST_51 : Operation 162 [20/70] (2.43ns)   --->   "%p_rd_req = readreq i1 @_ssdm_op_ReadReq.m_axi.i512P1A, i512 %gmem_addr, i32 %p_cast" [/home/Will/Documents/Research-Files/G-FPin_HW/Vitis/Basic_kernels/src/krnl_mm2s.cpp:72]   --->   Operation 162 'readreq' 'p_rd_req' <Predicate = true> <Delay = 2.43> <CoreInst = "m_axi">   --->   Core 121 'm_axi' <Latency = 5> <II = 1> <Delay = 1.00> <Adapter> <Opcode : 'read' 'write' 'readreq' 'writereq' 'writeresp'>

State 52 <SV = 51> <Delay = 2.43>
ST_52 : Operation 163 [19/70] (2.43ns)   --->   "%p_rd_req = readreq i1 @_ssdm_op_ReadReq.m_axi.i512P1A, i512 %gmem_addr, i32 %p_cast" [/home/Will/Documents/Research-Files/G-FPin_HW/Vitis/Basic_kernels/src/krnl_mm2s.cpp:72]   --->   Operation 163 'readreq' 'p_rd_req' <Predicate = true> <Delay = 2.43> <CoreInst = "m_axi">   --->   Core 121 'm_axi' <Latency = 5> <II = 1> <Delay = 1.00> <Adapter> <Opcode : 'read' 'write' 'readreq' 'writereq' 'writeresp'>

State 53 <SV = 52> <Delay = 2.43>
ST_53 : Operation 164 [18/70] (2.43ns)   --->   "%p_rd_req = readreq i1 @_ssdm_op_ReadReq.m_axi.i512P1A, i512 %gmem_addr, i32 %p_cast" [/home/Will/Documents/Research-Files/G-FPin_HW/Vitis/Basic_kernels/src/krnl_mm2s.cpp:72]   --->   Operation 164 'readreq' 'p_rd_req' <Predicate = true> <Delay = 2.43> <CoreInst = "m_axi">   --->   Core 121 'm_axi' <Latency = 5> <II = 1> <Delay = 1.00> <Adapter> <Opcode : 'read' 'write' 'readreq' 'writereq' 'writeresp'>

State 54 <SV = 53> <Delay = 2.43>
ST_54 : Operation 165 [17/70] (2.43ns)   --->   "%p_rd_req = readreq i1 @_ssdm_op_ReadReq.m_axi.i512P1A, i512 %gmem_addr, i32 %p_cast" [/home/Will/Documents/Research-Files/G-FPin_HW/Vitis/Basic_kernels/src/krnl_mm2s.cpp:72]   --->   Operation 165 'readreq' 'p_rd_req' <Predicate = true> <Delay = 2.43> <CoreInst = "m_axi">   --->   Core 121 'm_axi' <Latency = 5> <II = 1> <Delay = 1.00> <Adapter> <Opcode : 'read' 'write' 'readreq' 'writereq' 'writeresp'>

State 55 <SV = 54> <Delay = 2.43>
ST_55 : Operation 166 [16/70] (2.43ns)   --->   "%p_rd_req = readreq i1 @_ssdm_op_ReadReq.m_axi.i512P1A, i512 %gmem_addr, i32 %p_cast" [/home/Will/Documents/Research-Files/G-FPin_HW/Vitis/Basic_kernels/src/krnl_mm2s.cpp:72]   --->   Operation 166 'readreq' 'p_rd_req' <Predicate = true> <Delay = 2.43> <CoreInst = "m_axi">   --->   Core 121 'm_axi' <Latency = 5> <II = 1> <Delay = 1.00> <Adapter> <Opcode : 'read' 'write' 'readreq' 'writereq' 'writeresp'>

State 56 <SV = 55> <Delay = 2.43>
ST_56 : Operation 167 [15/70] (2.43ns)   --->   "%p_rd_req = readreq i1 @_ssdm_op_ReadReq.m_axi.i512P1A, i512 %gmem_addr, i32 %p_cast" [/home/Will/Documents/Research-Files/G-FPin_HW/Vitis/Basic_kernels/src/krnl_mm2s.cpp:72]   --->   Operation 167 'readreq' 'p_rd_req' <Predicate = true> <Delay = 2.43> <CoreInst = "m_axi">   --->   Core 121 'm_axi' <Latency = 5> <II = 1> <Delay = 1.00> <Adapter> <Opcode : 'read' 'write' 'readreq' 'writereq' 'writeresp'>

State 57 <SV = 56> <Delay = 2.43>
ST_57 : Operation 168 [14/70] (2.43ns)   --->   "%p_rd_req = readreq i1 @_ssdm_op_ReadReq.m_axi.i512P1A, i512 %gmem_addr, i32 %p_cast" [/home/Will/Documents/Research-Files/G-FPin_HW/Vitis/Basic_kernels/src/krnl_mm2s.cpp:72]   --->   Operation 168 'readreq' 'p_rd_req' <Predicate = true> <Delay = 2.43> <CoreInst = "m_axi">   --->   Core 121 'm_axi' <Latency = 5> <II = 1> <Delay = 1.00> <Adapter> <Opcode : 'read' 'write' 'readreq' 'writereq' 'writeresp'>

State 58 <SV = 57> <Delay = 2.43>
ST_58 : Operation 169 [13/70] (2.43ns)   --->   "%p_rd_req = readreq i1 @_ssdm_op_ReadReq.m_axi.i512P1A, i512 %gmem_addr, i32 %p_cast" [/home/Will/Documents/Research-Files/G-FPin_HW/Vitis/Basic_kernels/src/krnl_mm2s.cpp:72]   --->   Operation 169 'readreq' 'p_rd_req' <Predicate = true> <Delay = 2.43> <CoreInst = "m_axi">   --->   Core 121 'm_axi' <Latency = 5> <II = 1> <Delay = 1.00> <Adapter> <Opcode : 'read' 'write' 'readreq' 'writereq' 'writeresp'>

State 59 <SV = 58> <Delay = 2.43>
ST_59 : Operation 170 [12/70] (2.43ns)   --->   "%p_rd_req = readreq i1 @_ssdm_op_ReadReq.m_axi.i512P1A, i512 %gmem_addr, i32 %p_cast" [/home/Will/Documents/Research-Files/G-FPin_HW/Vitis/Basic_kernels/src/krnl_mm2s.cpp:72]   --->   Operation 170 'readreq' 'p_rd_req' <Predicate = true> <Delay = 2.43> <CoreInst = "m_axi">   --->   Core 121 'm_axi' <Latency = 5> <II = 1> <Delay = 1.00> <Adapter> <Opcode : 'read' 'write' 'readreq' 'writereq' 'writeresp'>

State 60 <SV = 59> <Delay = 2.43>
ST_60 : Operation 171 [11/70] (2.43ns)   --->   "%p_rd_req = readreq i1 @_ssdm_op_ReadReq.m_axi.i512P1A, i512 %gmem_addr, i32 %p_cast" [/home/Will/Documents/Research-Files/G-FPin_HW/Vitis/Basic_kernels/src/krnl_mm2s.cpp:72]   --->   Operation 171 'readreq' 'p_rd_req' <Predicate = true> <Delay = 2.43> <CoreInst = "m_axi">   --->   Core 121 'm_axi' <Latency = 5> <II = 1> <Delay = 1.00> <Adapter> <Opcode : 'read' 'write' 'readreq' 'writereq' 'writeresp'>

State 61 <SV = 60> <Delay = 2.43>
ST_61 : Operation 172 [10/70] (2.43ns)   --->   "%p_rd_req = readreq i1 @_ssdm_op_ReadReq.m_axi.i512P1A, i512 %gmem_addr, i32 %p_cast" [/home/Will/Documents/Research-Files/G-FPin_HW/Vitis/Basic_kernels/src/krnl_mm2s.cpp:72]   --->   Operation 172 'readreq' 'p_rd_req' <Predicate = true> <Delay = 2.43> <CoreInst = "m_axi">   --->   Core 121 'm_axi' <Latency = 5> <II = 1> <Delay = 1.00> <Adapter> <Opcode : 'read' 'write' 'readreq' 'writereq' 'writeresp'>

State 62 <SV = 61> <Delay = 2.43>
ST_62 : Operation 173 [9/70] (2.43ns)   --->   "%p_rd_req = readreq i1 @_ssdm_op_ReadReq.m_axi.i512P1A, i512 %gmem_addr, i32 %p_cast" [/home/Will/Documents/Research-Files/G-FPin_HW/Vitis/Basic_kernels/src/krnl_mm2s.cpp:72]   --->   Operation 173 'readreq' 'p_rd_req' <Predicate = true> <Delay = 2.43> <CoreInst = "m_axi">   --->   Core 121 'm_axi' <Latency = 5> <II = 1> <Delay = 1.00> <Adapter> <Opcode : 'read' 'write' 'readreq' 'writereq' 'writeresp'>

State 63 <SV = 62> <Delay = 2.43>
ST_63 : Operation 174 [8/70] (2.43ns)   --->   "%p_rd_req = readreq i1 @_ssdm_op_ReadReq.m_axi.i512P1A, i512 %gmem_addr, i32 %p_cast" [/home/Will/Documents/Research-Files/G-FPin_HW/Vitis/Basic_kernels/src/krnl_mm2s.cpp:72]   --->   Operation 174 'readreq' 'p_rd_req' <Predicate = true> <Delay = 2.43> <CoreInst = "m_axi">   --->   Core 121 'm_axi' <Latency = 5> <II = 1> <Delay = 1.00> <Adapter> <Opcode : 'read' 'write' 'readreq' 'writereq' 'writeresp'>

State 64 <SV = 63> <Delay = 2.43>
ST_64 : Operation 175 [7/70] (2.43ns)   --->   "%p_rd_req = readreq i1 @_ssdm_op_ReadReq.m_axi.i512P1A, i512 %gmem_addr, i32 %p_cast" [/home/Will/Documents/Research-Files/G-FPin_HW/Vitis/Basic_kernels/src/krnl_mm2s.cpp:72]   --->   Operation 175 'readreq' 'p_rd_req' <Predicate = true> <Delay = 2.43> <CoreInst = "m_axi">   --->   Core 121 'm_axi' <Latency = 5> <II = 1> <Delay = 1.00> <Adapter> <Opcode : 'read' 'write' 'readreq' 'writereq' 'writeresp'>

State 65 <SV = 64> <Delay = 2.43>
ST_65 : Operation 176 [6/70] (2.43ns)   --->   "%p_rd_req = readreq i1 @_ssdm_op_ReadReq.m_axi.i512P1A, i512 %gmem_addr, i32 %p_cast" [/home/Will/Documents/Research-Files/G-FPin_HW/Vitis/Basic_kernels/src/krnl_mm2s.cpp:72]   --->   Operation 176 'readreq' 'p_rd_req' <Predicate = true> <Delay = 2.43> <CoreInst = "m_axi">   --->   Core 121 'm_axi' <Latency = 5> <II = 1> <Delay = 1.00> <Adapter> <Opcode : 'read' 'write' 'readreq' 'writereq' 'writeresp'>

State 66 <SV = 65> <Delay = 2.43>
ST_66 : Operation 177 [5/70] (2.43ns)   --->   "%p_rd_req = readreq i1 @_ssdm_op_ReadReq.m_axi.i512P1A, i512 %gmem_addr, i32 %p_cast" [/home/Will/Documents/Research-Files/G-FPin_HW/Vitis/Basic_kernels/src/krnl_mm2s.cpp:72]   --->   Operation 177 'readreq' 'p_rd_req' <Predicate = true> <Delay = 2.43> <CoreInst = "m_axi">   --->   Core 121 'm_axi' <Latency = 5> <II = 1> <Delay = 1.00> <Adapter> <Opcode : 'read' 'write' 'readreq' 'writereq' 'writeresp'>

State 67 <SV = 66> <Delay = 2.43>
ST_67 : Operation 178 [4/70] (2.43ns)   --->   "%p_rd_req = readreq i1 @_ssdm_op_ReadReq.m_axi.i512P1A, i512 %gmem_addr, i32 %p_cast" [/home/Will/Documents/Research-Files/G-FPin_HW/Vitis/Basic_kernels/src/krnl_mm2s.cpp:72]   --->   Operation 178 'readreq' 'p_rd_req' <Predicate = true> <Delay = 2.43> <CoreInst = "m_axi">   --->   Core 121 'm_axi' <Latency = 5> <II = 1> <Delay = 1.00> <Adapter> <Opcode : 'read' 'write' 'readreq' 'writereq' 'writeresp'>

State 68 <SV = 67> <Delay = 2.43>
ST_68 : Operation 179 [3/70] (2.43ns)   --->   "%p_rd_req = readreq i1 @_ssdm_op_ReadReq.m_axi.i512P1A, i512 %gmem_addr, i32 %p_cast" [/home/Will/Documents/Research-Files/G-FPin_HW/Vitis/Basic_kernels/src/krnl_mm2s.cpp:72]   --->   Operation 179 'readreq' 'p_rd_req' <Predicate = true> <Delay = 2.43> <CoreInst = "m_axi">   --->   Core 121 'm_axi' <Latency = 5> <II = 1> <Delay = 1.00> <Adapter> <Opcode : 'read' 'write' 'readreq' 'writereq' 'writeresp'>

State 69 <SV = 68> <Delay = 2.43>
ST_69 : Operation 180 [2/70] (2.43ns)   --->   "%p_rd_req = readreq i1 @_ssdm_op_ReadReq.m_axi.i512P1A, i512 %gmem_addr, i32 %p_cast" [/home/Will/Documents/Research-Files/G-FPin_HW/Vitis/Basic_kernels/src/krnl_mm2s.cpp:72]   --->   Operation 180 'readreq' 'p_rd_req' <Predicate = true> <Delay = 2.43> <CoreInst = "m_axi">   --->   Core 121 'm_axi' <Latency = 5> <II = 1> <Delay = 1.00> <Adapter> <Opcode : 'read' 'write' 'readreq' 'writereq' 'writeresp'>

State 70 <SV = 69> <Delay = 2.43>
ST_70 : Operation 181 [1/1] (0.00ns)   --->   "%sub_read = read i27 @_ssdm_op_Read.ap_auto.i27, i27 %sub"   --->   Operation 181 'read' 'sub_read' <Predicate = true> <Delay = 0.00>
ST_70 : Operation 182 [1/1] (0.00ns)   --->   "%in_r6 = read i64 @_ssdm_op_Read.ap_auto.i64, i64 %in_r"   --->   Operation 182 'read' 'in_r6' <Predicate = true> <Delay = 0.00>
ST_70 : Operation 183 [1/1] (0.00ns)   --->   "%v_dest_V_read = read i16 @_ssdm_op_Read.ap_auto.i16, i16 %v_dest_V"   --->   Operation 183 'read' 'v_dest_V_read' <Predicate = true> <Delay = 0.00>
ST_70 : Operation 184 [1/1] (0.00ns)   --->   "%div_cast_read = read i26 @_ssdm_op_Read.ap_auto.i26, i26 %div_cast"   --->   Operation 184 'read' 'div_cast_read' <Predicate = true> <Delay = 0.00>
ST_70 : Operation 185 [1/1] (0.00ns)   --->   "%specinterface_ln0 = specinterface void @_ssdm_op_SpecInterface, i16 %k2n_V_dest_V, i1 %k2n_V_id_V, i1 %k2n_V_last_V, i1 %k2n_V_user_V, i64 %k2n_V_strb_V, i64 %k2n_V_keep_V, i512 %k2n_V_data_V, void @empty_13, i32 0, i32 0, void @empty_14, i32 0, i32 0, void @empty_5, void @empty_5, void @empty_5, i32 0, i32 0, i32 0, i32 0, void @empty_5, void @empty_5"   --->   Operation 185 'specinterface' 'specinterface_ln0' <Predicate = true> <Delay = 0.00>
ST_70 : Operation 186 [1/1] (0.00ns)   --->   "%specinterface_ln0 = specinterface void @_ssdm_op_SpecInterface, i512 %gmem, void @empty_6, i32 0, i32 0, void @empty_5, i32 64, i32 0, void @empty_7, void @empty, void @empty_5, i32 16, i32 16, i32 16, i32 16, void @empty_5, void @empty_5"   --->   Operation 186 'specinterface' 'specinterface_ln0' <Predicate = true> <Delay = 0.00>
ST_70 : Operation 187 [1/70] (2.43ns)   --->   "%p_rd_req = readreq i1 @_ssdm_op_ReadReq.m_axi.i512P1A, i512 %gmem_addr, i32 %p_cast" [/home/Will/Documents/Research-Files/G-FPin_HW/Vitis/Basic_kernels/src/krnl_mm2s.cpp:72]   --->   Operation 187 'readreq' 'p_rd_req' <Predicate = true> <Delay = 2.43> <CoreInst = "m_axi">   --->   Core 121 'm_axi' <Latency = 5> <II = 1> <Delay = 1.00> <Adapter> <Opcode : 'read' 'write' 'readreq' 'writereq' 'writeresp'>
ST_70 : Operation 188 [1/1] (0.00ns)   --->   "%br_ln0 = br void"   --->   Operation 188 'br' 'br_ln0' <Predicate = true> <Delay = 0.00>

State 71 <SV = 70> <Delay = 2.04>
ST_71 : Operation 189 [1/1] (0.00ns)   --->   "%i_1 = load i26 %i" [/home/Will/Documents/Research-Files/G-FPin_HW/Vitis/Basic_kernels/src/krnl_mm2s.cpp:78]   --->   Operation 189 'load' 'i_1' <Predicate = true> <Delay = 0.00>
ST_71 : Operation 190 [1/1] (0.00ns)   --->   "%specbitsmap_ln0 = specbitsmap void @_ssdm_op_SpecBitsMap, i512 %gmem"   --->   Operation 190 'specbitsmap' 'specbitsmap_ln0' <Predicate = true> <Delay = 0.00>
ST_71 : Operation 191 [1/1] (0.79ns)   --->   "%icmp_ln69 = icmp_eq  i26 %i_1, i26 %div_cast_read" [/home/Will/Documents/Research-Files/G-FPin_HW/Vitis/Basic_kernels/src/krnl_mm2s.cpp:69]   --->   Operation 191 'icmp' 'icmp_ln69' <Predicate = true> <Delay = 0.79> <CoreInst = "Cmp">   --->   Core 9 'Cmp' <Latency = 0> <II = 1> <Delay = 0.61> <FuncUnit> <Opcode : 'icmp'> <InPorts = 2> <OutPorts = 1>
ST_71 : Operation 192 [1/1] (0.84ns)   --->   "%add_ln69 = add i26 %i_1, i26 1" [/home/Will/Documents/Research-Files/G-FPin_HW/Vitis/Basic_kernels/src/krnl_mm2s.cpp:69]   --->   Operation 192 'add' 'add_ln69' <Predicate = true> <Delay = 0.84> <CoreInst = "Adder">   --->   Core 1 'Adder' <Latency = 0> <II = 1> <Delay = 0.88> <FuncUnit> <Opcode : 'add' 'sub'> <InPorts = 2> <OutPorts = 1>
ST_71 : Operation 193 [1/1] (0.00ns)   --->   "%br_ln69 = br i1 %icmp_ln69, void %xcl_latency..0_begin, void %._crit_edge.loopexit.exitStub" [/home/Will/Documents/Research-Files/G-FPin_HW/Vitis/Basic_kernels/src/krnl_mm2s.cpp:69]   --->   Operation 193 'br' 'br_ln69' <Predicate = true> <Delay = 0.00>
ST_71 : Operation 194 [1/1] (0.00ns)   --->   "%zext_ln69 = zext i26 %i_1" [/home/Will/Documents/Research-Files/G-FPin_HW/Vitis/Basic_kernels/src/krnl_mm2s.cpp:69]   --->   Operation 194 'zext' 'zext_ln69' <Predicate = (!icmp_ln69)> <Delay = 0.00>
ST_71 : Operation 195 [1/1] (0.00ns)   --->   "%rbegin = specregionbegin i32 @_ssdm_op_SpecRegionBegin, void @empty_4" [/home/Will/Documents/Research-Files/G-FPin_HW/Vitis/Basic_kernels/src/krnl_mm2s.cpp:69]   --->   Operation 195 'specregionbegin' 'rbegin' <Predicate = (!icmp_ln69)> <Delay = 0.00>
ST_71 : Operation 196 [1/1] (0.80ns)   --->   "%icmp_ln78 = icmp_eq  i27 %sub_read, i27 %zext_ln69" [/home/Will/Documents/Research-Files/G-FPin_HW/Vitis/Basic_kernels/src/krnl_mm2s.cpp:78]   --->   Operation 196 'icmp' 'icmp_ln78' <Predicate = (!icmp_ln69)> <Delay = 0.80> <CoreInst = "Cmp">   --->   Core 9 'Cmp' <Latency = 0> <II = 1> <Delay = 0.61> <FuncUnit> <Opcode : 'icmp'> <InPorts = 2> <OutPorts = 1>
ST_71 : Operation 197 [1/1] (0.00ns)   --->   "%br_ln78 = br i1 %icmp_ln78, void, void %.split._crit_edge" [/home/Will/Documents/Research-Files/G-FPin_HW/Vitis/Basic_kernels/src/krnl_mm2s.cpp:78]   --->   Operation 197 'br' 'br_ln78' <Predicate = (!icmp_ln69)> <Delay = 0.00>
ST_71 : Operation 198 [1/1] (0.00ns)   --->   "%trunc_ln78 = trunc i26 %i_1" [/home/Will/Documents/Research-Files/G-FPin_HW/Vitis/Basic_kernels/src/krnl_mm2s.cpp:78]   --->   Operation 198 'trunc' 'trunc_ln78' <Predicate = (!icmp_ln69 & !icmp_ln78)> <Delay = 0.00>
ST_71 : Operation 199 [1/1] (0.00ns)   --->   "%shl_ln1 = bitconcatenate i32 @_ssdm_op_BitConcatenate.i32.i23.i9, i23 %trunc_ln78, i9 0" [/home/Will/Documents/Research-Files/G-FPin_HW/Vitis/Basic_kernels/src/krnl_mm2s.cpp:78]   --->   Operation 199 'bitconcatenate' 'shl_ln1' <Predicate = (!icmp_ln69 & !icmp_ln78)> <Delay = 0.00>
ST_71 : Operation 200 [1/1] (0.88ns)   --->   "%add_ln78 = add i32 %shl_ln1, i32 512" [/home/Will/Documents/Research-Files/G-FPin_HW/Vitis/Basic_kernels/src/krnl_mm2s.cpp:78]   --->   Operation 200 'add' 'add_ln78' <Predicate = (!icmp_ln69 & !icmp_ln78)> <Delay = 0.88> <CoreInst = "Adder">   --->   Core 1 'Adder' <Latency = 0> <II = 1> <Delay = 0.88> <FuncUnit> <Opcode : 'add' 'sub'> <InPorts = 2> <OutPorts = 1>
ST_71 : Operation 201 [1/1] (0.00ns)   --->   "%trunc_ln78_1 = partselect i29 @_ssdm_op_PartSelect.i29.i32.i32.i32, i32 %add_ln78, i32 3, i32 31" [/home/Will/Documents/Research-Files/G-FPin_HW/Vitis/Basic_kernels/src/krnl_mm2s.cpp:78]   --->   Operation 201 'partselect' 'trunc_ln78_1' <Predicate = (!icmp_ln69 & !icmp_ln78)> <Delay = 0.00>
ST_71 : Operation 202 [33/33] (1.16ns)   --->   "%urem_ln78 = urem i29 %trunc_ln78_1, i29 1408" [/home/Will/Documents/Research-Files/G-FPin_HW/Vitis/Basic_kernels/src/krnl_mm2s.cpp:78]   --->   Operation 202 'urem' 'urem_ln78' <Predicate = (!icmp_ln69 & !icmp_ln78)> <Delay = 1.16> <CoreInst = "Divider">   --->   Core 6 'Divider' <Latency = 32> <II = 1> <Delay = 1.16> <FuncUnit> <Opcode : 'sdiv' 'srem' 'udiv' 'urem'> <InPorts = 2> <OutPorts = 1>
ST_71 : Operation 203 [1/1] (0.38ns)   --->   "%store_ln69 = store i26 %add_ln69, i26 %i" [/home/Will/Documents/Research-Files/G-FPin_HW/Vitis/Basic_kernels/src/krnl_mm2s.cpp:69]   --->   Operation 203 'store' 'store_ln69' <Predicate = (!icmp_ln69)> <Delay = 0.38>

State 72 <SV = 71> <Delay = 1.16>
ST_72 : Operation 204 [32/33] (1.16ns)   --->   "%urem_ln78 = urem i29 %trunc_ln78_1, i29 1408" [/home/Will/Documents/Research-Files/G-FPin_HW/Vitis/Basic_kernels/src/krnl_mm2s.cpp:78]   --->   Operation 204 'urem' 'urem_ln78' <Predicate = (!icmp_ln69 & !icmp_ln78)> <Delay = 1.16> <CoreInst = "Divider">   --->   Core 6 'Divider' <Latency = 32> <II = 1> <Delay = 1.16> <FuncUnit> <Opcode : 'sdiv' 'srem' 'udiv' 'urem'> <InPorts = 2> <OutPorts = 1>

State 73 <SV = 72> <Delay = 1.16>
ST_73 : Operation 205 [31/33] (1.16ns)   --->   "%urem_ln78 = urem i29 %trunc_ln78_1, i29 1408" [/home/Will/Documents/Research-Files/G-FPin_HW/Vitis/Basic_kernels/src/krnl_mm2s.cpp:78]   --->   Operation 205 'urem' 'urem_ln78' <Predicate = (!icmp_ln69 & !icmp_ln78)> <Delay = 1.16> <CoreInst = "Divider">   --->   Core 6 'Divider' <Latency = 32> <II = 1> <Delay = 1.16> <FuncUnit> <Opcode : 'sdiv' 'srem' 'udiv' 'urem'> <InPorts = 2> <OutPorts = 1>

State 74 <SV = 73> <Delay = 1.16>
ST_74 : Operation 206 [30/33] (1.16ns)   --->   "%urem_ln78 = urem i29 %trunc_ln78_1, i29 1408" [/home/Will/Documents/Research-Files/G-FPin_HW/Vitis/Basic_kernels/src/krnl_mm2s.cpp:78]   --->   Operation 206 'urem' 'urem_ln78' <Predicate = (!icmp_ln69 & !icmp_ln78)> <Delay = 1.16> <CoreInst = "Divider">   --->   Core 6 'Divider' <Latency = 32> <II = 1> <Delay = 1.16> <FuncUnit> <Opcode : 'sdiv' 'srem' 'udiv' 'urem'> <InPorts = 2> <OutPorts = 1>

State 75 <SV = 74> <Delay = 1.16>
ST_75 : Operation 207 [29/33] (1.16ns)   --->   "%urem_ln78 = urem i29 %trunc_ln78_1, i29 1408" [/home/Will/Documents/Research-Files/G-FPin_HW/Vitis/Basic_kernels/src/krnl_mm2s.cpp:78]   --->   Operation 207 'urem' 'urem_ln78' <Predicate = (!icmp_ln69 & !icmp_ln78)> <Delay = 1.16> <CoreInst = "Divider">   --->   Core 6 'Divider' <Latency = 32> <II = 1> <Delay = 1.16> <FuncUnit> <Opcode : 'sdiv' 'srem' 'udiv' 'urem'> <InPorts = 2> <OutPorts = 1>

State 76 <SV = 75> <Delay = 1.16>
ST_76 : Operation 208 [28/33] (1.16ns)   --->   "%urem_ln78 = urem i29 %trunc_ln78_1, i29 1408" [/home/Will/Documents/Research-Files/G-FPin_HW/Vitis/Basic_kernels/src/krnl_mm2s.cpp:78]   --->   Operation 208 'urem' 'urem_ln78' <Predicate = (!icmp_ln69 & !icmp_ln78)> <Delay = 1.16> <CoreInst = "Divider">   --->   Core 6 'Divider' <Latency = 32> <II = 1> <Delay = 1.16> <FuncUnit> <Opcode : 'sdiv' 'srem' 'udiv' 'urem'> <InPorts = 2> <OutPorts = 1>

State 77 <SV = 76> <Delay = 1.16>
ST_77 : Operation 209 [27/33] (1.16ns)   --->   "%urem_ln78 = urem i29 %trunc_ln78_1, i29 1408" [/home/Will/Documents/Research-Files/G-FPin_HW/Vitis/Basic_kernels/src/krnl_mm2s.cpp:78]   --->   Operation 209 'urem' 'urem_ln78' <Predicate = (!icmp_ln69 & !icmp_ln78)> <Delay = 1.16> <CoreInst = "Divider">   --->   Core 6 'Divider' <Latency = 32> <II = 1> <Delay = 1.16> <FuncUnit> <Opcode : 'sdiv' 'srem' 'udiv' 'urem'> <InPorts = 2> <OutPorts = 1>

State 78 <SV = 77> <Delay = 1.16>
ST_78 : Operation 210 [26/33] (1.16ns)   --->   "%urem_ln78 = urem i29 %trunc_ln78_1, i29 1408" [/home/Will/Documents/Research-Files/G-FPin_HW/Vitis/Basic_kernels/src/krnl_mm2s.cpp:78]   --->   Operation 210 'urem' 'urem_ln78' <Predicate = (!icmp_ln69 & !icmp_ln78)> <Delay = 1.16> <CoreInst = "Divider">   --->   Core 6 'Divider' <Latency = 32> <II = 1> <Delay = 1.16> <FuncUnit> <Opcode : 'sdiv' 'srem' 'udiv' 'urem'> <InPorts = 2> <OutPorts = 1>

State 79 <SV = 78> <Delay = 1.16>
ST_79 : Operation 211 [25/33] (1.16ns)   --->   "%urem_ln78 = urem i29 %trunc_ln78_1, i29 1408" [/home/Will/Documents/Research-Files/G-FPin_HW/Vitis/Basic_kernels/src/krnl_mm2s.cpp:78]   --->   Operation 211 'urem' 'urem_ln78' <Predicate = (!icmp_ln69 & !icmp_ln78)> <Delay = 1.16> <CoreInst = "Divider">   --->   Core 6 'Divider' <Latency = 32> <II = 1> <Delay = 1.16> <FuncUnit> <Opcode : 'sdiv' 'srem' 'udiv' 'urem'> <InPorts = 2> <OutPorts = 1>

State 80 <SV = 79> <Delay = 1.16>
ST_80 : Operation 212 [24/33] (1.16ns)   --->   "%urem_ln78 = urem i29 %trunc_ln78_1, i29 1408" [/home/Will/Documents/Research-Files/G-FPin_HW/Vitis/Basic_kernels/src/krnl_mm2s.cpp:78]   --->   Operation 212 'urem' 'urem_ln78' <Predicate = (!icmp_ln69 & !icmp_ln78)> <Delay = 1.16> <CoreInst = "Divider">   --->   Core 6 'Divider' <Latency = 32> <II = 1> <Delay = 1.16> <FuncUnit> <Opcode : 'sdiv' 'srem' 'udiv' 'urem'> <InPorts = 2> <OutPorts = 1>

State 81 <SV = 80> <Delay = 1.16>
ST_81 : Operation 213 [23/33] (1.16ns)   --->   "%urem_ln78 = urem i29 %trunc_ln78_1, i29 1408" [/home/Will/Documents/Research-Files/G-FPin_HW/Vitis/Basic_kernels/src/krnl_mm2s.cpp:78]   --->   Operation 213 'urem' 'urem_ln78' <Predicate = (!icmp_ln69 & !icmp_ln78)> <Delay = 1.16> <CoreInst = "Divider">   --->   Core 6 'Divider' <Latency = 32> <II = 1> <Delay = 1.16> <FuncUnit> <Opcode : 'sdiv' 'srem' 'udiv' 'urem'> <InPorts = 2> <OutPorts = 1>

State 82 <SV = 81> <Delay = 1.16>
ST_82 : Operation 214 [22/33] (1.16ns)   --->   "%urem_ln78 = urem i29 %trunc_ln78_1, i29 1408" [/home/Will/Documents/Research-Files/G-FPin_HW/Vitis/Basic_kernels/src/krnl_mm2s.cpp:78]   --->   Operation 214 'urem' 'urem_ln78' <Predicate = (!icmp_ln69 & !icmp_ln78)> <Delay = 1.16> <CoreInst = "Divider">   --->   Core 6 'Divider' <Latency = 32> <II = 1> <Delay = 1.16> <FuncUnit> <Opcode : 'sdiv' 'srem' 'udiv' 'urem'> <InPorts = 2> <OutPorts = 1>

State 83 <SV = 82> <Delay = 1.16>
ST_83 : Operation 215 [21/33] (1.16ns)   --->   "%urem_ln78 = urem i29 %trunc_ln78_1, i29 1408" [/home/Will/Documents/Research-Files/G-FPin_HW/Vitis/Basic_kernels/src/krnl_mm2s.cpp:78]   --->   Operation 215 'urem' 'urem_ln78' <Predicate = (!icmp_ln69 & !icmp_ln78)> <Delay = 1.16> <CoreInst = "Divider">   --->   Core 6 'Divider' <Latency = 32> <II = 1> <Delay = 1.16> <FuncUnit> <Opcode : 'sdiv' 'srem' 'udiv' 'urem'> <InPorts = 2> <OutPorts = 1>

State 84 <SV = 83> <Delay = 1.16>
ST_84 : Operation 216 [20/33] (1.16ns)   --->   "%urem_ln78 = urem i29 %trunc_ln78_1, i29 1408" [/home/Will/Documents/Research-Files/G-FPin_HW/Vitis/Basic_kernels/src/krnl_mm2s.cpp:78]   --->   Operation 216 'urem' 'urem_ln78' <Predicate = (!icmp_ln69 & !icmp_ln78)> <Delay = 1.16> <CoreInst = "Divider">   --->   Core 6 'Divider' <Latency = 32> <II = 1> <Delay = 1.16> <FuncUnit> <Opcode : 'sdiv' 'srem' 'udiv' 'urem'> <InPorts = 2> <OutPorts = 1>

State 85 <SV = 84> <Delay = 1.16>
ST_85 : Operation 217 [19/33] (1.16ns)   --->   "%urem_ln78 = urem i29 %trunc_ln78_1, i29 1408" [/home/Will/Documents/Research-Files/G-FPin_HW/Vitis/Basic_kernels/src/krnl_mm2s.cpp:78]   --->   Operation 217 'urem' 'urem_ln78' <Predicate = (!icmp_ln69 & !icmp_ln78)> <Delay = 1.16> <CoreInst = "Divider">   --->   Core 6 'Divider' <Latency = 32> <II = 1> <Delay = 1.16> <FuncUnit> <Opcode : 'sdiv' 'srem' 'udiv' 'urem'> <InPorts = 2> <OutPorts = 1>

State 86 <SV = 85> <Delay = 1.16>
ST_86 : Operation 218 [18/33] (1.16ns)   --->   "%urem_ln78 = urem i29 %trunc_ln78_1, i29 1408" [/home/Will/Documents/Research-Files/G-FPin_HW/Vitis/Basic_kernels/src/krnl_mm2s.cpp:78]   --->   Operation 218 'urem' 'urem_ln78' <Predicate = (!icmp_ln69 & !icmp_ln78)> <Delay = 1.16> <CoreInst = "Divider">   --->   Core 6 'Divider' <Latency = 32> <II = 1> <Delay = 1.16> <FuncUnit> <Opcode : 'sdiv' 'srem' 'udiv' 'urem'> <InPorts = 2> <OutPorts = 1>

State 87 <SV = 86> <Delay = 1.16>
ST_87 : Operation 219 [17/33] (1.16ns)   --->   "%urem_ln78 = urem i29 %trunc_ln78_1, i29 1408" [/home/Will/Documents/Research-Files/G-FPin_HW/Vitis/Basic_kernels/src/krnl_mm2s.cpp:78]   --->   Operation 219 'urem' 'urem_ln78' <Predicate = (!icmp_ln69 & !icmp_ln78)> <Delay = 1.16> <CoreInst = "Divider">   --->   Core 6 'Divider' <Latency = 32> <II = 1> <Delay = 1.16> <FuncUnit> <Opcode : 'sdiv' 'srem' 'udiv' 'urem'> <InPorts = 2> <OutPorts = 1>

State 88 <SV = 87> <Delay = 1.16>
ST_88 : Operation 220 [16/33] (1.16ns)   --->   "%urem_ln78 = urem i29 %trunc_ln78_1, i29 1408" [/home/Will/Documents/Research-Files/G-FPin_HW/Vitis/Basic_kernels/src/krnl_mm2s.cpp:78]   --->   Operation 220 'urem' 'urem_ln78' <Predicate = (!icmp_ln69 & !icmp_ln78)> <Delay = 1.16> <CoreInst = "Divider">   --->   Core 6 'Divider' <Latency = 32> <II = 1> <Delay = 1.16> <FuncUnit> <Opcode : 'sdiv' 'srem' 'udiv' 'urem'> <InPorts = 2> <OutPorts = 1>

State 89 <SV = 88> <Delay = 1.16>
ST_89 : Operation 221 [15/33] (1.16ns)   --->   "%urem_ln78 = urem i29 %trunc_ln78_1, i29 1408" [/home/Will/Documents/Research-Files/G-FPin_HW/Vitis/Basic_kernels/src/krnl_mm2s.cpp:78]   --->   Operation 221 'urem' 'urem_ln78' <Predicate = (!icmp_ln69 & !icmp_ln78)> <Delay = 1.16> <CoreInst = "Divider">   --->   Core 6 'Divider' <Latency = 32> <II = 1> <Delay = 1.16> <FuncUnit> <Opcode : 'sdiv' 'srem' 'udiv' 'urem'> <InPorts = 2> <OutPorts = 1>

State 90 <SV = 89> <Delay = 1.16>
ST_90 : Operation 222 [14/33] (1.16ns)   --->   "%urem_ln78 = urem i29 %trunc_ln78_1, i29 1408" [/home/Will/Documents/Research-Files/G-FPin_HW/Vitis/Basic_kernels/src/krnl_mm2s.cpp:78]   --->   Operation 222 'urem' 'urem_ln78' <Predicate = (!icmp_ln69 & !icmp_ln78)> <Delay = 1.16> <CoreInst = "Divider">   --->   Core 6 'Divider' <Latency = 32> <II = 1> <Delay = 1.16> <FuncUnit> <Opcode : 'sdiv' 'srem' 'udiv' 'urem'> <InPorts = 2> <OutPorts = 1>

State 91 <SV = 90> <Delay = 1.16>
ST_91 : Operation 223 [13/33] (1.16ns)   --->   "%urem_ln78 = urem i29 %trunc_ln78_1, i29 1408" [/home/Will/Documents/Research-Files/G-FPin_HW/Vitis/Basic_kernels/src/krnl_mm2s.cpp:78]   --->   Operation 223 'urem' 'urem_ln78' <Predicate = (!icmp_ln69 & !icmp_ln78)> <Delay = 1.16> <CoreInst = "Divider">   --->   Core 6 'Divider' <Latency = 32> <II = 1> <Delay = 1.16> <FuncUnit> <Opcode : 'sdiv' 'srem' 'udiv' 'urem'> <InPorts = 2> <OutPorts = 1>

State 92 <SV = 91> <Delay = 1.16>
ST_92 : Operation 224 [12/33] (1.16ns)   --->   "%urem_ln78 = urem i29 %trunc_ln78_1, i29 1408" [/home/Will/Documents/Research-Files/G-FPin_HW/Vitis/Basic_kernels/src/krnl_mm2s.cpp:78]   --->   Operation 224 'urem' 'urem_ln78' <Predicate = (!icmp_ln69 & !icmp_ln78)> <Delay = 1.16> <CoreInst = "Divider">   --->   Core 6 'Divider' <Latency = 32> <II = 1> <Delay = 1.16> <FuncUnit> <Opcode : 'sdiv' 'srem' 'udiv' 'urem'> <InPorts = 2> <OutPorts = 1>

State 93 <SV = 92> <Delay = 1.16>
ST_93 : Operation 225 [11/33] (1.16ns)   --->   "%urem_ln78 = urem i29 %trunc_ln78_1, i29 1408" [/home/Will/Documents/Research-Files/G-FPin_HW/Vitis/Basic_kernels/src/krnl_mm2s.cpp:78]   --->   Operation 225 'urem' 'urem_ln78' <Predicate = (!icmp_ln69 & !icmp_ln78)> <Delay = 1.16> <CoreInst = "Divider">   --->   Core 6 'Divider' <Latency = 32> <II = 1> <Delay = 1.16> <FuncUnit> <Opcode : 'sdiv' 'srem' 'udiv' 'urem'> <InPorts = 2> <OutPorts = 1>

State 94 <SV = 93> <Delay = 1.16>
ST_94 : Operation 226 [10/33] (1.16ns)   --->   "%urem_ln78 = urem i29 %trunc_ln78_1, i29 1408" [/home/Will/Documents/Research-Files/G-FPin_HW/Vitis/Basic_kernels/src/krnl_mm2s.cpp:78]   --->   Operation 226 'urem' 'urem_ln78' <Predicate = (!icmp_ln69 & !icmp_ln78)> <Delay = 1.16> <CoreInst = "Divider">   --->   Core 6 'Divider' <Latency = 32> <II = 1> <Delay = 1.16> <FuncUnit> <Opcode : 'sdiv' 'srem' 'udiv' 'urem'> <InPorts = 2> <OutPorts = 1>

State 95 <SV = 94> <Delay = 1.16>
ST_95 : Operation 227 [9/33] (1.16ns)   --->   "%urem_ln78 = urem i29 %trunc_ln78_1, i29 1408" [/home/Will/Documents/Research-Files/G-FPin_HW/Vitis/Basic_kernels/src/krnl_mm2s.cpp:78]   --->   Operation 227 'urem' 'urem_ln78' <Predicate = (!icmp_ln69 & !icmp_ln78)> <Delay = 1.16> <CoreInst = "Divider">   --->   Core 6 'Divider' <Latency = 32> <II = 1> <Delay = 1.16> <FuncUnit> <Opcode : 'sdiv' 'srem' 'udiv' 'urem'> <InPorts = 2> <OutPorts = 1>

State 96 <SV = 95> <Delay = 1.16>
ST_96 : Operation 228 [8/33] (1.16ns)   --->   "%urem_ln78 = urem i29 %trunc_ln78_1, i29 1408" [/home/Will/Documents/Research-Files/G-FPin_HW/Vitis/Basic_kernels/src/krnl_mm2s.cpp:78]   --->   Operation 228 'urem' 'urem_ln78' <Predicate = (!icmp_ln69 & !icmp_ln78)> <Delay = 1.16> <CoreInst = "Divider">   --->   Core 6 'Divider' <Latency = 32> <II = 1> <Delay = 1.16> <FuncUnit> <Opcode : 'sdiv' 'srem' 'udiv' 'urem'> <InPorts = 2> <OutPorts = 1>

State 97 <SV = 96> <Delay = 1.16>
ST_97 : Operation 229 [7/33] (1.16ns)   --->   "%urem_ln78 = urem i29 %trunc_ln78_1, i29 1408" [/home/Will/Documents/Research-Files/G-FPin_HW/Vitis/Basic_kernels/src/krnl_mm2s.cpp:78]   --->   Operation 229 'urem' 'urem_ln78' <Predicate = (!icmp_ln69 & !icmp_ln78)> <Delay = 1.16> <CoreInst = "Divider">   --->   Core 6 'Divider' <Latency = 32> <II = 1> <Delay = 1.16> <FuncUnit> <Opcode : 'sdiv' 'srem' 'udiv' 'urem'> <InPorts = 2> <OutPorts = 1>

State 98 <SV = 97> <Delay = 1.16>
ST_98 : Operation 230 [6/33] (1.16ns)   --->   "%urem_ln78 = urem i29 %trunc_ln78_1, i29 1408" [/home/Will/Documents/Research-Files/G-FPin_HW/Vitis/Basic_kernels/src/krnl_mm2s.cpp:78]   --->   Operation 230 'urem' 'urem_ln78' <Predicate = (!icmp_ln69 & !icmp_ln78)> <Delay = 1.16> <CoreInst = "Divider">   --->   Core 6 'Divider' <Latency = 32> <II = 1> <Delay = 1.16> <FuncUnit> <Opcode : 'sdiv' 'srem' 'udiv' 'urem'> <InPorts = 2> <OutPorts = 1>

State 99 <SV = 98> <Delay = 1.16>
ST_99 : Operation 231 [5/33] (1.16ns)   --->   "%urem_ln78 = urem i29 %trunc_ln78_1, i29 1408" [/home/Will/Documents/Research-Files/G-FPin_HW/Vitis/Basic_kernels/src/krnl_mm2s.cpp:78]   --->   Operation 231 'urem' 'urem_ln78' <Predicate = (!icmp_ln69 & !icmp_ln78)> <Delay = 1.16> <CoreInst = "Divider">   --->   Core 6 'Divider' <Latency = 32> <II = 1> <Delay = 1.16> <FuncUnit> <Opcode : 'sdiv' 'srem' 'udiv' 'urem'> <InPorts = 2> <OutPorts = 1>

State 100 <SV = 99> <Delay = 1.16>
ST_100 : Operation 232 [4/33] (1.16ns)   --->   "%urem_ln78 = urem i29 %trunc_ln78_1, i29 1408" [/home/Will/Documents/Research-Files/G-FPin_HW/Vitis/Basic_kernels/src/krnl_mm2s.cpp:78]   --->   Operation 232 'urem' 'urem_ln78' <Predicate = (!icmp_ln69 & !icmp_ln78)> <Delay = 1.16> <CoreInst = "Divider">   --->   Core 6 'Divider' <Latency = 32> <II = 1> <Delay = 1.16> <FuncUnit> <Opcode : 'sdiv' 'srem' 'udiv' 'urem'> <InPorts = 2> <OutPorts = 1>

State 101 <SV = 100> <Delay = 1.16>
ST_101 : Operation 233 [3/33] (1.16ns)   --->   "%urem_ln78 = urem i29 %trunc_ln78_1, i29 1408" [/home/Will/Documents/Research-Files/G-FPin_HW/Vitis/Basic_kernels/src/krnl_mm2s.cpp:78]   --->   Operation 233 'urem' 'urem_ln78' <Predicate = (!icmp_ln69 & !icmp_ln78)> <Delay = 1.16> <CoreInst = "Divider">   --->   Core 6 'Divider' <Latency = 32> <II = 1> <Delay = 1.16> <FuncUnit> <Opcode : 'sdiv' 'srem' 'udiv' 'urem'> <InPorts = 2> <OutPorts = 1>

State 102 <SV = 101> <Delay = 1.16>
ST_102 : Operation 234 [2/33] (1.16ns)   --->   "%urem_ln78 = urem i29 %trunc_ln78_1, i29 1408" [/home/Will/Documents/Research-Files/G-FPin_HW/Vitis/Basic_kernels/src/krnl_mm2s.cpp:78]   --->   Operation 234 'urem' 'urem_ln78' <Predicate = (!icmp_ln69 & !icmp_ln78)> <Delay = 1.16> <CoreInst = "Divider">   --->   Core 6 'Divider' <Latency = 32> <II = 1> <Delay = 1.16> <FuncUnit> <Opcode : 'sdiv' 'srem' 'udiv' 'urem'> <InPorts = 2> <OutPorts = 1>

State 103 <SV = 102> <Delay = 2.43>
ST_103 : Operation 235 [1/1] (0.00ns)   --->   "%specpipeline_ln69 = specpipeline void @_ssdm_op_SpecPipeline, i32 1, i32 0, i32 0, i32 0, void @empty_5" [/home/Will/Documents/Research-Files/G-FPin_HW/Vitis/Basic_kernels/src/krnl_mm2s.cpp:69]   --->   Operation 235 'specpipeline' 'specpipeline_ln69' <Predicate = true> <Delay = 0.00>
ST_103 : Operation 236 [1/1] (0.00ns)   --->   "%specloopname_ln69 = specloopname void @_ssdm_op_SpecLoopName, void @empty_11" [/home/Will/Documents/Research-Files/G-FPin_HW/Vitis/Basic_kernels/src/krnl_mm2s.cpp:69]   --->   Operation 236 'specloopname' 'specloopname_ln69' <Predicate = true> <Delay = 0.00>
ST_103 : Operation 237 [1/1] (2.43ns)   --->   "%tmp_data_V = read i512 @_ssdm_op_Read.m_axi.i512P1A, i512 %gmem_addr" [/home/Will/Documents/Research-Files/G-FPin_HW/Vitis/Basic_kernels/src/krnl_mm2s.cpp:72]   --->   Operation 237 'read' 'tmp_data_V' <Predicate = true> <Delay = 2.43> <CoreInst = "m_axi">   --->   Core 121 'm_axi' <Latency = 6> <II = 1> <Delay = 1.00> <Adapter> <Opcode : 'read' 'write' 'readreq' 'writereq' 'writeresp'>
ST_103 : Operation 238 [1/33] (1.16ns)   --->   "%urem_ln78 = urem i29 %trunc_ln78_1, i29 1408" [/home/Will/Documents/Research-Files/G-FPin_HW/Vitis/Basic_kernels/src/krnl_mm2s.cpp:78]   --->   Operation 238 'urem' 'urem_ln78' <Predicate = (!icmp_ln69 & !icmp_ln78)> <Delay = 1.16> <CoreInst = "Divider">   --->   Core 6 'Divider' <Latency = 32> <II = 1> <Delay = 1.16> <FuncUnit> <Opcode : 'sdiv' 'srem' 'udiv' 'urem'> <InPorts = 2> <OutPorts = 1>
ST_103 : Operation 239 [1/1] (0.00ns)   --->   "%trunc_ln78_2 = trunc i11 %urem_ln78" [/home/Will/Documents/Research-Files/G-FPin_HW/Vitis/Basic_kernels/src/krnl_mm2s.cpp:78]   --->   Operation 239 'trunc' 'trunc_ln78_2' <Predicate = (!icmp_ln69 & !icmp_ln78)> <Delay = 0.00>
ST_103 : Operation 240 [1/1] (0.61ns)   --->   "%icmp_ln78_1 = icmp_eq  i11 %trunc_ln78_2, i11 0" [/home/Will/Documents/Research-Files/G-FPin_HW/Vitis/Basic_kernels/src/krnl_mm2s.cpp:78]   --->   Operation 240 'icmp' 'icmp_ln78_1' <Predicate = (!icmp_ln69 & !icmp_ln78)> <Delay = 0.61> <CoreInst = "Cmp">   --->   Core 9 'Cmp' <Latency = 0> <II = 1> <Delay = 0.61> <FuncUnit> <Opcode : 'icmp'> <InPorts = 2> <OutPorts = 1>
ST_103 : Operation 241 [1/1] (0.38ns)   --->   "%br_ln78 = br i1 %icmp_ln78_1, void %xcl_latency..0_end, void %.split._crit_edge" [/home/Will/Documents/Research-Files/G-FPin_HW/Vitis/Basic_kernels/src/krnl_mm2s.cpp:78]   --->   Operation 241 'br' 'br_ln78' <Predicate = (!icmp_ln69 & !icmp_ln78)> <Delay = 0.38>
ST_103 : Operation 242 [1/1] (0.38ns)   --->   "%br_ln79 = br void %xcl_latency..0_end" [/home/Will/Documents/Research-Files/G-FPin_HW/Vitis/Basic_kernels/src/krnl_mm2s.cpp:79]   --->   Operation 242 'br' 'br_ln79' <Predicate = (!icmp_ln69 & icmp_ln78_1) | (!icmp_ln69 & icmp_ln78)> <Delay = 0.38>
ST_103 : Operation 243 [1/1] (0.00ns)   --->   "%v_last_V = phi i1 1, void %.split._crit_edge, i1 0, void"   --->   Operation 243 'phi' 'v_last_V' <Predicate = true> <Delay = 0.00>
ST_103 : Operation 244 [1/1] (0.00ns)   --->   "%write_ln304 = write void @_ssdm_op_Write.axis.volatile.i512P0A.i64P0A.i64P0A.i1P0A.i1P0A.i1P0A.i16P0A, i512 %k2n_V_data_V, i64 %k2n_V_keep_V, i64 %k2n_V_strb_V, i1 %k2n_V_user_V, i1 %k2n_V_last_V, i1 %k2n_V_id_V, i16 %k2n_V_dest_V, i512 %tmp_data_V, i64 18446744073709551615, i64 0, i1 0, i1 %v_last_V, i1 0, i16 %v_dest_V_read"   --->   Operation 244 'write' 'write_ln304' <Predicate = true> <Delay = 0.00> <CoreInst = "axis">   --->   Core 123 'axis' <Latency = 0> <II = 1> <Delay = 1.00> <Adapter> <Opcode : >
ST_103 : Operation 245 [1/1] (0.00ns)   --->   "%speclatency_ln85 = speclatency void @_ssdm_op_SpecLatency, i64 1, i64 1000, void @empty_5" [/home/Will/Documents/Research-Files/G-FPin_HW/Vitis/Basic_kernels/src/krnl_mm2s.cpp:85]   --->   Operation 245 'speclatency' 'speclatency_ln85' <Predicate = true> <Delay = 0.00>
ST_103 : Operation 246 [1/1] (0.00ns)   --->   "%rend = specregionend i32 @_ssdm_op_SpecRegionEnd, void @empty_4, i32 %rbegin" [/home/Will/Documents/Research-Files/G-FPin_HW/Vitis/Basic_kernels/src/krnl_mm2s.cpp:85]   --->   Operation 246 'specregionend' 'rend' <Predicate = true> <Delay = 0.00>
ST_103 : Operation 247 [1/1] (0.00ns)   --->   "%br_ln0 = br void"   --->   Operation 247 'br' 'br_ln0' <Predicate = true> <Delay = 0.00>

State 104 <SV = 103> <Delay = 0.00>
ST_104 : Operation 248 [1/1] (0.00ns)   --->   "%ret_ln0 = ret"   --->   Operation 248 'ret' 'ret_ln0' <Predicate = true> <Delay = 0.00>


============================================================
+ Verbose Summary: Timing violations
============================================================
Target clock period: 3.33ns, clock uncertainty: 0.9ns.

 <State 1>: 2.43ns
The critical path consists of the following:
	wire read operation ('tmp') on port 'empty' [17]  (0 ns)
	bus request operation ('p_rd_req', /home/Will/Documents/Research-Files/G-FPin_HW/Vitis/Basic_kernels/src/krnl_mm2s.cpp:72) on port 'gmem' (/home/Will/Documents/Research-Files/G-FPin_HW/Vitis/Basic_kernels/src/krnl_mm2s.cpp:72) [27]  (2.43 ns)

 <State 2>: 2.43ns
The critical path consists of the following:
	bus request operation ('p_rd_req', /home/Will/Documents/Research-Files/G-FPin_HW/Vitis/Basic_kernels/src/krnl_mm2s.cpp:72) on port 'gmem' (/home/Will/Documents/Research-Files/G-FPin_HW/Vitis/Basic_kernels/src/krnl_mm2s.cpp:72) [27]  (2.43 ns)

 <State 3>: 2.43ns
The critical path consists of the following:
	bus request operation ('p_rd_req', /home/Will/Documents/Research-Files/G-FPin_HW/Vitis/Basic_kernels/src/krnl_mm2s.cpp:72) on port 'gmem' (/home/Will/Documents/Research-Files/G-FPin_HW/Vitis/Basic_kernels/src/krnl_mm2s.cpp:72) [27]  (2.43 ns)

 <State 4>: 2.43ns
The critical path consists of the following:
	bus request operation ('p_rd_req', /home/Will/Documents/Research-Files/G-FPin_HW/Vitis/Basic_kernels/src/krnl_mm2s.cpp:72) on port 'gmem' (/home/Will/Documents/Research-Files/G-FPin_HW/Vitis/Basic_kernels/src/krnl_mm2s.cpp:72) [27]  (2.43 ns)

 <State 5>: 2.43ns
The critical path consists of the following:
	bus request operation ('p_rd_req', /home/Will/Documents/Research-Files/G-FPin_HW/Vitis/Basic_kernels/src/krnl_mm2s.cpp:72) on port 'gmem' (/home/Will/Documents/Research-Files/G-FPin_HW/Vitis/Basic_kernels/src/krnl_mm2s.cpp:72) [27]  (2.43 ns)

 <State 6>: 2.43ns
The critical path consists of the following:
	bus request operation ('p_rd_req', /home/Will/Documents/Research-Files/G-FPin_HW/Vitis/Basic_kernels/src/krnl_mm2s.cpp:72) on port 'gmem' (/home/Will/Documents/Research-Files/G-FPin_HW/Vitis/Basic_kernels/src/krnl_mm2s.cpp:72) [27]  (2.43 ns)

 <State 7>: 2.43ns
The critical path consists of the following:
	bus request operation ('p_rd_req', /home/Will/Documents/Research-Files/G-FPin_HW/Vitis/Basic_kernels/src/krnl_mm2s.cpp:72) on port 'gmem' (/home/Will/Documents/Research-Files/G-FPin_HW/Vitis/Basic_kernels/src/krnl_mm2s.cpp:72) [27]  (2.43 ns)

 <State 8>: 2.43ns
The critical path consists of the following:
	bus request operation ('p_rd_req', /home/Will/Documents/Research-Files/G-FPin_HW/Vitis/Basic_kernels/src/krnl_mm2s.cpp:72) on port 'gmem' (/home/Will/Documents/Research-Files/G-FPin_HW/Vitis/Basic_kernels/src/krnl_mm2s.cpp:72) [27]  (2.43 ns)

 <State 9>: 2.43ns
The critical path consists of the following:
	bus request operation ('p_rd_req', /home/Will/Documents/Research-Files/G-FPin_HW/Vitis/Basic_kernels/src/krnl_mm2s.cpp:72) on port 'gmem' (/home/Will/Documents/Research-Files/G-FPin_HW/Vitis/Basic_kernels/src/krnl_mm2s.cpp:72) [27]  (2.43 ns)

 <State 10>: 2.43ns
The critical path consists of the following:
	bus request operation ('p_rd_req', /home/Will/Documents/Research-Files/G-FPin_HW/Vitis/Basic_kernels/src/krnl_mm2s.cpp:72) on port 'gmem' (/home/Will/Documents/Research-Files/G-FPin_HW/Vitis/Basic_kernels/src/krnl_mm2s.cpp:72) [27]  (2.43 ns)

 <State 11>: 2.43ns
The critical path consists of the following:
	bus request operation ('p_rd_req', /home/Will/Documents/Research-Files/G-FPin_HW/Vitis/Basic_kernels/src/krnl_mm2s.cpp:72) on port 'gmem' (/home/Will/Documents/Research-Files/G-FPin_HW/Vitis/Basic_kernels/src/krnl_mm2s.cpp:72) [27]  (2.43 ns)

 <State 12>: 2.43ns
The critical path consists of the following:
	bus request operation ('p_rd_req', /home/Will/Documents/Research-Files/G-FPin_HW/Vitis/Basic_kernels/src/krnl_mm2s.cpp:72) on port 'gmem' (/home/Will/Documents/Research-Files/G-FPin_HW/Vitis/Basic_kernels/src/krnl_mm2s.cpp:72) [27]  (2.43 ns)

 <State 13>: 2.43ns
The critical path consists of the following:
	bus request operation ('p_rd_req', /home/Will/Documents/Research-Files/G-FPin_HW/Vitis/Basic_kernels/src/krnl_mm2s.cpp:72) on port 'gmem' (/home/Will/Documents/Research-Files/G-FPin_HW/Vitis/Basic_kernels/src/krnl_mm2s.cpp:72) [27]  (2.43 ns)

 <State 14>: 2.43ns
The critical path consists of the following:
	bus request operation ('p_rd_req', /home/Will/Documents/Research-Files/G-FPin_HW/Vitis/Basic_kernels/src/krnl_mm2s.cpp:72) on port 'gmem' (/home/Will/Documents/Research-Files/G-FPin_HW/Vitis/Basic_kernels/src/krnl_mm2s.cpp:72) [27]  (2.43 ns)

 <State 15>: 2.43ns
The critical path consists of the following:
	bus request operation ('p_rd_req', /home/Will/Documents/Research-Files/G-FPin_HW/Vitis/Basic_kernels/src/krnl_mm2s.cpp:72) on port 'gmem' (/home/Will/Documents/Research-Files/G-FPin_HW/Vitis/Basic_kernels/src/krnl_mm2s.cpp:72) [27]  (2.43 ns)

 <State 16>: 2.43ns
The critical path consists of the following:
	bus request operation ('p_rd_req', /home/Will/Documents/Research-Files/G-FPin_HW/Vitis/Basic_kernels/src/krnl_mm2s.cpp:72) on port 'gmem' (/home/Will/Documents/Research-Files/G-FPin_HW/Vitis/Basic_kernels/src/krnl_mm2s.cpp:72) [27]  (2.43 ns)

 <State 17>: 2.43ns
The critical path consists of the following:
	bus request operation ('p_rd_req', /home/Will/Documents/Research-Files/G-FPin_HW/Vitis/Basic_kernels/src/krnl_mm2s.cpp:72) on port 'gmem' (/home/Will/Documents/Research-Files/G-FPin_HW/Vitis/Basic_kernels/src/krnl_mm2s.cpp:72) [27]  (2.43 ns)

 <State 18>: 2.43ns
The critical path consists of the following:
	bus request operation ('p_rd_req', /home/Will/Documents/Research-Files/G-FPin_HW/Vitis/Basic_kernels/src/krnl_mm2s.cpp:72) on port 'gmem' (/home/Will/Documents/Research-Files/G-FPin_HW/Vitis/Basic_kernels/src/krnl_mm2s.cpp:72) [27]  (2.43 ns)

 <State 19>: 2.43ns
The critical path consists of the following:
	bus request operation ('p_rd_req', /home/Will/Documents/Research-Files/G-FPin_HW/Vitis/Basic_kernels/src/krnl_mm2s.cpp:72) on port 'gmem' (/home/Will/Documents/Research-Files/G-FPin_HW/Vitis/Basic_kernels/src/krnl_mm2s.cpp:72) [27]  (2.43 ns)

 <State 20>: 2.43ns
The critical path consists of the following:
	bus request operation ('p_rd_req', /home/Will/Documents/Research-Files/G-FPin_HW/Vitis/Basic_kernels/src/krnl_mm2s.cpp:72) on port 'gmem' (/home/Will/Documents/Research-Files/G-FPin_HW/Vitis/Basic_kernels/src/krnl_mm2s.cpp:72) [27]  (2.43 ns)

 <State 21>: 2.43ns
The critical path consists of the following:
	bus request operation ('p_rd_req', /home/Will/Documents/Research-Files/G-FPin_HW/Vitis/Basic_kernels/src/krnl_mm2s.cpp:72) on port 'gmem' (/home/Will/Documents/Research-Files/G-FPin_HW/Vitis/Basic_kernels/src/krnl_mm2s.cpp:72) [27]  (2.43 ns)

 <State 22>: 2.43ns
The critical path consists of the following:
	bus request operation ('p_rd_req', /home/Will/Documents/Research-Files/G-FPin_HW/Vitis/Basic_kernels/src/krnl_mm2s.cpp:72) on port 'gmem' (/home/Will/Documents/Research-Files/G-FPin_HW/Vitis/Basic_kernels/src/krnl_mm2s.cpp:72) [27]  (2.43 ns)

 <State 23>: 2.43ns
The critical path consists of the following:
	bus request operation ('p_rd_req', /home/Will/Documents/Research-Files/G-FPin_HW/Vitis/Basic_kernels/src/krnl_mm2s.cpp:72) on port 'gmem' (/home/Will/Documents/Research-Files/G-FPin_HW/Vitis/Basic_kernels/src/krnl_mm2s.cpp:72) [27]  (2.43 ns)

 <State 24>: 2.43ns
The critical path consists of the following:
	bus request operation ('p_rd_req', /home/Will/Documents/Research-Files/G-FPin_HW/Vitis/Basic_kernels/src/krnl_mm2s.cpp:72) on port 'gmem' (/home/Will/Documents/Research-Files/G-FPin_HW/Vitis/Basic_kernels/src/krnl_mm2s.cpp:72) [27]  (2.43 ns)

 <State 25>: 2.43ns
The critical path consists of the following:
	bus request operation ('p_rd_req', /home/Will/Documents/Research-Files/G-FPin_HW/Vitis/Basic_kernels/src/krnl_mm2s.cpp:72) on port 'gmem' (/home/Will/Documents/Research-Files/G-FPin_HW/Vitis/Basic_kernels/src/krnl_mm2s.cpp:72) [27]  (2.43 ns)

 <State 26>: 2.43ns
The critical path consists of the following:
	bus request operation ('p_rd_req', /home/Will/Documents/Research-Files/G-FPin_HW/Vitis/Basic_kernels/src/krnl_mm2s.cpp:72) on port 'gmem' (/home/Will/Documents/Research-Files/G-FPin_HW/Vitis/Basic_kernels/src/krnl_mm2s.cpp:72) [27]  (2.43 ns)

 <State 27>: 2.43ns
The critical path consists of the following:
	bus request operation ('p_rd_req', /home/Will/Documents/Research-Files/G-FPin_HW/Vitis/Basic_kernels/src/krnl_mm2s.cpp:72) on port 'gmem' (/home/Will/Documents/Research-Files/G-FPin_HW/Vitis/Basic_kernels/src/krnl_mm2s.cpp:72) [27]  (2.43 ns)

 <State 28>: 2.43ns
The critical path consists of the following:
	bus request operation ('p_rd_req', /home/Will/Documents/Research-Files/G-FPin_HW/Vitis/Basic_kernels/src/krnl_mm2s.cpp:72) on port 'gmem' (/home/Will/Documents/Research-Files/G-FPin_HW/Vitis/Basic_kernels/src/krnl_mm2s.cpp:72) [27]  (2.43 ns)

 <State 29>: 2.43ns
The critical path consists of the following:
	bus request operation ('p_rd_req', /home/Will/Documents/Research-Files/G-FPin_HW/Vitis/Basic_kernels/src/krnl_mm2s.cpp:72) on port 'gmem' (/home/Will/Documents/Research-Files/G-FPin_HW/Vitis/Basic_kernels/src/krnl_mm2s.cpp:72) [27]  (2.43 ns)

 <State 30>: 2.43ns
The critical path consists of the following:
	bus request operation ('p_rd_req', /home/Will/Documents/Research-Files/G-FPin_HW/Vitis/Basic_kernels/src/krnl_mm2s.cpp:72) on port 'gmem' (/home/Will/Documents/Research-Files/G-FPin_HW/Vitis/Basic_kernels/src/krnl_mm2s.cpp:72) [27]  (2.43 ns)

 <State 31>: 2.43ns
The critical path consists of the following:
	bus request operation ('p_rd_req', /home/Will/Documents/Research-Files/G-FPin_HW/Vitis/Basic_kernels/src/krnl_mm2s.cpp:72) on port 'gmem' (/home/Will/Documents/Research-Files/G-FPin_HW/Vitis/Basic_kernels/src/krnl_mm2s.cpp:72) [27]  (2.43 ns)

 <State 32>: 2.43ns
The critical path consists of the following:
	bus request operation ('p_rd_req', /home/Will/Documents/Research-Files/G-FPin_HW/Vitis/Basic_kernels/src/krnl_mm2s.cpp:72) on port 'gmem' (/home/Will/Documents/Research-Files/G-FPin_HW/Vitis/Basic_kernels/src/krnl_mm2s.cpp:72) [27]  (2.43 ns)

 <State 33>: 2.43ns
The critical path consists of the following:
	bus request operation ('p_rd_req', /home/Will/Documents/Research-Files/G-FPin_HW/Vitis/Basic_kernels/src/krnl_mm2s.cpp:72) on port 'gmem' (/home/Will/Documents/Research-Files/G-FPin_HW/Vitis/Basic_kernels/src/krnl_mm2s.cpp:72) [27]  (2.43 ns)

 <State 34>: 2.43ns
The critical path consists of the following:
	bus request operation ('p_rd_req', /home/Will/Documents/Research-Files/G-FPin_HW/Vitis/Basic_kernels/src/krnl_mm2s.cpp:72) on port 'gmem' (/home/Will/Documents/Research-Files/G-FPin_HW/Vitis/Basic_kernels/src/krnl_mm2s.cpp:72) [27]  (2.43 ns)

 <State 35>: 2.43ns
The critical path consists of the following:
	bus request operation ('p_rd_req', /home/Will/Documents/Research-Files/G-FPin_HW/Vitis/Basic_kernels/src/krnl_mm2s.cpp:72) on port 'gmem' (/home/Will/Documents/Research-Files/G-FPin_HW/Vitis/Basic_kernels/src/krnl_mm2s.cpp:72) [27]  (2.43 ns)

 <State 36>: 2.43ns
The critical path consists of the following:
	bus request operation ('p_rd_req', /home/Will/Documents/Research-Files/G-FPin_HW/Vitis/Basic_kernels/src/krnl_mm2s.cpp:72) on port 'gmem' (/home/Will/Documents/Research-Files/G-FPin_HW/Vitis/Basic_kernels/src/krnl_mm2s.cpp:72) [27]  (2.43 ns)

 <State 37>: 2.43ns
The critical path consists of the following:
	bus request operation ('p_rd_req', /home/Will/Documents/Research-Files/G-FPin_HW/Vitis/Basic_kernels/src/krnl_mm2s.cpp:72) on port 'gmem' (/home/Will/Documents/Research-Files/G-FPin_HW/Vitis/Basic_kernels/src/krnl_mm2s.cpp:72) [27]  (2.43 ns)

 <State 38>: 2.43ns
The critical path consists of the following:
	bus request operation ('p_rd_req', /home/Will/Documents/Research-Files/G-FPin_HW/Vitis/Basic_kernels/src/krnl_mm2s.cpp:72) on port 'gmem' (/home/Will/Documents/Research-Files/G-FPin_HW/Vitis/Basic_kernels/src/krnl_mm2s.cpp:72) [27]  (2.43 ns)

 <State 39>: 2.43ns
The critical path consists of the following:
	bus request operation ('p_rd_req', /home/Will/Documents/Research-Files/G-FPin_HW/Vitis/Basic_kernels/src/krnl_mm2s.cpp:72) on port 'gmem' (/home/Will/Documents/Research-Files/G-FPin_HW/Vitis/Basic_kernels/src/krnl_mm2s.cpp:72) [27]  (2.43 ns)

 <State 40>: 2.43ns
The critical path consists of the following:
	bus request operation ('p_rd_req', /home/Will/Documents/Research-Files/G-FPin_HW/Vitis/Basic_kernels/src/krnl_mm2s.cpp:72) on port 'gmem' (/home/Will/Documents/Research-Files/G-FPin_HW/Vitis/Basic_kernels/src/krnl_mm2s.cpp:72) [27]  (2.43 ns)

 <State 41>: 2.43ns
The critical path consists of the following:
	bus request operation ('p_rd_req', /home/Will/Documents/Research-Files/G-FPin_HW/Vitis/Basic_kernels/src/krnl_mm2s.cpp:72) on port 'gmem' (/home/Will/Documents/Research-Files/G-FPin_HW/Vitis/Basic_kernels/src/krnl_mm2s.cpp:72) [27]  (2.43 ns)

 <State 42>: 2.43ns
The critical path consists of the following:
	bus request operation ('p_rd_req', /home/Will/Documents/Research-Files/G-FPin_HW/Vitis/Basic_kernels/src/krnl_mm2s.cpp:72) on port 'gmem' (/home/Will/Documents/Research-Files/G-FPin_HW/Vitis/Basic_kernels/src/krnl_mm2s.cpp:72) [27]  (2.43 ns)

 <State 43>: 2.43ns
The critical path consists of the following:
	bus request operation ('p_rd_req', /home/Will/Documents/Research-Files/G-FPin_HW/Vitis/Basic_kernels/src/krnl_mm2s.cpp:72) on port 'gmem' (/home/Will/Documents/Research-Files/G-FPin_HW/Vitis/Basic_kernels/src/krnl_mm2s.cpp:72) [27]  (2.43 ns)

 <State 44>: 2.43ns
The critical path consists of the following:
	bus request operation ('p_rd_req', /home/Will/Documents/Research-Files/G-FPin_HW/Vitis/Basic_kernels/src/krnl_mm2s.cpp:72) on port 'gmem' (/home/Will/Documents/Research-Files/G-FPin_HW/Vitis/Basic_kernels/src/krnl_mm2s.cpp:72) [27]  (2.43 ns)

 <State 45>: 2.43ns
The critical path consists of the following:
	bus request operation ('p_rd_req', /home/Will/Documents/Research-Files/G-FPin_HW/Vitis/Basic_kernels/src/krnl_mm2s.cpp:72) on port 'gmem' (/home/Will/Documents/Research-Files/G-FPin_HW/Vitis/Basic_kernels/src/krnl_mm2s.cpp:72) [27]  (2.43 ns)

 <State 46>: 2.43ns
The critical path consists of the following:
	bus request operation ('p_rd_req', /home/Will/Documents/Research-Files/G-FPin_HW/Vitis/Basic_kernels/src/krnl_mm2s.cpp:72) on port 'gmem' (/home/Will/Documents/Research-Files/G-FPin_HW/Vitis/Basic_kernels/src/krnl_mm2s.cpp:72) [27]  (2.43 ns)

 <State 47>: 2.43ns
The critical path consists of the following:
	bus request operation ('p_rd_req', /home/Will/Documents/Research-Files/G-FPin_HW/Vitis/Basic_kernels/src/krnl_mm2s.cpp:72) on port 'gmem' (/home/Will/Documents/Research-Files/G-FPin_HW/Vitis/Basic_kernels/src/krnl_mm2s.cpp:72) [27]  (2.43 ns)

 <State 48>: 2.43ns
The critical path consists of the following:
	bus request operation ('p_rd_req', /home/Will/Documents/Research-Files/G-FPin_HW/Vitis/Basic_kernels/src/krnl_mm2s.cpp:72) on port 'gmem' (/home/Will/Documents/Research-Files/G-FPin_HW/Vitis/Basic_kernels/src/krnl_mm2s.cpp:72) [27]  (2.43 ns)

 <State 49>: 2.43ns
The critical path consists of the following:
	bus request operation ('p_rd_req', /home/Will/Documents/Research-Files/G-FPin_HW/Vitis/Basic_kernels/src/krnl_mm2s.cpp:72) on port 'gmem' (/home/Will/Documents/Research-Files/G-FPin_HW/Vitis/Basic_kernels/src/krnl_mm2s.cpp:72) [27]  (2.43 ns)

 <State 50>: 2.43ns
The critical path consists of the following:
	bus request operation ('p_rd_req', /home/Will/Documents/Research-Files/G-FPin_HW/Vitis/Basic_kernels/src/krnl_mm2s.cpp:72) on port 'gmem' (/home/Will/Documents/Research-Files/G-FPin_HW/Vitis/Basic_kernels/src/krnl_mm2s.cpp:72) [27]  (2.43 ns)

 <State 51>: 2.43ns
The critical path consists of the following:
	bus request operation ('p_rd_req', /home/Will/Documents/Research-Files/G-FPin_HW/Vitis/Basic_kernels/src/krnl_mm2s.cpp:72) on port 'gmem' (/home/Will/Documents/Research-Files/G-FPin_HW/Vitis/Basic_kernels/src/krnl_mm2s.cpp:72) [27]  (2.43 ns)

 <State 52>: 2.43ns
The critical path consists of the following:
	bus request operation ('p_rd_req', /home/Will/Documents/Research-Files/G-FPin_HW/Vitis/Basic_kernels/src/krnl_mm2s.cpp:72) on port 'gmem' (/home/Will/Documents/Research-Files/G-FPin_HW/Vitis/Basic_kernels/src/krnl_mm2s.cpp:72) [27]  (2.43 ns)

 <State 53>: 2.43ns
The critical path consists of the following:
	bus request operation ('p_rd_req', /home/Will/Documents/Research-Files/G-FPin_HW/Vitis/Basic_kernels/src/krnl_mm2s.cpp:72) on port 'gmem' (/home/Will/Documents/Research-Files/G-FPin_HW/Vitis/Basic_kernels/src/krnl_mm2s.cpp:72) [27]  (2.43 ns)

 <State 54>: 2.43ns
The critical path consists of the following:
	bus request operation ('p_rd_req', /home/Will/Documents/Research-Files/G-FPin_HW/Vitis/Basic_kernels/src/krnl_mm2s.cpp:72) on port 'gmem' (/home/Will/Documents/Research-Files/G-FPin_HW/Vitis/Basic_kernels/src/krnl_mm2s.cpp:72) [27]  (2.43 ns)

 <State 55>: 2.43ns
The critical path consists of the following:
	bus request operation ('p_rd_req', /home/Will/Documents/Research-Files/G-FPin_HW/Vitis/Basic_kernels/src/krnl_mm2s.cpp:72) on port 'gmem' (/home/Will/Documents/Research-Files/G-FPin_HW/Vitis/Basic_kernels/src/krnl_mm2s.cpp:72) [27]  (2.43 ns)

 <State 56>: 2.43ns
The critical path consists of the following:
	bus request operation ('p_rd_req', /home/Will/Documents/Research-Files/G-FPin_HW/Vitis/Basic_kernels/src/krnl_mm2s.cpp:72) on port 'gmem' (/home/Will/Documents/Research-Files/G-FPin_HW/Vitis/Basic_kernels/src/krnl_mm2s.cpp:72) [27]  (2.43 ns)

 <State 57>: 2.43ns
The critical path consists of the following:
	bus request operation ('p_rd_req', /home/Will/Documents/Research-Files/G-FPin_HW/Vitis/Basic_kernels/src/krnl_mm2s.cpp:72) on port 'gmem' (/home/Will/Documents/Research-Files/G-FPin_HW/Vitis/Basic_kernels/src/krnl_mm2s.cpp:72) [27]  (2.43 ns)

 <State 58>: 2.43ns
The critical path consists of the following:
	bus request operation ('p_rd_req', /home/Will/Documents/Research-Files/G-FPin_HW/Vitis/Basic_kernels/src/krnl_mm2s.cpp:72) on port 'gmem' (/home/Will/Documents/Research-Files/G-FPin_HW/Vitis/Basic_kernels/src/krnl_mm2s.cpp:72) [27]  (2.43 ns)

 <State 59>: 2.43ns
The critical path consists of the following:
	bus request operation ('p_rd_req', /home/Will/Documents/Research-Files/G-FPin_HW/Vitis/Basic_kernels/src/krnl_mm2s.cpp:72) on port 'gmem' (/home/Will/Documents/Research-Files/G-FPin_HW/Vitis/Basic_kernels/src/krnl_mm2s.cpp:72) [27]  (2.43 ns)

 <State 60>: 2.43ns
The critical path consists of the following:
	bus request operation ('p_rd_req', /home/Will/Documents/Research-Files/G-FPin_HW/Vitis/Basic_kernels/src/krnl_mm2s.cpp:72) on port 'gmem' (/home/Will/Documents/Research-Files/G-FPin_HW/Vitis/Basic_kernels/src/krnl_mm2s.cpp:72) [27]  (2.43 ns)

 <State 61>: 2.43ns
The critical path consists of the following:
	bus request operation ('p_rd_req', /home/Will/Documents/Research-Files/G-FPin_HW/Vitis/Basic_kernels/src/krnl_mm2s.cpp:72) on port 'gmem' (/home/Will/Documents/Research-Files/G-FPin_HW/Vitis/Basic_kernels/src/krnl_mm2s.cpp:72) [27]  (2.43 ns)

 <State 62>: 2.43ns
The critical path consists of the following:
	bus request operation ('p_rd_req', /home/Will/Documents/Research-Files/G-FPin_HW/Vitis/Basic_kernels/src/krnl_mm2s.cpp:72) on port 'gmem' (/home/Will/Documents/Research-Files/G-FPin_HW/Vitis/Basic_kernels/src/krnl_mm2s.cpp:72) [27]  (2.43 ns)

 <State 63>: 2.43ns
The critical path consists of the following:
	bus request operation ('p_rd_req', /home/Will/Documents/Research-Files/G-FPin_HW/Vitis/Basic_kernels/src/krnl_mm2s.cpp:72) on port 'gmem' (/home/Will/Documents/Research-Files/G-FPin_HW/Vitis/Basic_kernels/src/krnl_mm2s.cpp:72) [27]  (2.43 ns)

 <State 64>: 2.43ns
The critical path consists of the following:
	bus request operation ('p_rd_req', /home/Will/Documents/Research-Files/G-FPin_HW/Vitis/Basic_kernels/src/krnl_mm2s.cpp:72) on port 'gmem' (/home/Will/Documents/Research-Files/G-FPin_HW/Vitis/Basic_kernels/src/krnl_mm2s.cpp:72) [27]  (2.43 ns)

 <State 65>: 2.43ns
The critical path consists of the following:
	bus request operation ('p_rd_req', /home/Will/Documents/Research-Files/G-FPin_HW/Vitis/Basic_kernels/src/krnl_mm2s.cpp:72) on port 'gmem' (/home/Will/Documents/Research-Files/G-FPin_HW/Vitis/Basic_kernels/src/krnl_mm2s.cpp:72) [27]  (2.43 ns)

 <State 66>: 2.43ns
The critical path consists of the following:
	bus request operation ('p_rd_req', /home/Will/Documents/Research-Files/G-FPin_HW/Vitis/Basic_kernels/src/krnl_mm2s.cpp:72) on port 'gmem' (/home/Will/Documents/Research-Files/G-FPin_HW/Vitis/Basic_kernels/src/krnl_mm2s.cpp:72) [27]  (2.43 ns)

 <State 67>: 2.43ns
The critical path consists of the following:
	bus request operation ('p_rd_req', /home/Will/Documents/Research-Files/G-FPin_HW/Vitis/Basic_kernels/src/krnl_mm2s.cpp:72) on port 'gmem' (/home/Will/Documents/Research-Files/G-FPin_HW/Vitis/Basic_kernels/src/krnl_mm2s.cpp:72) [27]  (2.43 ns)

 <State 68>: 2.43ns
The critical path consists of the following:
	bus request operation ('p_rd_req', /home/Will/Documents/Research-Files/G-FPin_HW/Vitis/Basic_kernels/src/krnl_mm2s.cpp:72) on port 'gmem' (/home/Will/Documents/Research-Files/G-FPin_HW/Vitis/Basic_kernels/src/krnl_mm2s.cpp:72) [27]  (2.43 ns)

 <State 69>: 2.43ns
The critical path consists of the following:
	bus request operation ('p_rd_req', /home/Will/Documents/Research-Files/G-FPin_HW/Vitis/Basic_kernels/src/krnl_mm2s.cpp:72) on port 'gmem' (/home/Will/Documents/Research-Files/G-FPin_HW/Vitis/Basic_kernels/src/krnl_mm2s.cpp:72) [27]  (2.43 ns)

 <State 70>: 2.43ns
The critical path consists of the following:
	bus request operation ('p_rd_req', /home/Will/Documents/Research-Files/G-FPin_HW/Vitis/Basic_kernels/src/krnl_mm2s.cpp:72) on port 'gmem' (/home/Will/Documents/Research-Files/G-FPin_HW/Vitis/Basic_kernels/src/krnl_mm2s.cpp:72) [27]  (2.43 ns)

 <State 71>: 2.05ns
The critical path consists of the following:
	'load' operation ('i', /home/Will/Documents/Research-Files/G-FPin_HW/Vitis/Basic_kernels/src/krnl_mm2s.cpp:78) on local variable 'i' [31]  (0 ns)
	'add' operation ('add_ln78', /home/Will/Documents/Research-Files/G-FPin_HW/Vitis/Basic_kernels/src/krnl_mm2s.cpp:78) [47]  (0.88 ns)
	'urem' operation ('urem_ln78', /home/Will/Documents/Research-Files/G-FPin_HW/Vitis/Basic_kernels/src/krnl_mm2s.cpp:78) [49]  (1.17 ns)

 <State 72>: 1.17ns
The critical path consists of the following:
	'urem' operation ('urem_ln78', /home/Will/Documents/Research-Files/G-FPin_HW/Vitis/Basic_kernels/src/krnl_mm2s.cpp:78) [49]  (1.17 ns)

 <State 73>: 1.17ns
The critical path consists of the following:
	'urem' operation ('urem_ln78', /home/Will/Documents/Research-Files/G-FPin_HW/Vitis/Basic_kernels/src/krnl_mm2s.cpp:78) [49]  (1.17 ns)

 <State 74>: 1.17ns
The critical path consists of the following:
	'urem' operation ('urem_ln78', /home/Will/Documents/Research-Files/G-FPin_HW/Vitis/Basic_kernels/src/krnl_mm2s.cpp:78) [49]  (1.17 ns)

 <State 75>: 1.17ns
The critical path consists of the following:
	'urem' operation ('urem_ln78', /home/Will/Documents/Research-Files/G-FPin_HW/Vitis/Basic_kernels/src/krnl_mm2s.cpp:78) [49]  (1.17 ns)

 <State 76>: 1.17ns
The critical path consists of the following:
	'urem' operation ('urem_ln78', /home/Will/Documents/Research-Files/G-FPin_HW/Vitis/Basic_kernels/src/krnl_mm2s.cpp:78) [49]  (1.17 ns)

 <State 77>: 1.17ns
The critical path consists of the following:
	'urem' operation ('urem_ln78', /home/Will/Documents/Research-Files/G-FPin_HW/Vitis/Basic_kernels/src/krnl_mm2s.cpp:78) [49]  (1.17 ns)

 <State 78>: 1.17ns
The critical path consists of the following:
	'urem' operation ('urem_ln78', /home/Will/Documents/Research-Files/G-FPin_HW/Vitis/Basic_kernels/src/krnl_mm2s.cpp:78) [49]  (1.17 ns)

 <State 79>: 1.17ns
The critical path consists of the following:
	'urem' operation ('urem_ln78', /home/Will/Documents/Research-Files/G-FPin_HW/Vitis/Basic_kernels/src/krnl_mm2s.cpp:78) [49]  (1.17 ns)

 <State 80>: 1.17ns
The critical path consists of the following:
	'urem' operation ('urem_ln78', /home/Will/Documents/Research-Files/G-FPin_HW/Vitis/Basic_kernels/src/krnl_mm2s.cpp:78) [49]  (1.17 ns)

 <State 81>: 1.17ns
The critical path consists of the following:
	'urem' operation ('urem_ln78', /home/Will/Documents/Research-Files/G-FPin_HW/Vitis/Basic_kernels/src/krnl_mm2s.cpp:78) [49]  (1.17 ns)

 <State 82>: 1.17ns
The critical path consists of the following:
	'urem' operation ('urem_ln78', /home/Will/Documents/Research-Files/G-FPin_HW/Vitis/Basic_kernels/src/krnl_mm2s.cpp:78) [49]  (1.17 ns)

 <State 83>: 1.17ns
The critical path consists of the following:
	'urem' operation ('urem_ln78', /home/Will/Documents/Research-Files/G-FPin_HW/Vitis/Basic_kernels/src/krnl_mm2s.cpp:78) [49]  (1.17 ns)

 <State 84>: 1.17ns
The critical path consists of the following:
	'urem' operation ('urem_ln78', /home/Will/Documents/Research-Files/G-FPin_HW/Vitis/Basic_kernels/src/krnl_mm2s.cpp:78) [49]  (1.17 ns)

 <State 85>: 1.17ns
The critical path consists of the following:
	'urem' operation ('urem_ln78', /home/Will/Documents/Research-Files/G-FPin_HW/Vitis/Basic_kernels/src/krnl_mm2s.cpp:78) [49]  (1.17 ns)

 <State 86>: 1.17ns
The critical path consists of the following:
	'urem' operation ('urem_ln78', /home/Will/Documents/Research-Files/G-FPin_HW/Vitis/Basic_kernels/src/krnl_mm2s.cpp:78) [49]  (1.17 ns)

 <State 87>: 1.17ns
The critical path consists of the following:
	'urem' operation ('urem_ln78', /home/Will/Documents/Research-Files/G-FPin_HW/Vitis/Basic_kernels/src/krnl_mm2s.cpp:78) [49]  (1.17 ns)

 <State 88>: 1.17ns
The critical path consists of the following:
	'urem' operation ('urem_ln78', /home/Will/Documents/Research-Files/G-FPin_HW/Vitis/Basic_kernels/src/krnl_mm2s.cpp:78) [49]  (1.17 ns)

 <State 89>: 1.17ns
The critical path consists of the following:
	'urem' operation ('urem_ln78', /home/Will/Documents/Research-Files/G-FPin_HW/Vitis/Basic_kernels/src/krnl_mm2s.cpp:78) [49]  (1.17 ns)

 <State 90>: 1.17ns
The critical path consists of the following:
	'urem' operation ('urem_ln78', /home/Will/Documents/Research-Files/G-FPin_HW/Vitis/Basic_kernels/src/krnl_mm2s.cpp:78) [49]  (1.17 ns)

 <State 91>: 1.17ns
The critical path consists of the following:
	'urem' operation ('urem_ln78', /home/Will/Documents/Research-Files/G-FPin_HW/Vitis/Basic_kernels/src/krnl_mm2s.cpp:78) [49]  (1.17 ns)

 <State 92>: 1.17ns
The critical path consists of the following:
	'urem' operation ('urem_ln78', /home/Will/Documents/Research-Files/G-FPin_HW/Vitis/Basic_kernels/src/krnl_mm2s.cpp:78) [49]  (1.17 ns)

 <State 93>: 1.17ns
The critical path consists of the following:
	'urem' operation ('urem_ln78', /home/Will/Documents/Research-Files/G-FPin_HW/Vitis/Basic_kernels/src/krnl_mm2s.cpp:78) [49]  (1.17 ns)

 <State 94>: 1.17ns
The critical path consists of the following:
	'urem' operation ('urem_ln78', /home/Will/Documents/Research-Files/G-FPin_HW/Vitis/Basic_kernels/src/krnl_mm2s.cpp:78) [49]  (1.17 ns)

 <State 95>: 1.17ns
The critical path consists of the following:
	'urem' operation ('urem_ln78', /home/Will/Documents/Research-Files/G-FPin_HW/Vitis/Basic_kernels/src/krnl_mm2s.cpp:78) [49]  (1.17 ns)

 <State 96>: 1.17ns
The critical path consists of the following:
	'urem' operation ('urem_ln78', /home/Will/Documents/Research-Files/G-FPin_HW/Vitis/Basic_kernels/src/krnl_mm2s.cpp:78) [49]  (1.17 ns)

 <State 97>: 1.17ns
The critical path consists of the following:
	'urem' operation ('urem_ln78', /home/Will/Documents/Research-Files/G-FPin_HW/Vitis/Basic_kernels/src/krnl_mm2s.cpp:78) [49]  (1.17 ns)

 <State 98>: 1.17ns
The critical path consists of the following:
	'urem' operation ('urem_ln78', /home/Will/Documents/Research-Files/G-FPin_HW/Vitis/Basic_kernels/src/krnl_mm2s.cpp:78) [49]  (1.17 ns)

 <State 99>: 1.17ns
The critical path consists of the following:
	'urem' operation ('urem_ln78', /home/Will/Documents/Research-Files/G-FPin_HW/Vitis/Basic_kernels/src/krnl_mm2s.cpp:78) [49]  (1.17 ns)

 <State 100>: 1.17ns
The critical path consists of the following:
	'urem' operation ('urem_ln78', /home/Will/Documents/Research-Files/G-FPin_HW/Vitis/Basic_kernels/src/krnl_mm2s.cpp:78) [49]  (1.17 ns)

 <State 101>: 1.17ns
The critical path consists of the following:
	'urem' operation ('urem_ln78', /home/Will/Documents/Research-Files/G-FPin_HW/Vitis/Basic_kernels/src/krnl_mm2s.cpp:78) [49]  (1.17 ns)

 <State 102>: 1.17ns
The critical path consists of the following:
	'urem' operation ('urem_ln78', /home/Will/Documents/Research-Files/G-FPin_HW/Vitis/Basic_kernels/src/krnl_mm2s.cpp:78) [49]  (1.17 ns)

 <State 103>: 2.43ns
The critical path consists of the following:
	bus read operation ('v.data.V', /home/Will/Documents/Research-Files/G-FPin_HW/Vitis/Basic_kernels/src/krnl_mm2s.cpp:72) on port 'gmem' (/home/Will/Documents/Research-Files/G-FPin_HW/Vitis/Basic_kernels/src/krnl_mm2s.cpp:72) [41]  (2.43 ns)
	axis write operation ('write_ln304') on port 'k2n_V_data_V' [57]  (0 ns)

 <State 104>: 0ns
The critical path consists of the following:


============================================================
+ Verbose Summary: Binding
============================================================
N/A
* FSMD analyzer results:
  - Output states:
 - Input state : 
  - Chain level:
	State 1
	State 2
	State 3
	State 4
	State 5
	State 6
	State 7
	State 8
	State 9
	State 10
	State 11
	State 12
	State 13
	State 14
	State 15
	State 16
	State 17
	State 18
	State 19
	State 20
	State 21
	State 22
	State 23
	State 24
	State 25
	State 26
	State 27
	State 28
	State 29
	State 30
	State 31
	State 32
	State 33
	State 34
	State 35
	State 36
	State 37
	State 38
	State 39
	State 40
	State 41
	State 42
	State 43
	State 44
	State 45
	State 46
	State 47
	State 48
	State 49
	State 50
	State 51
	State 52
	State 53
	State 54
	State 55
	State 56
	State 57
	State 58
	State 59
	State 60
	State 61
	State 62
	State 63
	State 64
	State 65
	State 66
	State 67
	State 68
	State 69
	State 70
	State 71
	State 72
	State 73
	State 74
	State 75
	State 76
	State 77
	State 78
	State 79
	State 80
	State 81
	State 82
	State 83
	State 84
	State 85
	State 86
	State 87
	State 88
	State 89
	State 90
	State 91
	State 92
	State 93
	State 94
	State 95
	State 96
	State 97
	State 98
	State 99
	State 100
	State 101
	State 102
	State 103
	State 104


============================================================
+ Verbose Summary: Datapath Resource usage 
============================================================
N/A
