#-----------------------------------------------------------
# Vivado v2020.2 (64-bit)
# SW Build 3064766 on Wed Nov 18 09:12:47 MST 2020
# IP Build 3064653 on Wed Nov 18 14:17:31 MST 2020
# Start of session at: Thu Mar 10 19:37:16 2022
# Process ID: 93437
# Current directory: /ad/eng/research/eng_research_caad/haghi/NetFPGA-PLUS/hw/lib/contrib/nf_endianess_manager_v1_0_0
# Command line: vivado -mode batch -source nf_endianess_manager.tcl
# Log file: /ad/eng/research/eng_research_caad/haghi/NetFPGA-PLUS/hw/lib/contrib/nf_endianess_manager_v1_0_0/vivado.log
# Journal file: /ad/eng/research/eng_research_caad/haghi/NetFPGA-PLUS/hw/lib/contrib/nf_endianess_manager_v1_0_0/vivado.jou
#-----------------------------------------------------------
source nf_endianess_manager.tcl
# set design nf_endianess_manager
# set top nf_endianess_manager
# set device $::env(DEVICE)
# set proj_dir ./ip_proj
# set ip_version 1.0
# set lib_name NetFPGA
# create_project -name ${design} -force -dir "./${proj_dir}" -part ${device} -ip
create_project: Time (s): cpu = 00:00:02 ; elapsed = 00:00:07 . Memory (MB): peak = 2471.465 ; gain = 2.023 ; free physical = 54035 ; free virtual = 165444
# set_property source_mgmt_mode All [current_project]  
# set_property top ${top} [current_fileset]
# set_property ip_repo_paths $::env(NFPLUS_FOLDER)/hw/lib/  [current_fileset]
# update_ip_catalog
INFO: [IP_Flow 19-234] Refreshing IP repositories
INFO: [IP_Flow 19-1700] Loaded user IP repository '/ad/eng/research/eng_research_caad/haghi/NetFPGA-PLUS/hw/lib'.
WARNING: [IP_Flow 19-3656] If you move the project, the path for repository '/ad/eng/research/eng_research_caad/haghi/NetFPGA-PLUS/hw/lib' may become invalid. A better location for the repository would be in a path adjacent to the project. (Current project location is '/ad/eng/research/eng_research_caad/haghi/NetFPGA-PLUS/hw/lib/contrib/nf_endianess_manager_v1_0_0/ip_proj'.)
INFO: [IP_Flow 19-2313] Loaded Vivado IP repository '/ad/eng/opt/Xilinx/Vivado/2020.2/data/ip'.
update_ip_catalog: Time (s): cpu = 00:00:01 ; elapsed = 00:00:06 . Memory (MB): peak = 2471.465 ; gain = 0.000 ; free physical = 54022 ; free virtual = 165431
# puts "nf_endianess_manager"
nf_endianess_manager
# read_verilog "./hdl/bridge.v"
# read_verilog "./hdl/nf_endianess_manager.v"
# update_compile_order -fileset sources_1
# update_compile_order -fileset sim_1
# ipx::package_project
INFO: [IP_Flow 19-3899] Cannot get the environment domain name variable for the component vendor name. Setting the vendor name to 'user.org'.
INFO: [IP_Flow 19-5107] Inferred bus interface 'M_AXIS' of definition 'xilinx.com:interface:axis:1.0' (from Xilinx Repository).
INFO: [IP_Flow 19-5107] Inferred bus interface 'M_AXIS_INT' of definition 'xilinx.com:interface:axis:1.0' (from Xilinx Repository).
INFO: [IP_Flow 19-5107] Inferred bus interface 'S_AXIS' of definition 'xilinx.com:interface:axis:1.0' (from Xilinx Repository).
INFO: [IP_Flow 19-5107] Inferred bus interface 'S_AXIS_INT' of definition 'xilinx.com:interface:axis:1.0' (from Xilinx Repository).
INFO: [IP_Flow 19-5107] Inferred bus interface 'ARESETN' of definition 'xilinx.com:signal:reset:1.0' (from Xilinx Repository).
INFO: [IP_Flow 19-5107] Inferred bus interface 'ACLK' of definition 'xilinx.com:signal:clock:1.0' (from Xilinx Repository).
INFO: [IP_Flow 19-4728] Bus Interface 'ARESETN': Added interface parameter 'POLARITY' with value 'ACTIVE_LOW'.
INFO: [IP_Flow 19-4728] Bus Interface 'ACLK': Added interface parameter 'ASSOCIATED_BUSIF' with value 'M_AXIS'.
INFO: [IP_Flow 19-4728] Bus Interface 'ACLK': Added interface parameter 'ASSOCIATED_RESET' with value 'ARESETN'.
INFO: [IP_Flow 19-2181] Payment Required is not set for this core.
INFO: [IP_Flow 19-2187] The Product Guide file is missing.
# set_property name ${design} [ipx::current_core]
# set_property library ${lib_name} [ipx::current_core]
# set_property vendor_display_name {NetFPGA} [ipx::current_core]
# set_property company_url {http://www.netfpga.org} [ipx::current_core]
# set_property vendor {NetFPGA} [ipx::current_core]
# set_property supported_families {{virtexuplus} {Production} {virtexuplushbm} {Production}} [ipx::current_core]
# set_property taxonomy {{/NetFPGA/Generic}} [ipx::current_core]
# set_property version ${ip_version} [ipx::current_core]
# set_property display_name ${design} [ipx::current_core]
# set_property description ${design} [ipx::current_core]
# ipx::add_user_parameter {C_M_AXIS_DATA_WIDTH} [ipx::current_core]
# set_property value_resolve_type {user} [ipx::get_user_parameters C_M_AXIS_DATA_WIDTH]
# set_property display_name {C_M_AXIS_DATA_WIDTH} [ipx::get_user_parameters C_M_AXIS_DATA_WIDTH]
# set_property value {512} [ipx::get_user_parameters C_M_AXIS_DATA_WIDTH]
# set_property value_format {long} [ipx::get_user_parameters C_M_AXIS_DATA_WIDTH]
# ipx::add_user_parameter {C_S_AXIS_DATA_WIDTH} [ipx::current_core]
# set_property value_resolve_type {user} [ipx::get_user_parameters C_S_AXIS_DATA_WIDTH]
# set_property display_name {C_S_AXIS_DATA_WIDTH} [ipx::get_user_parameters C_S_AXIS_DATA_WIDTH]
# set_property value {512} [ipx::get_user_parameters C_S_AXIS_DATA_WIDTH]
# set_property value_format {long} [ipx::get_user_parameters C_S_AXIS_DATA_WIDTH]
# ipx::add_user_parameter {C_M_AXIS_TUSER_WIDTH} [ipx::current_core]
# set_property value_resolve_type {user} [ipx::get_user_parameters C_M_AXIS_TUSER_WIDTH]
# set_property display_name {C_M_AXIS_TUSER_WIDTH} [ipx::get_user_parameters C_M_AXIS_TUSER_WIDTH]
# set_property value {128} [ipx::get_user_parameters C_M_AXIS_TUSER_WIDTH]
# set_property value_format {long} [ipx::get_user_parameters C_M_AXIS_TUSER_WIDTH]
# ipx::add_user_parameter {C_S_AXIS_TUSER_WIDTH} [ipx::current_core]
# set_property value_resolve_type {user} [ipx::get_user_parameters C_S_AXIS_TUSER_WIDTH]
# set_property display_name {C_S_AXIS_TUSER_WIDTH} [ipx::get_user_parameters C_S_AXIS_TUSER_WIDTH]
# set_property value {128} [ipx::get_user_parameters C_S_AXIS_TUSER_WIDTH]
# set_property value_format {long} [ipx::get_user_parameters C_S_AXIS_TUSER_WIDTH]
# ipx::add_bus_parameter FREQ_HZ [ipx::get_bus_interfaces S_AXIS -of_objects [ipx::current_core]]
# ipx::add_bus_parameter FREQ_HZ [ipx::get_bus_interfaces M_AXIS -of_objects [ipx::current_core]]
# ipx::add_bus_parameter FREQ_HZ [ipx::get_bus_interfaces S_AXIS_INT -of_objects [ipx::current_core]]
# ipx::add_bus_parameter FREQ_HZ [ipx::get_bus_interfaces M_AXIS_INT -of_objects [ipx::current_core]]
# update_ip_catalog -rebuild 
INFO: [IP_Flow 19-234] Refreshing IP repositories
INFO: [IP_Flow 19-1700] Loaded user IP repository '/ad/eng/research/eng_research_caad/haghi/NetFPGA-PLUS/hw/lib'.
WARNING: [IP_Flow 19-3656] If you move the project, the path for repository '/ad/eng/research/eng_research_caad/haghi/NetFPGA-PLUS/hw/lib' may become invalid. A better location for the repository would be in a path adjacent to the project. (Current project location is '/ad/eng/research/eng_research_caad/haghi/NetFPGA-PLUS/hw/lib/contrib/nf_endianess_manager_v1_0_0/ip_proj'.)
# ipx::infer_user_parameters [ipx::current_core]
# ipx::check_integrity [ipx::current_core]
INFO: [IP_Flow 19-7067] Note that bus interface 'M_AXIS' has a fixed FREQ_HZ of ''. This value will be respected whenever this IP is instantiated in IP Integrator.
INFO: [IP_Flow 19-7067] Note that bus interface 'M_AXIS_INT' has a fixed FREQ_HZ of ''. This value will be respected whenever this IP is instantiated in IP Integrator.
INFO: [IP_Flow 19-7067] Note that bus interface 'S_AXIS' has a fixed FREQ_HZ of ''. This value will be respected whenever this IP is instantiated in IP Integrator.
INFO: [IP_Flow 19-7067] Note that bus interface 'S_AXIS_INT' has a fixed FREQ_HZ of ''. This value will be respected whenever this IP is instantiated in IP Integrator.
INFO: [IP_Flow 19-2181] Payment Required is not set for this core.
INFO: [IP_Flow 19-2187] The Product Guide file is missing.
INFO: [Ipptcl 7-1486] check_integrity: Integrity check passed.
# ipx::save_core [ipx::current_core]
# update_ip_catalog
INFO: [IP_Flow 19-1839] IP Catalog is up to date.
# close_project
INFO: [Common 17-206] Exiting Vivado at Thu Mar 10 19:37:49 2022...
