#-----------------------------------------------------------
# Vivado v2020.2 (64-bit)
# SW Build 3064766 on Wed Nov 18 09:12:47 MST 2020
# IP Build 3064653 on Wed Nov 18 14:17:31 MST 2020
# Start of session at: Wed Apr 13 14:14:26 2022
# Process ID: 117205
# Current directory: /ad/eng/research/eng_research_caad/haghi/G-FPin_HW/NetFPGA-PLUS/hw/lib/std/CGRA_v1_0_0/ip_proj
# Command line: vivado CGRA.xpr
# Log file: /ad/eng/research/eng_research_caad/haghi/G-FPin_HW/NetFPGA-PLUS/hw/lib/std/CGRA_v1_0_0/ip_proj/vivado.log
# Journal file: /ad/eng/research/eng_research_caad/haghi/G-FPin_HW/NetFPGA-PLUS/hw/lib/std/CGRA_v1_0_0/ip_proj/vivado.jou
#-----------------------------------------------------------
start_gui
open_project CGRA.xpr
WARNING: [filemgmt 56-3] Default IP Output Path : Could not find the directory '/ad/eng/research/eng_research_caad/haghi/G-FPin_HW/NetFPGA-PLUS/hw/lib/std/CGRA_v1_0_0/ip_proj/CGRA.gen/sources_1'.
Scanning sources...
Finished scanning sources
INFO: [IP_Flow 19-234] Refreshing IP repositories
INFO: [IP_Flow 19-1700] Loaded user IP repository '/ad/eng/research/eng_research_caad/haghi/G-FPin_HW/NetFPGA-PLUS/hw/lib'.
WARNING: [IP_Flow 19-3656] If you move the project, the path for repository '/ad/eng/research/eng_research_caad/haghi/G-FPin_HW/NetFPGA-PLUS/hw/lib' may become invalid. A better location for the repository would be in a path adjacent to the project. (Current project location is '/ad/eng/research/eng_research_caad/haghi/G-FPin_HW/NetFPGA-PLUS/hw/lib/std/CGRA_v1_0_0/ip_proj'.)
INFO: [IP_Flow 19-2313] Loaded Vivado IP repository '/ad/eng/opt/Xilinx/Vivado/2020.2/data/ip'.
INFO: [IP_Flow 19-3899] Cannot get the environment domain name variable for the component vendor name. Setting the vendor name to 'user.org'.
open_project: Time (s): cpu = 00:00:44 ; elapsed = 00:02:23 . Memory (MB): peak = 7456.711 ; gain = 78.289 ; free physical = 19215 ; free virtual = 153743
exit
INFO: [Common 17-206] Exiting Vivado at Wed Apr 13 16:30:19 2022...
