INFO: [v++ 60-1306] Additional information associated with this v++ compile can be found at:
	Reports: /home/Will/Documents/Research-Files/G-FPin_HW/Vitis/hw/_x/reports/krnl_mm2s
	Log files: /home/Will/Documents/Research-Files/G-FPin_HW/Vitis/hw/_x/logs/krnl_mm2s
INFO: [v++ 60-1548] Creating build summary session with primary output /home/Will/Documents/Research-Files/G-FPin_HW/Vitis/hw/_x.xilinx_u280_xdma_201920_3/krnl_mm2s.xo.compile_summary, at Thu Aug 18 15:17:02 2022
INFO: [v++ 60-1316] Initiating connection to rulecheck server, at Thu Aug 18 15:17:02 2022
INFO: [v++ 60-1315] Creating rulecheck session with output '/home/Will/Documents/Research-Files/G-FPin_HW/Vitis/hw/_x/reports/krnl_mm2s/v++_compile_krnl_mm2s_guidance.html', at Thu Aug 18 15:17:05 2022
INFO: [v++ 60-895]   Target platform: /opt/xilinx/platforms/xilinx_u280_xdma_201920_3/xilinx_u280_xdma_201920_3.xpfm
INFO: [v++ 60-1578]   This platform contains Xilinx Shell Archive '/opt/xilinx/platforms/xilinx_u280_xdma_201920_3/hw/xilinx_u280_xdma_201920_3.xsa'
INFO: [v++ 74-78] Compiler Version string: 2021.2
INFO: [v++ 60-1302] Platform 'xilinx_u280_xdma_201920_3.xpfm' has been explicitly enabled for this release.
INFO: [v++ 60-585] Compiling for hardware target
INFO: [v++ 60-423]   Target device: xilinx_u280_xdma_201920_3
INFO: [v++ 60-242] Creating kernel: 'krnl_mm2s'

===>The following messages were generated while  performing high-level synthesis for kernel: krnl_mm2s Log file: /home/Will/Documents/Research-Files/G-FPin_HW/Vitis/hw/_x/krnl_mm2s/krnl_mm2s/vitis_hls.log :
INFO: [v++ 204-61] Pipelining loop 'VITIS_LOOP_69_1'.
INFO: [v++ 200-1470] Pipelining result : Target II = 1, Final II = 1, Depth = 33, loop 'VITIS_LOOP_69_1'
INFO: [v++ 200-790] **** Loop Constraint Status: All loop constraints were satisfied.
INFO: [v++ 200-789] **** Estimated Fmax: 411.00 MHz
INFO: [v++ 60-594] Finished kernel compilation
INFO: [v++ 60-244] Generating system estimate report...
INFO: [v++ 60-1092] Generated system estimate report: /home/Will/Documents/Research-Files/G-FPin_HW/Vitis/hw/_x/reports/krnl_mm2s/system_estimate_krnl_mm2s.xtxt
INFO: [v++ 60-586] Created _x.xilinx_u280_xdma_201920_3/krnl_mm2s.xo
INFO: [v++ 60-2343] Use the vitis_analyzer tool to visualize and navigate the relevant reports. Run the following command. 
    vitis_analyzer /home/Will/Documents/Research-Files/G-FPin_HW/Vitis/hw/_x.xilinx_u280_xdma_201920_3/krnl_mm2s.xo.compile_summary 
INFO: [v++ 60-791] Total elapsed time: 0h 1m 27s
INFO: [v++ 60-1653] Closing dispatch client.
