Thu Aug 18 15:16:52 2022: Running xcd server. This server was built by gradle.
Thu Aug 18 15:16:52 2022: Server was asked to start on port: '42165'
Thu Aug 18 15:16:52 2022: Server is using token UUID: '1a6967b3-ff2b-4a0f-bb4c-d8412faefb30'
Thu Aug 18 15:16:52 2022: SESSION_MGR: creating session with session uuid: '6d04a3e9-ade5-4ab9-8d63-1f78fcd2ec76' and name 'default'
Thu Aug 18 15:16:52 2022: Attempting to start server on port '42165'
Thu Aug 18 15:16:52 2022: XCD main fifo: created main fifo '/tmp/xcdmain1a6967b3-ff2b-4a0f-bb4c-d8412faefb30', fd read = 13
Thu Aug 18 15:16:52 2022: Running Dispatch Server
Thu Aug 18 15:16:52 2022: Version 2.2.0
Thu Aug 18 15:16:52 2022: Running xcd server. This server was built by gradle.
Thu Aug 18 15:16:52 2022: Server was asked to start on port: '40731'
Thu Aug 18 15:16:52 2022: Server is using token UUID: '49766ce2-4f5f-42fb-83b9-612857ce84ef'
Thu Aug 18 15:16:52 2022: SESSION_MGR: creating session with session uuid: '6d04a3e9-ade5-4ab9-8d63-1f78fcd2ec76' and name 'default'
Thu Aug 18 15:16:52 2022: Attempting to start server on port '40731'
Thu Aug 18 15:16:52 2022: XCD main fifo: created main fifo '/tmp/xcdmain49766ce2-4f5f-42fb-83b9-612857ce84ef', fd read = 13
Thu Aug 18 15:16:52 2022: Running Dispatch Server
Thu Aug 18 15:16:52 2022: Version 2.2.0
Thu Aug 18 15:17:01 2022: Dispatch Server: Accepted socket connection from client
Thu Aug 18 15:17:01 2022: Starting Socket connection
Thu Aug 18 15:17:01 2022: EXCHANGE_TOKEN received, server token: 1a6967b3-ff2b-4a0f-bb4c-d8412faefb30, passed token: 1a6967b3-ff2b-4a0f-bb4c-d8412faefb30
Thu Aug 18 15:17:01 2022: Dispatch Server: Accepted socket connection from client
Thu Aug 18 15:17:01 2022: Starting Socket connection
Thu Aug 18 15:17:01 2022: EXCHANGE_TOKEN received, server token: 49766ce2-4f5f-42fb-83b9-612857ce84ef, passed token: 49766ce2-4f5f-42fb-83b9-612857ce84ef
Thu Aug 18 15:17:02 2022: DISPATCH_HANDLER: Adding handler from function makeHandler in library libxv_system_diagram
Thu Aug 18 15:17:02 2022: SESSION_MGR: creating session with session uuid: '525dfed1-f2a7-4882-b00f-25971eda20fc' and name 'v++_compile_krnl_mm2s'
Thu Aug 18 15:17:02 2022: KERNEL_SVC: creating session with uuid: '525dfed1-f2a7-4882-b00f-25971eda20fc' and name 'v++_compile_krnl_mm2s'
Thu Aug 18 15:17:02 2022: GUIDANCE_SMGR: creating guidance session with uuid: '525dfed1-f2a7-4882-b00f-25971eda20fc' and name 'v++_compile_krnl_mm2s'
Thu Aug 18 15:17:02 2022: SYSTEM_DIAGRAM: creating session with uuid: '525dfed1-f2a7-4882-b00f-25971eda20fc' and name 'v++_compile_krnl_mm2s'
Thu Aug 18 15:17:02 2022: DISPATCH_HANDLER: Adding handler from function makeHandler in library libxv_system_diagram
Thu Aug 18 15:17:02 2022: SESSION_MGR: creating session with session uuid: '79f3e468-b97b-4ba8-b38b-0f44680839d6' and name 'v++_compile_krnl_s2mm'
Thu Aug 18 15:17:02 2022: KERNEL_SVC: creating session with uuid: '79f3e468-b97b-4ba8-b38b-0f44680839d6' and name 'v++_compile_krnl_s2mm'
Thu Aug 18 15:17:02 2022: GUIDANCE_SMGR: creating guidance session with uuid: '79f3e468-b97b-4ba8-b38b-0f44680839d6' and name 'v++_compile_krnl_s2mm'
Thu Aug 18 15:17:02 2022: SYSTEM_DIAGRAM: creating session with uuid: '79f3e468-b97b-4ba8-b38b-0f44680839d6' and name 'v++_compile_krnl_s2mm'
Thu Aug 18 15:18:18 2022: SESSION_MGR: closing session for UUID '79f3e468-b97b-4ba8-b38b-0f44680839d6' with name 'v++_compile_krnl_s2mm'
Thu Aug 18 15:18:18 2022: KERNEL_SVC: closing session for UUID '79f3e468-b97b-4ba8-b38b-0f44680839d6' with name 'v++_compile_krnl_s2mm'
Thu Aug 18 15:18:18 2022: GUIDANCE_SMGR: closing session for UUID '79f3e468-b97b-4ba8-b38b-0f44680839d6' with name 'v++_compile_krnl_s2mm'
Thu Aug 18 15:18:18 2022: SYSTEM_DIAGRAM: closing session for UUID '79f3e468-b97b-4ba8-b38b-0f44680839d6' with name 'v++_compile_krnl_s2mm'
Thu Aug 18 15:18:18 2022: SESSION_MGR: closing session for UUID '525dfed1-f2a7-4882-b00f-25971eda20fc' with name 'v++_compile_krnl_mm2s'
Thu Aug 18 15:18:18 2022: KERNEL_SVC: closing session for UUID '525dfed1-f2a7-4882-b00f-25971eda20fc' with name 'v++_compile_krnl_mm2s'
Thu Aug 18 15:18:18 2022: GUIDANCE_SMGR: closing session for UUID '525dfed1-f2a7-4882-b00f-25971eda20fc' with name 'v++_compile_krnl_mm2s'
Thu Aug 18 15:18:18 2022: SYSTEM_DIAGRAM: closing session for UUID '525dfed1-f2a7-4882-b00f-25971eda20fc' with name 'v++_compile_krnl_mm2s'
