Wed Aug 17 15:59:11 2022: Running xcd server. This server was built by gradle.
Wed Aug 17 15:59:11 2022: Server was asked to start on port: '41282'
Wed Aug 17 15:59:11 2022: Server is using token UUID: 'fcbe8541-cc7f-4ba7-b371-48c06b1f0859'
Wed Aug 17 15:59:11 2022: SESSION_MGR: creating session with session uuid: '6d04a3e9-ade5-4ab9-8d63-1f78fcd2ec76' and name 'default'
Wed Aug 17 15:59:11 2022: Attempting to start server on port '41282'
Wed Aug 17 15:59:11 2022: XCD main fifo: created main fifo '/tmp/xcdmainfcbe8541-cc7f-4ba7-b371-48c06b1f0859', fd read = 13
Wed Aug 17 15:59:11 2022: Running Dispatch Server
Wed Aug 17 15:59:11 2022: Version 2.2.0
Wed Aug 17 15:59:19 2022: Dispatch Server: Accepted socket connection from client
Wed Aug 17 15:59:19 2022: Starting Socket connection
Wed Aug 17 15:59:19 2022: EXCHANGE_TOKEN received, server token: fcbe8541-cc7f-4ba7-b371-48c06b1f0859, passed token: fcbe8541-cc7f-4ba7-b371-48c06b1f0859
Wed Aug 17 15:59:21 2022: DISPATCH_HANDLER: Adding handler from function makeHandler in library libxv_system_diagram
Wed Aug 17 15:59:21 2022: SESSION_MGR: creating session with session uuid: 'c9a5918c-7714-4c1c-bb42-39820e692b5e' and name 'v++_compile_krnl_s2mm'
Wed Aug 17 15:59:21 2022: KERNEL_SVC: creating session with uuid: 'c9a5918c-7714-4c1c-bb42-39820e692b5e' and name 'v++_compile_krnl_s2mm'
Wed Aug 17 15:59:21 2022: GUIDANCE_SMGR: creating guidance session with uuid: 'c9a5918c-7714-4c1c-bb42-39820e692b5e' and name 'v++_compile_krnl_s2mm'
Wed Aug 17 15:59:21 2022: SYSTEM_DIAGRAM: creating session with uuid: 'c9a5918c-7714-4c1c-bb42-39820e692b5e' and name 'v++_compile_krnl_s2mm'
Wed Aug 17 16:00:39 2022: SESSION_MGR: closing session for UUID 'c9a5918c-7714-4c1c-bb42-39820e692b5e' with name 'v++_compile_krnl_s2mm'
Wed Aug 17 16:00:39 2022: KERNEL_SVC: closing session for UUID 'c9a5918c-7714-4c1c-bb42-39820e692b5e' with name 'v++_compile_krnl_s2mm'
Wed Aug 17 16:00:39 2022: GUIDANCE_SMGR: closing session for UUID 'c9a5918c-7714-4c1c-bb42-39820e692b5e' with name 'v++_compile_krnl_s2mm'
Wed Aug 17 16:00:39 2022: SYSTEM_DIAGRAM: closing session for UUID 'c9a5918c-7714-4c1c-bb42-39820e692b5e' with name 'v++_compile_krnl_s2mm'
Wed Aug 17 16:00:44 2022: Running xcd server. This server was built by gradle.
Wed Aug 17 16:00:44 2022: Server was asked to start on port: '35605'
Wed Aug 17 16:00:44 2022: Server is using token UUID: 'fe19e2f7-9950-4915-b4aa-1317f28c63c3'
Wed Aug 17 16:00:44 2022: SESSION_MGR: creating session with session uuid: '6d04a3e9-ade5-4ab9-8d63-1f78fcd2ec76' and name 'default'
Wed Aug 17 16:00:44 2022: Attempting to start server on port '35605'
Wed Aug 17 16:00:44 2022: XCD main fifo: created main fifo '/tmp/xcdmainfe19e2f7-9950-4915-b4aa-1317f28c63c3', fd read = 13
Wed Aug 17 16:00:44 2022: Running Dispatch Server
Wed Aug 17 16:00:44 2022: Version 2.2.0
Wed Aug 17 16:00:52 2022: Dispatch Server: Accepted socket connection from client
Wed Aug 17 16:00:52 2022: Starting Socket connection
Wed Aug 17 16:00:52 2022: EXCHANGE_TOKEN received, server token: fe19e2f7-9950-4915-b4aa-1317f28c63c3, passed token: fe19e2f7-9950-4915-b4aa-1317f28c63c3
Wed Aug 17 16:00:54 2022: DISPATCH_HANDLER: Adding handler from function makeHandler in library libxv_system_diagram
Wed Aug 17 16:00:54 2022: SESSION_MGR: creating session with session uuid: 'f20ad23a-aca4-44f7-933f-f3014721079c' and name 'v++_compile_krnl_mm2s'
Wed Aug 17 16:00:54 2022: KERNEL_SVC: creating session with uuid: 'f20ad23a-aca4-44f7-933f-f3014721079c' and name 'v++_compile_krnl_mm2s'
Wed Aug 17 16:00:54 2022: GUIDANCE_SMGR: creating guidance session with uuid: 'f20ad23a-aca4-44f7-933f-f3014721079c' and name 'v++_compile_krnl_mm2s'
Wed Aug 17 16:00:54 2022: SYSTEM_DIAGRAM: creating session with uuid: 'f20ad23a-aca4-44f7-933f-f3014721079c' and name 'v++_compile_krnl_mm2s'
Wed Aug 17 16:02:13 2022: SESSION_MGR: closing session for UUID 'f20ad23a-aca4-44f7-933f-f3014721079c' with name 'v++_compile_krnl_mm2s'
Wed Aug 17 16:02:13 2022: KERNEL_SVC: closing session for UUID 'f20ad23a-aca4-44f7-933f-f3014721079c' with name 'v++_compile_krnl_mm2s'
Wed Aug 17 16:02:13 2022: GUIDANCE_SMGR: closing session for UUID 'f20ad23a-aca4-44f7-933f-f3014721079c' with name 'v++_compile_krnl_mm2s'
Wed Aug 17 16:02:13 2022: SYSTEM_DIAGRAM: closing session for UUID 'f20ad23a-aca4-44f7-933f-f3014721079c' with name 'v++_compile_krnl_mm2s'
