

================================================================
== Vitis HLS Report for 'krnl_s2mm'
================================================================
* Date:           Wed Aug 17 11:49:59 2022

* Version:        2021.2 (Build 3367213 on Tue Oct 19 02:47:39 MDT 2021)
* Project:        krnl_s2mm
* Solution:       solution (Vitis Kernel Flow Target)
* Product family: virtexuplus
* Target device:  xcu280-fsvh2892-2L-e


================================================================
== Performance Estimates
================================================================
+ Timing: 
    * Summary: 
    +--------+---------+----------+------------+
    |  Clock |  Target | Estimated| Uncertainty|
    +--------+---------+----------+------------+
    |ap_clk  |  3.33 ns|  2.433 ns|     0.90 ns|
    +--------+---------+----------+------------+

+ Latency: 
    * Summary: 
    +---------+---------+----------+----------+-----+-----+---------+
    |  Latency (cycles) |  Latency (absolute) |  Interval | Pipeline|
    |   min   |   max   |    min   |    max   | min | max |   Type  |
    +---------+---------+----------+----------+-----+-----+---------+
    |        2|        ?|  6.666 ns|         ?|    3|    ?|       no|
    +---------+---------+----------+----------+-----+-----+---------+

    + Detail: 
        * Instance: 
        +-----------------------------------------------+------------------------------------+---------+---------+----------+----------+-----+-----+---------+
        |                                               |                                    |  Latency (cycles) |  Latency (absolute) |  Interval | Pipeline|
        |                    Instance                   |               Module               |   min   |   max   |    min   |    max   | min | max |   Type  |
        +-----------------------------------------------+------------------------------------+---------+---------+----------+----------+-----+-----+---------+
        |grp_krnl_s2mm_Pipeline_VITIS_LOOP_66_1_fu_107  |krnl_s2mm_Pipeline_VITIS_LOOP_66_1  |        3|        ?|  9.999 ns|         ?|    3|    ?|       no|
        +-----------------------------------------------+------------------------------------+---------+---------+----------+----------+-----+-----+---------+

        * Loop: 
        N/A

============================================================
+ Verbose Summary: Synthesis Manager
============================================================
InlineROM: 1
ExposeGlobal: 0
============================================================
+ Verbose Summary: CDFG Model
============================================================
IsTopModel: 1
ResetActiveHigh: 1
IsCombinational: 0
IsDatapathOnly: 0
HasWiredReturn: 1
HasMFsm: 0
HasVarLatency: 1
IsPipeline: 0
IsRtlPipelined: 0
IsInstanceOverlapped: 0
IsDontTouch: 0
HasImplIP: 0
IsGatedGlobalClock: 0


============================================================
+ Verbose Summary: Schedule
============================================================
* Number of FSM states : 72
* Pipeline : 0
* Dataflow Pipeline: 0

* FSM state transitions: 
1 --> 2 
2 --> 3 72 
3 --> 4 
4 --> 5 
5 --> 6 
6 --> 7 
7 --> 8 
8 --> 9 
9 --> 10 
10 --> 11 
11 --> 12 
12 --> 13 
13 --> 14 
14 --> 15 
15 --> 16 
16 --> 17 
17 --> 18 
18 --> 19 
19 --> 20 
20 --> 21 
21 --> 22 
22 --> 23 
23 --> 24 
24 --> 25 
25 --> 26 
26 --> 27 
27 --> 28 
28 --> 29 
29 --> 30 
30 --> 31 
31 --> 32 
32 --> 33 
33 --> 34 
34 --> 35 
35 --> 36 
36 --> 37 
37 --> 38 
38 --> 39 
39 --> 40 
40 --> 41 
41 --> 42 
42 --> 43 
43 --> 44 
44 --> 45 
45 --> 46 
46 --> 47 
47 --> 48 
48 --> 49 
49 --> 50 
50 --> 51 
51 --> 52 
52 --> 53 
53 --> 54 
54 --> 55 
55 --> 56 
56 --> 57 
57 --> 58 
58 --> 59 
59 --> 60 
60 --> 61 
61 --> 62 
62 --> 63 
63 --> 64 
64 --> 65 
65 --> 66 
66 --> 67 
67 --> 68 
68 --> 69 
69 --> 70 
70 --> 71 
71 --> 72 
72 --> 

* FSM state operations: 

State 1 <SV = 0> <Delay = 1.79>
ST_1 : Operation 73 [1/1] (1.00ns)   --->   "%size_read = read i32 @_ssdm_op_Read.ap_none.i32, i32 %size" [/home/Will/Documents/Research-Files/G-FPin_HW/Vitis/Basic_kernels/src/krnl_s2mm.cpp:50]   --->   Operation 73 'read' 'size_read' <Predicate = true> <Delay = 1.00> <CoreInst = "s_axilite">   --->   Core 122 's_axilite' <Latency = 0> <II = 1> <Delay = 1.00> <Adapter> <Opcode : 'read' 'write'>
ST_1 : Operation 74 [1/1] (1.00ns)   --->   "%out_r_read = read i64 @_ssdm_op_Read.s_axilite.i64, i64 %out_r" [/home/Will/Documents/Research-Files/G-FPin_HW/Vitis/Basic_kernels/src/krnl_s2mm.cpp:50]   --->   Operation 74 'read' 'out_r_read' <Predicate = true> <Delay = 1.00> <CoreInst = "s_axilite">   --->   Core 122 's_axilite' <Latency = 0> <II = 1> <Delay = 1.00> <Adapter> <Opcode : 'read' 'write'>
ST_1 : Operation 75 [1/1] (0.00ns)   --->   "%div = partselect i26 @_ssdm_op_PartSelect.i26.i32.i32.i32, i32 %size_read, i32 6, i32 31" [/home/Will/Documents/Research-Files/G-FPin_HW/Vitis/Basic_kernels/src/krnl_s2mm.cpp:50]   --->   Operation 75 'partselect' 'div' <Predicate = true> <Delay = 0.00>
ST_1 : Operation 76 [1/1] (0.79ns)   --->   "%icmp_ln66 = icmp_eq  i26 %div, i26 0" [/home/Will/Documents/Research-Files/G-FPin_HW/Vitis/Basic_kernels/src/krnl_s2mm.cpp:66]   --->   Operation 76 'icmp' 'icmp_ln66' <Predicate = true> <Delay = 0.79> <CoreInst = "Cmp">   --->   Core 9 'Cmp' <Latency = 0> <II = 1> <Delay = 0.79> <FuncUnit> <Opcode : 'icmp'> <InPorts = 2> <OutPorts = 1>

State 2 <SV = 1> <Delay = 2.43>
ST_2 : Operation 77 [1/1] (0.00ns)   --->   "%spectopmodule_ln0 = spectopmodule void @_ssdm_op_SpecTopModule, void @empty_11"   --->   Operation 77 'spectopmodule' 'spectopmodule_ln0' <Predicate = true> <Delay = 0.00>
ST_2 : Operation 78 [1/1] (0.00ns)   --->   "%specinterface_ln0 = specinterface void @_ssdm_op_SpecInterface, i32 0, void @empty_12, i32 0, i32 0, void @empty_14, i32 0, i32 0, void @empty_14, void @empty_14, void @empty_14, i32 0, i32 0, i32 0, i32 0, void @empty_14, void @empty_14"   --->   Operation 78 'specinterface' 'specinterface_ln0' <Predicate = true> <Delay = 0.00>
ST_2 : Operation 79 [1/1] (0.00ns)   --->   "%specinterface_ln0 = specinterface void @_ssdm_op_SpecInterface, i512 %gmem, void @empty_7, i32 0, i32 0, void @empty_14, i32 64, i32 0, void @empty, void @empty_0, void @empty_14, i32 16, i32 16, i32 16, i32 16, void @empty_14, void @empty_14"   --->   Operation 79 'specinterface' 'specinterface_ln0' <Predicate = true> <Delay = 0.00>
ST_2 : Operation 80 [1/1] (0.00ns)   --->   "%specbitsmap_ln0 = specbitsmap void @_ssdm_op_SpecBitsMap, i512 %gmem"   --->   Operation 80 'specbitsmap' 'specbitsmap_ln0' <Predicate = true> <Delay = 0.00>
ST_2 : Operation 81 [1/1] (0.00ns)   --->   "%specinterface_ln0 = specinterface void @_ssdm_op_SpecInterface, i64 %out_r, void @empty_1, i32 0, i32 0, void @empty_14, i32 0, i32 0, void @empty_2, void @empty_3, void @empty_14, i32 0, i32 0, i32 0, i32 0, void @empty_14, void @empty_4"   --->   Operation 81 'specinterface' 'specinterface_ln0' <Predicate = true> <Delay = 0.00>
ST_2 : Operation 82 [1/1] (0.00ns)   --->   "%specinterface_ln0 = specinterface void @_ssdm_op_SpecInterface, i64 %out_r, void @empty_6, i32 0, i32 0, void @empty_14, i32 0, i32 0, void @empty_14, void @empty_14, void @empty_14, i32 0, i32 0, i32 0, i32 0, void @empty_14, void @empty_4"   --->   Operation 82 'specinterface' 'specinterface_ln0' <Predicate = true> <Delay = 0.00>
ST_2 : Operation 83 [1/1] (0.00ns)   --->   "%specinterface_ln0 = specinterface void @_ssdm_op_SpecInterface, i512 %n2k_V_data_V, i64 %n2k_V_keep_V, i64 %n2k_V_strb_V, i1 %n2k_V_user_V, i1 %n2k_V_last_V, i1 %n2k_V_id_V, i16 %n2k_V_dest_V, void @empty_8, i32 1, i32 1, void @empty_5, i32 0, i32 0, void @empty_14, void @empty_14, void @empty_14, i32 0, i32 0, i32 0, i32 0, void @empty_14, void @empty_14"   --->   Operation 83 'specinterface' 'specinterface_ln0' <Predicate = true> <Delay = 0.00>
ST_2 : Operation 84 [1/1] (0.00ns)   --->   "%specbitsmap_ln0 = specbitsmap void @_ssdm_op_SpecBitsMap, i512 %n2k_V_data_V"   --->   Operation 84 'specbitsmap' 'specbitsmap_ln0' <Predicate = true> <Delay = 0.00>
ST_2 : Operation 85 [1/1] (0.00ns)   --->   "%specbitsmap_ln0 = specbitsmap void @_ssdm_op_SpecBitsMap, i64 %n2k_V_keep_V"   --->   Operation 85 'specbitsmap' 'specbitsmap_ln0' <Predicate = true> <Delay = 0.00>
ST_2 : Operation 86 [1/1] (0.00ns)   --->   "%specbitsmap_ln0 = specbitsmap void @_ssdm_op_SpecBitsMap, i64 %n2k_V_strb_V"   --->   Operation 86 'specbitsmap' 'specbitsmap_ln0' <Predicate = true> <Delay = 0.00>
ST_2 : Operation 87 [1/1] (0.00ns)   --->   "%specbitsmap_ln0 = specbitsmap void @_ssdm_op_SpecBitsMap, i1 %n2k_V_user_V"   --->   Operation 87 'specbitsmap' 'specbitsmap_ln0' <Predicate = true> <Delay = 0.00>
ST_2 : Operation 88 [1/1] (0.00ns)   --->   "%specbitsmap_ln0 = specbitsmap void @_ssdm_op_SpecBitsMap, i1 %n2k_V_last_V"   --->   Operation 88 'specbitsmap' 'specbitsmap_ln0' <Predicate = true> <Delay = 0.00>
ST_2 : Operation 89 [1/1] (0.00ns)   --->   "%specbitsmap_ln0 = specbitsmap void @_ssdm_op_SpecBitsMap, i1 %n2k_V_id_V"   --->   Operation 89 'specbitsmap' 'specbitsmap_ln0' <Predicate = true> <Delay = 0.00>
ST_2 : Operation 90 [1/1] (0.00ns)   --->   "%specbitsmap_ln0 = specbitsmap void @_ssdm_op_SpecBitsMap, i16 %n2k_V_dest_V"   --->   Operation 90 'specbitsmap' 'specbitsmap_ln0' <Predicate = true> <Delay = 0.00>
ST_2 : Operation 91 [1/1] (0.00ns)   --->   "%specbitsmap_ln0 = specbitsmap void @_ssdm_op_SpecBitsMap, i32 %size"   --->   Operation 91 'specbitsmap' 'specbitsmap_ln0' <Predicate = true> <Delay = 0.00>
ST_2 : Operation 92 [1/1] (0.00ns)   --->   "%specinterface_ln0 = specinterface void @_ssdm_op_SpecInterface, i32 %size, void @empty_1, i32 0, i32 0, void @empty_14, i32 0, i32 0, void @empty_2, void @empty_9, void @empty_14, i32 0, i32 0, i32 0, i32 0, void @empty_14, void @empty_14"   --->   Operation 92 'specinterface' 'specinterface_ln0' <Predicate = true> <Delay = 0.00>
ST_2 : Operation 93 [1/1] (0.00ns)   --->   "%specinterface_ln0 = specinterface void @_ssdm_op_SpecInterface, i32 %size, void @empty_10, i32 0, i32 0, void @empty_14, i32 0, i32 0, void @empty_14, void @empty_14, void @empty_14, i32 0, i32 0, i32 0, i32 0, void @empty_14, void @empty_14"   --->   Operation 93 'specinterface' 'specinterface_ln0' <Predicate = true> <Delay = 0.00>
ST_2 : Operation 94 [1/1] (0.00ns)   --->   "%specinterface_ln0 = specinterface void @_ssdm_op_SpecInterface, i32 0, void @empty_1, i32 0, i32 0, void @empty_14, i32 0, i32 0, void @empty_2, void @empty_14, void @empty_14, i32 0, i32 0, i32 0, i32 0, void @empty_14, void @empty_14"   --->   Operation 94 'specinterface' 'specinterface_ln0' <Predicate = true> <Delay = 0.00>
ST_2 : Operation 95 [1/1] (0.00ns)   --->   "%div_cast = zext i26 %div" [/home/Will/Documents/Research-Files/G-FPin_HW/Vitis/Basic_kernels/src/krnl_s2mm.cpp:50]   --->   Operation 95 'zext' 'div_cast' <Predicate = true> <Delay = 0.00>
ST_2 : Operation 96 [1/1] (0.00ns)   --->   "%br_ln66 = br i1 %icmp_ln66, void %.lr.ph, void %._crit_edge" [/home/Will/Documents/Research-Files/G-FPin_HW/Vitis/Basic_kernels/src/krnl_s2mm.cpp:66]   --->   Operation 96 'br' 'br_ln66' <Predicate = true> <Delay = 0.00>
ST_2 : Operation 97 [1/1] (0.00ns)   --->   "%trunc_ln = partselect i58 @_ssdm_op_PartSelect.i58.i64.i32.i32, i64 %out_r_read, i32 6, i32 63" [/home/Will/Documents/Research-Files/G-FPin_HW/Vitis/Basic_kernels/src/krnl_s2mm.cpp:66]   --->   Operation 97 'partselect' 'trunc_ln' <Predicate = (!icmp_ln66)> <Delay = 0.00>
ST_2 : Operation 98 [1/1] (0.00ns)   --->   "%sext_ln66 = sext i58 %trunc_ln" [/home/Will/Documents/Research-Files/G-FPin_HW/Vitis/Basic_kernels/src/krnl_s2mm.cpp:66]   --->   Operation 98 'sext' 'sext_ln66' <Predicate = (!icmp_ln66)> <Delay = 0.00>
ST_2 : Operation 99 [1/1] (0.00ns)   --->   "%gmem_addr = getelementptr i512 %gmem, i64 %sext_ln66" [/home/Will/Documents/Research-Files/G-FPin_HW/Vitis/Basic_kernels/src/krnl_s2mm.cpp:66]   --->   Operation 99 'getelementptr' 'gmem_addr' <Predicate = (!icmp_ln66)> <Delay = 0.00>
ST_2 : Operation 100 [1/1] (2.43ns)   --->   "%empty = writereq i1 @_ssdm_op_WriteReq.m_axi.p1i512, i512 %gmem_addr, i32 %div_cast" [/home/Will/Documents/Research-Files/G-FPin_HW/Vitis/Basic_kernels/src/krnl_s2mm.cpp:66]   --->   Operation 100 'writereq' 'empty' <Predicate = (!icmp_ln66)> <Delay = 2.43> <CoreInst = "m_axi">   --->   Core 121 'm_axi' <Latency = 5> <II = 1> <Delay = 1.00> <Adapter> <Opcode : 'read' 'write' 'readreq' 'writereq' 'writeresp'>

State 3 <SV = 2> <Delay = 1.17>
ST_3 : Operation 101 [1/1] (0.00ns)   --->   "%empty_23 = wait i32 @_ssdm_op_Wait"   --->   Operation 101 'wait' 'empty_23' <Predicate = true> <Delay = 0.00>
ST_3 : Operation 102 [2/2] (1.17ns)   --->   "%call_ln66 = call void @krnl_s2mm_Pipeline_VITIS_LOOP_66_1, i512 %gmem, i58 %trunc_ln, i26 %div, i512 %n2k_V_data_V, i64 %n2k_V_keep_V, i64 %n2k_V_strb_V, i1 %n2k_V_user_V, i1 %n2k_V_last_V, i1 %n2k_V_id_V, i16 %n2k_V_dest_V" [/home/Will/Documents/Research-Files/G-FPin_HW/Vitis/Basic_kernels/src/krnl_s2mm.cpp:66]   --->   Operation 102 'call' 'call_ln66' <Predicate = true> <Delay = 1.17> <CoreType = "Generic">   --->   Core 0 '' <Latency = 0> <II = 1> <Delay = 1.00> <Generic> <Opcode : >

State 4 <SV = 3> <Delay = 0.00>
ST_4 : Operation 103 [1/2] (0.00ns)   --->   "%call_ln66 = call void @krnl_s2mm_Pipeline_VITIS_LOOP_66_1, i512 %gmem, i58 %trunc_ln, i26 %div, i512 %n2k_V_data_V, i64 %n2k_V_keep_V, i64 %n2k_V_strb_V, i1 %n2k_V_user_V, i1 %n2k_V_last_V, i1 %n2k_V_id_V, i16 %n2k_V_dest_V" [/home/Will/Documents/Research-Files/G-FPin_HW/Vitis/Basic_kernels/src/krnl_s2mm.cpp:66]   --->   Operation 103 'call' 'call_ln66' <Predicate = true> <Delay = 0.00> <CoreType = "Generic">   --->   Core 0 '' <Latency = 0> <II = 1> <Delay = 1.00> <Generic> <Opcode : >

State 5 <SV = 4> <Delay = 2.43>
ST_5 : Operation 104 [68/68] (2.43ns)   --->   "%empty_24 = writeresp i1 @_ssdm_op_WriteResp.m_axi.p1i512, i512 %gmem_addr" [/home/Will/Documents/Research-Files/G-FPin_HW/Vitis/Basic_kernels/src/krnl_s2mm.cpp:76]   --->   Operation 104 'writeresp' 'empty_24' <Predicate = true> <Delay = 2.43> <CoreInst = "m_axi">   --->   Core 121 'm_axi' <Latency = 3> <II = 1> <Delay = 1.00> <Adapter> <Opcode : 'read' 'write' 'readreq' 'writereq' 'writeresp'>

State 6 <SV = 5> <Delay = 2.43>
ST_6 : Operation 105 [67/68] (2.43ns)   --->   "%empty_24 = writeresp i1 @_ssdm_op_WriteResp.m_axi.p1i512, i512 %gmem_addr" [/home/Will/Documents/Research-Files/G-FPin_HW/Vitis/Basic_kernels/src/krnl_s2mm.cpp:76]   --->   Operation 105 'writeresp' 'empty_24' <Predicate = true> <Delay = 2.43> <CoreInst = "m_axi">   --->   Core 121 'm_axi' <Latency = 3> <II = 1> <Delay = 1.00> <Adapter> <Opcode : 'read' 'write' 'readreq' 'writereq' 'writeresp'>

State 7 <SV = 6> <Delay = 2.43>
ST_7 : Operation 106 [66/68] (2.43ns)   --->   "%empty_24 = writeresp i1 @_ssdm_op_WriteResp.m_axi.p1i512, i512 %gmem_addr" [/home/Will/Documents/Research-Files/G-FPin_HW/Vitis/Basic_kernels/src/krnl_s2mm.cpp:76]   --->   Operation 106 'writeresp' 'empty_24' <Predicate = true> <Delay = 2.43> <CoreInst = "m_axi">   --->   Core 121 'm_axi' <Latency = 3> <II = 1> <Delay = 1.00> <Adapter> <Opcode : 'read' 'write' 'readreq' 'writereq' 'writeresp'>

State 8 <SV = 7> <Delay = 2.43>
ST_8 : Operation 107 [65/68] (2.43ns)   --->   "%empty_24 = writeresp i1 @_ssdm_op_WriteResp.m_axi.p1i512, i512 %gmem_addr" [/home/Will/Documents/Research-Files/G-FPin_HW/Vitis/Basic_kernels/src/krnl_s2mm.cpp:76]   --->   Operation 107 'writeresp' 'empty_24' <Predicate = true> <Delay = 2.43> <CoreInst = "m_axi">   --->   Core 121 'm_axi' <Latency = 3> <II = 1> <Delay = 1.00> <Adapter> <Opcode : 'read' 'write' 'readreq' 'writereq' 'writeresp'>

State 9 <SV = 8> <Delay = 2.43>
ST_9 : Operation 108 [64/68] (2.43ns)   --->   "%empty_24 = writeresp i1 @_ssdm_op_WriteResp.m_axi.p1i512, i512 %gmem_addr" [/home/Will/Documents/Research-Files/G-FPin_HW/Vitis/Basic_kernels/src/krnl_s2mm.cpp:76]   --->   Operation 108 'writeresp' 'empty_24' <Predicate = true> <Delay = 2.43> <CoreInst = "m_axi">   --->   Core 121 'm_axi' <Latency = 3> <II = 1> <Delay = 1.00> <Adapter> <Opcode : 'read' 'write' 'readreq' 'writereq' 'writeresp'>

State 10 <SV = 9> <Delay = 2.43>
ST_10 : Operation 109 [63/68] (2.43ns)   --->   "%empty_24 = writeresp i1 @_ssdm_op_WriteResp.m_axi.p1i512, i512 %gmem_addr" [/home/Will/Documents/Research-Files/G-FPin_HW/Vitis/Basic_kernels/src/krnl_s2mm.cpp:76]   --->   Operation 109 'writeresp' 'empty_24' <Predicate = true> <Delay = 2.43> <CoreInst = "m_axi">   --->   Core 121 'm_axi' <Latency = 3> <II = 1> <Delay = 1.00> <Adapter> <Opcode : 'read' 'write' 'readreq' 'writereq' 'writeresp'>

State 11 <SV = 10> <Delay = 2.43>
ST_11 : Operation 110 [62/68] (2.43ns)   --->   "%empty_24 = writeresp i1 @_ssdm_op_WriteResp.m_axi.p1i512, i512 %gmem_addr" [/home/Will/Documents/Research-Files/G-FPin_HW/Vitis/Basic_kernels/src/krnl_s2mm.cpp:76]   --->   Operation 110 'writeresp' 'empty_24' <Predicate = true> <Delay = 2.43> <CoreInst = "m_axi">   --->   Core 121 'm_axi' <Latency = 3> <II = 1> <Delay = 1.00> <Adapter> <Opcode : 'read' 'write' 'readreq' 'writereq' 'writeresp'>

State 12 <SV = 11> <Delay = 2.43>
ST_12 : Operation 111 [61/68] (2.43ns)   --->   "%empty_24 = writeresp i1 @_ssdm_op_WriteResp.m_axi.p1i512, i512 %gmem_addr" [/home/Will/Documents/Research-Files/G-FPin_HW/Vitis/Basic_kernels/src/krnl_s2mm.cpp:76]   --->   Operation 111 'writeresp' 'empty_24' <Predicate = true> <Delay = 2.43> <CoreInst = "m_axi">   --->   Core 121 'm_axi' <Latency = 3> <II = 1> <Delay = 1.00> <Adapter> <Opcode : 'read' 'write' 'readreq' 'writereq' 'writeresp'>

State 13 <SV = 12> <Delay = 2.43>
ST_13 : Operation 112 [60/68] (2.43ns)   --->   "%empty_24 = writeresp i1 @_ssdm_op_WriteResp.m_axi.p1i512, i512 %gmem_addr" [/home/Will/Documents/Research-Files/G-FPin_HW/Vitis/Basic_kernels/src/krnl_s2mm.cpp:76]   --->   Operation 112 'writeresp' 'empty_24' <Predicate = true> <Delay = 2.43> <CoreInst = "m_axi">   --->   Core 121 'm_axi' <Latency = 3> <II = 1> <Delay = 1.00> <Adapter> <Opcode : 'read' 'write' 'readreq' 'writereq' 'writeresp'>

State 14 <SV = 13> <Delay = 2.43>
ST_14 : Operation 113 [59/68] (2.43ns)   --->   "%empty_24 = writeresp i1 @_ssdm_op_WriteResp.m_axi.p1i512, i512 %gmem_addr" [/home/Will/Documents/Research-Files/G-FPin_HW/Vitis/Basic_kernels/src/krnl_s2mm.cpp:76]   --->   Operation 113 'writeresp' 'empty_24' <Predicate = true> <Delay = 2.43> <CoreInst = "m_axi">   --->   Core 121 'm_axi' <Latency = 3> <II = 1> <Delay = 1.00> <Adapter> <Opcode : 'read' 'write' 'readreq' 'writereq' 'writeresp'>

State 15 <SV = 14> <Delay = 2.43>
ST_15 : Operation 114 [58/68] (2.43ns)   --->   "%empty_24 = writeresp i1 @_ssdm_op_WriteResp.m_axi.p1i512, i512 %gmem_addr" [/home/Will/Documents/Research-Files/G-FPin_HW/Vitis/Basic_kernels/src/krnl_s2mm.cpp:76]   --->   Operation 114 'writeresp' 'empty_24' <Predicate = true> <Delay = 2.43> <CoreInst = "m_axi">   --->   Core 121 'm_axi' <Latency = 3> <II = 1> <Delay = 1.00> <Adapter> <Opcode : 'read' 'write' 'readreq' 'writereq' 'writeresp'>

State 16 <SV = 15> <Delay = 2.43>
ST_16 : Operation 115 [57/68] (2.43ns)   --->   "%empty_24 = writeresp i1 @_ssdm_op_WriteResp.m_axi.p1i512, i512 %gmem_addr" [/home/Will/Documents/Research-Files/G-FPin_HW/Vitis/Basic_kernels/src/krnl_s2mm.cpp:76]   --->   Operation 115 'writeresp' 'empty_24' <Predicate = true> <Delay = 2.43> <CoreInst = "m_axi">   --->   Core 121 'm_axi' <Latency = 3> <II = 1> <Delay = 1.00> <Adapter> <Opcode : 'read' 'write' 'readreq' 'writereq' 'writeresp'>

State 17 <SV = 16> <Delay = 2.43>
ST_17 : Operation 116 [56/68] (2.43ns)   --->   "%empty_24 = writeresp i1 @_ssdm_op_WriteResp.m_axi.p1i512, i512 %gmem_addr" [/home/Will/Documents/Research-Files/G-FPin_HW/Vitis/Basic_kernels/src/krnl_s2mm.cpp:76]   --->   Operation 116 'writeresp' 'empty_24' <Predicate = true> <Delay = 2.43> <CoreInst = "m_axi">   --->   Core 121 'm_axi' <Latency = 3> <II = 1> <Delay = 1.00> <Adapter> <Opcode : 'read' 'write' 'readreq' 'writereq' 'writeresp'>

State 18 <SV = 17> <Delay = 2.43>
ST_18 : Operation 117 [55/68] (2.43ns)   --->   "%empty_24 = writeresp i1 @_ssdm_op_WriteResp.m_axi.p1i512, i512 %gmem_addr" [/home/Will/Documents/Research-Files/G-FPin_HW/Vitis/Basic_kernels/src/krnl_s2mm.cpp:76]   --->   Operation 117 'writeresp' 'empty_24' <Predicate = true> <Delay = 2.43> <CoreInst = "m_axi">   --->   Core 121 'm_axi' <Latency = 3> <II = 1> <Delay = 1.00> <Adapter> <Opcode : 'read' 'write' 'readreq' 'writereq' 'writeresp'>

State 19 <SV = 18> <Delay = 2.43>
ST_19 : Operation 118 [54/68] (2.43ns)   --->   "%empty_24 = writeresp i1 @_ssdm_op_WriteResp.m_axi.p1i512, i512 %gmem_addr" [/home/Will/Documents/Research-Files/G-FPin_HW/Vitis/Basic_kernels/src/krnl_s2mm.cpp:76]   --->   Operation 118 'writeresp' 'empty_24' <Predicate = true> <Delay = 2.43> <CoreInst = "m_axi">   --->   Core 121 'm_axi' <Latency = 3> <II = 1> <Delay = 1.00> <Adapter> <Opcode : 'read' 'write' 'readreq' 'writereq' 'writeresp'>

State 20 <SV = 19> <Delay = 2.43>
ST_20 : Operation 119 [53/68] (2.43ns)   --->   "%empty_24 = writeresp i1 @_ssdm_op_WriteResp.m_axi.p1i512, i512 %gmem_addr" [/home/Will/Documents/Research-Files/G-FPin_HW/Vitis/Basic_kernels/src/krnl_s2mm.cpp:76]   --->   Operation 119 'writeresp' 'empty_24' <Predicate = true> <Delay = 2.43> <CoreInst = "m_axi">   --->   Core 121 'm_axi' <Latency = 3> <II = 1> <Delay = 1.00> <Adapter> <Opcode : 'read' 'write' 'readreq' 'writereq' 'writeresp'>

State 21 <SV = 20> <Delay = 2.43>
ST_21 : Operation 120 [52/68] (2.43ns)   --->   "%empty_24 = writeresp i1 @_ssdm_op_WriteResp.m_axi.p1i512, i512 %gmem_addr" [/home/Will/Documents/Research-Files/G-FPin_HW/Vitis/Basic_kernels/src/krnl_s2mm.cpp:76]   --->   Operation 120 'writeresp' 'empty_24' <Predicate = true> <Delay = 2.43> <CoreInst = "m_axi">   --->   Core 121 'm_axi' <Latency = 3> <II = 1> <Delay = 1.00> <Adapter> <Opcode : 'read' 'write' 'readreq' 'writereq' 'writeresp'>

State 22 <SV = 21> <Delay = 2.43>
ST_22 : Operation 121 [51/68] (2.43ns)   --->   "%empty_24 = writeresp i1 @_ssdm_op_WriteResp.m_axi.p1i512, i512 %gmem_addr" [/home/Will/Documents/Research-Files/G-FPin_HW/Vitis/Basic_kernels/src/krnl_s2mm.cpp:76]   --->   Operation 121 'writeresp' 'empty_24' <Predicate = true> <Delay = 2.43> <CoreInst = "m_axi">   --->   Core 121 'm_axi' <Latency = 3> <II = 1> <Delay = 1.00> <Adapter> <Opcode : 'read' 'write' 'readreq' 'writereq' 'writeresp'>

State 23 <SV = 22> <Delay = 2.43>
ST_23 : Operation 122 [50/68] (2.43ns)   --->   "%empty_24 = writeresp i1 @_ssdm_op_WriteResp.m_axi.p1i512, i512 %gmem_addr" [/home/Will/Documents/Research-Files/G-FPin_HW/Vitis/Basic_kernels/src/krnl_s2mm.cpp:76]   --->   Operation 122 'writeresp' 'empty_24' <Predicate = true> <Delay = 2.43> <CoreInst = "m_axi">   --->   Core 121 'm_axi' <Latency = 3> <II = 1> <Delay = 1.00> <Adapter> <Opcode : 'read' 'write' 'readreq' 'writereq' 'writeresp'>

State 24 <SV = 23> <Delay = 2.43>
ST_24 : Operation 123 [49/68] (2.43ns)   --->   "%empty_24 = writeresp i1 @_ssdm_op_WriteResp.m_axi.p1i512, i512 %gmem_addr" [/home/Will/Documents/Research-Files/G-FPin_HW/Vitis/Basic_kernels/src/krnl_s2mm.cpp:76]   --->   Operation 123 'writeresp' 'empty_24' <Predicate = true> <Delay = 2.43> <CoreInst = "m_axi">   --->   Core 121 'm_axi' <Latency = 3> <II = 1> <Delay = 1.00> <Adapter> <Opcode : 'read' 'write' 'readreq' 'writereq' 'writeresp'>

State 25 <SV = 24> <Delay = 2.43>
ST_25 : Operation 124 [48/68] (2.43ns)   --->   "%empty_24 = writeresp i1 @_ssdm_op_WriteResp.m_axi.p1i512, i512 %gmem_addr" [/home/Will/Documents/Research-Files/G-FPin_HW/Vitis/Basic_kernels/src/krnl_s2mm.cpp:76]   --->   Operation 124 'writeresp' 'empty_24' <Predicate = true> <Delay = 2.43> <CoreInst = "m_axi">   --->   Core 121 'm_axi' <Latency = 3> <II = 1> <Delay = 1.00> <Adapter> <Opcode : 'read' 'write' 'readreq' 'writereq' 'writeresp'>

State 26 <SV = 25> <Delay = 2.43>
ST_26 : Operation 125 [47/68] (2.43ns)   --->   "%empty_24 = writeresp i1 @_ssdm_op_WriteResp.m_axi.p1i512, i512 %gmem_addr" [/home/Will/Documents/Research-Files/G-FPin_HW/Vitis/Basic_kernels/src/krnl_s2mm.cpp:76]   --->   Operation 125 'writeresp' 'empty_24' <Predicate = true> <Delay = 2.43> <CoreInst = "m_axi">   --->   Core 121 'm_axi' <Latency = 3> <II = 1> <Delay = 1.00> <Adapter> <Opcode : 'read' 'write' 'readreq' 'writereq' 'writeresp'>

State 27 <SV = 26> <Delay = 2.43>
ST_27 : Operation 126 [46/68] (2.43ns)   --->   "%empty_24 = writeresp i1 @_ssdm_op_WriteResp.m_axi.p1i512, i512 %gmem_addr" [/home/Will/Documents/Research-Files/G-FPin_HW/Vitis/Basic_kernels/src/krnl_s2mm.cpp:76]   --->   Operation 126 'writeresp' 'empty_24' <Predicate = true> <Delay = 2.43> <CoreInst = "m_axi">   --->   Core 121 'm_axi' <Latency = 3> <II = 1> <Delay = 1.00> <Adapter> <Opcode : 'read' 'write' 'readreq' 'writereq' 'writeresp'>

State 28 <SV = 27> <Delay = 2.43>
ST_28 : Operation 127 [45/68] (2.43ns)   --->   "%empty_24 = writeresp i1 @_ssdm_op_WriteResp.m_axi.p1i512, i512 %gmem_addr" [/home/Will/Documents/Research-Files/G-FPin_HW/Vitis/Basic_kernels/src/krnl_s2mm.cpp:76]   --->   Operation 127 'writeresp' 'empty_24' <Predicate = true> <Delay = 2.43> <CoreInst = "m_axi">   --->   Core 121 'm_axi' <Latency = 3> <II = 1> <Delay = 1.00> <Adapter> <Opcode : 'read' 'write' 'readreq' 'writereq' 'writeresp'>

State 29 <SV = 28> <Delay = 2.43>
ST_29 : Operation 128 [44/68] (2.43ns)   --->   "%empty_24 = writeresp i1 @_ssdm_op_WriteResp.m_axi.p1i512, i512 %gmem_addr" [/home/Will/Documents/Research-Files/G-FPin_HW/Vitis/Basic_kernels/src/krnl_s2mm.cpp:76]   --->   Operation 128 'writeresp' 'empty_24' <Predicate = true> <Delay = 2.43> <CoreInst = "m_axi">   --->   Core 121 'm_axi' <Latency = 3> <II = 1> <Delay = 1.00> <Adapter> <Opcode : 'read' 'write' 'readreq' 'writereq' 'writeresp'>

State 30 <SV = 29> <Delay = 2.43>
ST_30 : Operation 129 [43/68] (2.43ns)   --->   "%empty_24 = writeresp i1 @_ssdm_op_WriteResp.m_axi.p1i512, i512 %gmem_addr" [/home/Will/Documents/Research-Files/G-FPin_HW/Vitis/Basic_kernels/src/krnl_s2mm.cpp:76]   --->   Operation 129 'writeresp' 'empty_24' <Predicate = true> <Delay = 2.43> <CoreInst = "m_axi">   --->   Core 121 'm_axi' <Latency = 3> <II = 1> <Delay = 1.00> <Adapter> <Opcode : 'read' 'write' 'readreq' 'writereq' 'writeresp'>

State 31 <SV = 30> <Delay = 2.43>
ST_31 : Operation 130 [42/68] (2.43ns)   --->   "%empty_24 = writeresp i1 @_ssdm_op_WriteResp.m_axi.p1i512, i512 %gmem_addr" [/home/Will/Documents/Research-Files/G-FPin_HW/Vitis/Basic_kernels/src/krnl_s2mm.cpp:76]   --->   Operation 130 'writeresp' 'empty_24' <Predicate = true> <Delay = 2.43> <CoreInst = "m_axi">   --->   Core 121 'm_axi' <Latency = 3> <II = 1> <Delay = 1.00> <Adapter> <Opcode : 'read' 'write' 'readreq' 'writereq' 'writeresp'>

State 32 <SV = 31> <Delay = 2.43>
ST_32 : Operation 131 [41/68] (2.43ns)   --->   "%empty_24 = writeresp i1 @_ssdm_op_WriteResp.m_axi.p1i512, i512 %gmem_addr" [/home/Will/Documents/Research-Files/G-FPin_HW/Vitis/Basic_kernels/src/krnl_s2mm.cpp:76]   --->   Operation 131 'writeresp' 'empty_24' <Predicate = true> <Delay = 2.43> <CoreInst = "m_axi">   --->   Core 121 'm_axi' <Latency = 3> <II = 1> <Delay = 1.00> <Adapter> <Opcode : 'read' 'write' 'readreq' 'writereq' 'writeresp'>

State 33 <SV = 32> <Delay = 2.43>
ST_33 : Operation 132 [40/68] (2.43ns)   --->   "%empty_24 = writeresp i1 @_ssdm_op_WriteResp.m_axi.p1i512, i512 %gmem_addr" [/home/Will/Documents/Research-Files/G-FPin_HW/Vitis/Basic_kernels/src/krnl_s2mm.cpp:76]   --->   Operation 132 'writeresp' 'empty_24' <Predicate = true> <Delay = 2.43> <CoreInst = "m_axi">   --->   Core 121 'm_axi' <Latency = 3> <II = 1> <Delay = 1.00> <Adapter> <Opcode : 'read' 'write' 'readreq' 'writereq' 'writeresp'>

State 34 <SV = 33> <Delay = 2.43>
ST_34 : Operation 133 [39/68] (2.43ns)   --->   "%empty_24 = writeresp i1 @_ssdm_op_WriteResp.m_axi.p1i512, i512 %gmem_addr" [/home/Will/Documents/Research-Files/G-FPin_HW/Vitis/Basic_kernels/src/krnl_s2mm.cpp:76]   --->   Operation 133 'writeresp' 'empty_24' <Predicate = true> <Delay = 2.43> <CoreInst = "m_axi">   --->   Core 121 'm_axi' <Latency = 3> <II = 1> <Delay = 1.00> <Adapter> <Opcode : 'read' 'write' 'readreq' 'writereq' 'writeresp'>

State 35 <SV = 34> <Delay = 2.43>
ST_35 : Operation 134 [38/68] (2.43ns)   --->   "%empty_24 = writeresp i1 @_ssdm_op_WriteResp.m_axi.p1i512, i512 %gmem_addr" [/home/Will/Documents/Research-Files/G-FPin_HW/Vitis/Basic_kernels/src/krnl_s2mm.cpp:76]   --->   Operation 134 'writeresp' 'empty_24' <Predicate = true> <Delay = 2.43> <CoreInst = "m_axi">   --->   Core 121 'm_axi' <Latency = 3> <II = 1> <Delay = 1.00> <Adapter> <Opcode : 'read' 'write' 'readreq' 'writereq' 'writeresp'>

State 36 <SV = 35> <Delay = 2.43>
ST_36 : Operation 135 [37/68] (2.43ns)   --->   "%empty_24 = writeresp i1 @_ssdm_op_WriteResp.m_axi.p1i512, i512 %gmem_addr" [/home/Will/Documents/Research-Files/G-FPin_HW/Vitis/Basic_kernels/src/krnl_s2mm.cpp:76]   --->   Operation 135 'writeresp' 'empty_24' <Predicate = true> <Delay = 2.43> <CoreInst = "m_axi">   --->   Core 121 'm_axi' <Latency = 3> <II = 1> <Delay = 1.00> <Adapter> <Opcode : 'read' 'write' 'readreq' 'writereq' 'writeresp'>

State 37 <SV = 36> <Delay = 2.43>
ST_37 : Operation 136 [36/68] (2.43ns)   --->   "%empty_24 = writeresp i1 @_ssdm_op_WriteResp.m_axi.p1i512, i512 %gmem_addr" [/home/Will/Documents/Research-Files/G-FPin_HW/Vitis/Basic_kernels/src/krnl_s2mm.cpp:76]   --->   Operation 136 'writeresp' 'empty_24' <Predicate = true> <Delay = 2.43> <CoreInst = "m_axi">   --->   Core 121 'm_axi' <Latency = 3> <II = 1> <Delay = 1.00> <Adapter> <Opcode : 'read' 'write' 'readreq' 'writereq' 'writeresp'>

State 38 <SV = 37> <Delay = 2.43>
ST_38 : Operation 137 [35/68] (2.43ns)   --->   "%empty_24 = writeresp i1 @_ssdm_op_WriteResp.m_axi.p1i512, i512 %gmem_addr" [/home/Will/Documents/Research-Files/G-FPin_HW/Vitis/Basic_kernels/src/krnl_s2mm.cpp:76]   --->   Operation 137 'writeresp' 'empty_24' <Predicate = true> <Delay = 2.43> <CoreInst = "m_axi">   --->   Core 121 'm_axi' <Latency = 3> <II = 1> <Delay = 1.00> <Adapter> <Opcode : 'read' 'write' 'readreq' 'writereq' 'writeresp'>

State 39 <SV = 38> <Delay = 2.43>
ST_39 : Operation 138 [34/68] (2.43ns)   --->   "%empty_24 = writeresp i1 @_ssdm_op_WriteResp.m_axi.p1i512, i512 %gmem_addr" [/home/Will/Documents/Research-Files/G-FPin_HW/Vitis/Basic_kernels/src/krnl_s2mm.cpp:76]   --->   Operation 138 'writeresp' 'empty_24' <Predicate = true> <Delay = 2.43> <CoreInst = "m_axi">   --->   Core 121 'm_axi' <Latency = 3> <II = 1> <Delay = 1.00> <Adapter> <Opcode : 'read' 'write' 'readreq' 'writereq' 'writeresp'>

State 40 <SV = 39> <Delay = 2.43>
ST_40 : Operation 139 [33/68] (2.43ns)   --->   "%empty_24 = writeresp i1 @_ssdm_op_WriteResp.m_axi.p1i512, i512 %gmem_addr" [/home/Will/Documents/Research-Files/G-FPin_HW/Vitis/Basic_kernels/src/krnl_s2mm.cpp:76]   --->   Operation 139 'writeresp' 'empty_24' <Predicate = true> <Delay = 2.43> <CoreInst = "m_axi">   --->   Core 121 'm_axi' <Latency = 3> <II = 1> <Delay = 1.00> <Adapter> <Opcode : 'read' 'write' 'readreq' 'writereq' 'writeresp'>

State 41 <SV = 40> <Delay = 2.43>
ST_41 : Operation 140 [32/68] (2.43ns)   --->   "%empty_24 = writeresp i1 @_ssdm_op_WriteResp.m_axi.p1i512, i512 %gmem_addr" [/home/Will/Documents/Research-Files/G-FPin_HW/Vitis/Basic_kernels/src/krnl_s2mm.cpp:76]   --->   Operation 140 'writeresp' 'empty_24' <Predicate = true> <Delay = 2.43> <CoreInst = "m_axi">   --->   Core 121 'm_axi' <Latency = 3> <II = 1> <Delay = 1.00> <Adapter> <Opcode : 'read' 'write' 'readreq' 'writereq' 'writeresp'>

State 42 <SV = 41> <Delay = 2.43>
ST_42 : Operation 141 [31/68] (2.43ns)   --->   "%empty_24 = writeresp i1 @_ssdm_op_WriteResp.m_axi.p1i512, i512 %gmem_addr" [/home/Will/Documents/Research-Files/G-FPin_HW/Vitis/Basic_kernels/src/krnl_s2mm.cpp:76]   --->   Operation 141 'writeresp' 'empty_24' <Predicate = true> <Delay = 2.43> <CoreInst = "m_axi">   --->   Core 121 'm_axi' <Latency = 3> <II = 1> <Delay = 1.00> <Adapter> <Opcode : 'read' 'write' 'readreq' 'writereq' 'writeresp'>

State 43 <SV = 42> <Delay = 2.43>
ST_43 : Operation 142 [30/68] (2.43ns)   --->   "%empty_24 = writeresp i1 @_ssdm_op_WriteResp.m_axi.p1i512, i512 %gmem_addr" [/home/Will/Documents/Research-Files/G-FPin_HW/Vitis/Basic_kernels/src/krnl_s2mm.cpp:76]   --->   Operation 142 'writeresp' 'empty_24' <Predicate = true> <Delay = 2.43> <CoreInst = "m_axi">   --->   Core 121 'm_axi' <Latency = 3> <II = 1> <Delay = 1.00> <Adapter> <Opcode : 'read' 'write' 'readreq' 'writereq' 'writeresp'>

State 44 <SV = 43> <Delay = 2.43>
ST_44 : Operation 143 [29/68] (2.43ns)   --->   "%empty_24 = writeresp i1 @_ssdm_op_WriteResp.m_axi.p1i512, i512 %gmem_addr" [/home/Will/Documents/Research-Files/G-FPin_HW/Vitis/Basic_kernels/src/krnl_s2mm.cpp:76]   --->   Operation 143 'writeresp' 'empty_24' <Predicate = true> <Delay = 2.43> <CoreInst = "m_axi">   --->   Core 121 'm_axi' <Latency = 3> <II = 1> <Delay = 1.00> <Adapter> <Opcode : 'read' 'write' 'readreq' 'writereq' 'writeresp'>

State 45 <SV = 44> <Delay = 2.43>
ST_45 : Operation 144 [28/68] (2.43ns)   --->   "%empty_24 = writeresp i1 @_ssdm_op_WriteResp.m_axi.p1i512, i512 %gmem_addr" [/home/Will/Documents/Research-Files/G-FPin_HW/Vitis/Basic_kernels/src/krnl_s2mm.cpp:76]   --->   Operation 144 'writeresp' 'empty_24' <Predicate = true> <Delay = 2.43> <CoreInst = "m_axi">   --->   Core 121 'm_axi' <Latency = 3> <II = 1> <Delay = 1.00> <Adapter> <Opcode : 'read' 'write' 'readreq' 'writereq' 'writeresp'>

State 46 <SV = 45> <Delay = 2.43>
ST_46 : Operation 145 [27/68] (2.43ns)   --->   "%empty_24 = writeresp i1 @_ssdm_op_WriteResp.m_axi.p1i512, i512 %gmem_addr" [/home/Will/Documents/Research-Files/G-FPin_HW/Vitis/Basic_kernels/src/krnl_s2mm.cpp:76]   --->   Operation 145 'writeresp' 'empty_24' <Predicate = true> <Delay = 2.43> <CoreInst = "m_axi">   --->   Core 121 'm_axi' <Latency = 3> <II = 1> <Delay = 1.00> <Adapter> <Opcode : 'read' 'write' 'readreq' 'writereq' 'writeresp'>

State 47 <SV = 46> <Delay = 2.43>
ST_47 : Operation 146 [26/68] (2.43ns)   --->   "%empty_24 = writeresp i1 @_ssdm_op_WriteResp.m_axi.p1i512, i512 %gmem_addr" [/home/Will/Documents/Research-Files/G-FPin_HW/Vitis/Basic_kernels/src/krnl_s2mm.cpp:76]   --->   Operation 146 'writeresp' 'empty_24' <Predicate = true> <Delay = 2.43> <CoreInst = "m_axi">   --->   Core 121 'm_axi' <Latency = 3> <II = 1> <Delay = 1.00> <Adapter> <Opcode : 'read' 'write' 'readreq' 'writereq' 'writeresp'>

State 48 <SV = 47> <Delay = 2.43>
ST_48 : Operation 147 [25/68] (2.43ns)   --->   "%empty_24 = writeresp i1 @_ssdm_op_WriteResp.m_axi.p1i512, i512 %gmem_addr" [/home/Will/Documents/Research-Files/G-FPin_HW/Vitis/Basic_kernels/src/krnl_s2mm.cpp:76]   --->   Operation 147 'writeresp' 'empty_24' <Predicate = true> <Delay = 2.43> <CoreInst = "m_axi">   --->   Core 121 'm_axi' <Latency = 3> <II = 1> <Delay = 1.00> <Adapter> <Opcode : 'read' 'write' 'readreq' 'writereq' 'writeresp'>

State 49 <SV = 48> <Delay = 2.43>
ST_49 : Operation 148 [24/68] (2.43ns)   --->   "%empty_24 = writeresp i1 @_ssdm_op_WriteResp.m_axi.p1i512, i512 %gmem_addr" [/home/Will/Documents/Research-Files/G-FPin_HW/Vitis/Basic_kernels/src/krnl_s2mm.cpp:76]   --->   Operation 148 'writeresp' 'empty_24' <Predicate = true> <Delay = 2.43> <CoreInst = "m_axi">   --->   Core 121 'm_axi' <Latency = 3> <II = 1> <Delay = 1.00> <Adapter> <Opcode : 'read' 'write' 'readreq' 'writereq' 'writeresp'>

State 50 <SV = 49> <Delay = 2.43>
ST_50 : Operation 149 [23/68] (2.43ns)   --->   "%empty_24 = writeresp i1 @_ssdm_op_WriteResp.m_axi.p1i512, i512 %gmem_addr" [/home/Will/Documents/Research-Files/G-FPin_HW/Vitis/Basic_kernels/src/krnl_s2mm.cpp:76]   --->   Operation 149 'writeresp' 'empty_24' <Predicate = true> <Delay = 2.43> <CoreInst = "m_axi">   --->   Core 121 'm_axi' <Latency = 3> <II = 1> <Delay = 1.00> <Adapter> <Opcode : 'read' 'write' 'readreq' 'writereq' 'writeresp'>

State 51 <SV = 50> <Delay = 2.43>
ST_51 : Operation 150 [22/68] (2.43ns)   --->   "%empty_24 = writeresp i1 @_ssdm_op_WriteResp.m_axi.p1i512, i512 %gmem_addr" [/home/Will/Documents/Research-Files/G-FPin_HW/Vitis/Basic_kernels/src/krnl_s2mm.cpp:76]   --->   Operation 150 'writeresp' 'empty_24' <Predicate = true> <Delay = 2.43> <CoreInst = "m_axi">   --->   Core 121 'm_axi' <Latency = 3> <II = 1> <Delay = 1.00> <Adapter> <Opcode : 'read' 'write' 'readreq' 'writereq' 'writeresp'>

State 52 <SV = 51> <Delay = 2.43>
ST_52 : Operation 151 [21/68] (2.43ns)   --->   "%empty_24 = writeresp i1 @_ssdm_op_WriteResp.m_axi.p1i512, i512 %gmem_addr" [/home/Will/Documents/Research-Files/G-FPin_HW/Vitis/Basic_kernels/src/krnl_s2mm.cpp:76]   --->   Operation 151 'writeresp' 'empty_24' <Predicate = true> <Delay = 2.43> <CoreInst = "m_axi">   --->   Core 121 'm_axi' <Latency = 3> <II = 1> <Delay = 1.00> <Adapter> <Opcode : 'read' 'write' 'readreq' 'writereq' 'writeresp'>

State 53 <SV = 52> <Delay = 2.43>
ST_53 : Operation 152 [20/68] (2.43ns)   --->   "%empty_24 = writeresp i1 @_ssdm_op_WriteResp.m_axi.p1i512, i512 %gmem_addr" [/home/Will/Documents/Research-Files/G-FPin_HW/Vitis/Basic_kernels/src/krnl_s2mm.cpp:76]   --->   Operation 152 'writeresp' 'empty_24' <Predicate = true> <Delay = 2.43> <CoreInst = "m_axi">   --->   Core 121 'm_axi' <Latency = 3> <II = 1> <Delay = 1.00> <Adapter> <Opcode : 'read' 'write' 'readreq' 'writereq' 'writeresp'>

State 54 <SV = 53> <Delay = 2.43>
ST_54 : Operation 153 [19/68] (2.43ns)   --->   "%empty_24 = writeresp i1 @_ssdm_op_WriteResp.m_axi.p1i512, i512 %gmem_addr" [/home/Will/Documents/Research-Files/G-FPin_HW/Vitis/Basic_kernels/src/krnl_s2mm.cpp:76]   --->   Operation 153 'writeresp' 'empty_24' <Predicate = true> <Delay = 2.43> <CoreInst = "m_axi">   --->   Core 121 'm_axi' <Latency = 3> <II = 1> <Delay = 1.00> <Adapter> <Opcode : 'read' 'write' 'readreq' 'writereq' 'writeresp'>

State 55 <SV = 54> <Delay = 2.43>
ST_55 : Operation 154 [18/68] (2.43ns)   --->   "%empty_24 = writeresp i1 @_ssdm_op_WriteResp.m_axi.p1i512, i512 %gmem_addr" [/home/Will/Documents/Research-Files/G-FPin_HW/Vitis/Basic_kernels/src/krnl_s2mm.cpp:76]   --->   Operation 154 'writeresp' 'empty_24' <Predicate = true> <Delay = 2.43> <CoreInst = "m_axi">   --->   Core 121 'm_axi' <Latency = 3> <II = 1> <Delay = 1.00> <Adapter> <Opcode : 'read' 'write' 'readreq' 'writereq' 'writeresp'>

State 56 <SV = 55> <Delay = 2.43>
ST_56 : Operation 155 [17/68] (2.43ns)   --->   "%empty_24 = writeresp i1 @_ssdm_op_WriteResp.m_axi.p1i512, i512 %gmem_addr" [/home/Will/Documents/Research-Files/G-FPin_HW/Vitis/Basic_kernels/src/krnl_s2mm.cpp:76]   --->   Operation 155 'writeresp' 'empty_24' <Predicate = true> <Delay = 2.43> <CoreInst = "m_axi">   --->   Core 121 'm_axi' <Latency = 3> <II = 1> <Delay = 1.00> <Adapter> <Opcode : 'read' 'write' 'readreq' 'writereq' 'writeresp'>

State 57 <SV = 56> <Delay = 2.43>
ST_57 : Operation 156 [16/68] (2.43ns)   --->   "%empty_24 = writeresp i1 @_ssdm_op_WriteResp.m_axi.p1i512, i512 %gmem_addr" [/home/Will/Documents/Research-Files/G-FPin_HW/Vitis/Basic_kernels/src/krnl_s2mm.cpp:76]   --->   Operation 156 'writeresp' 'empty_24' <Predicate = true> <Delay = 2.43> <CoreInst = "m_axi">   --->   Core 121 'm_axi' <Latency = 3> <II = 1> <Delay = 1.00> <Adapter> <Opcode : 'read' 'write' 'readreq' 'writereq' 'writeresp'>

State 58 <SV = 57> <Delay = 2.43>
ST_58 : Operation 157 [15/68] (2.43ns)   --->   "%empty_24 = writeresp i1 @_ssdm_op_WriteResp.m_axi.p1i512, i512 %gmem_addr" [/home/Will/Documents/Research-Files/G-FPin_HW/Vitis/Basic_kernels/src/krnl_s2mm.cpp:76]   --->   Operation 157 'writeresp' 'empty_24' <Predicate = true> <Delay = 2.43> <CoreInst = "m_axi">   --->   Core 121 'm_axi' <Latency = 3> <II = 1> <Delay = 1.00> <Adapter> <Opcode : 'read' 'write' 'readreq' 'writereq' 'writeresp'>

State 59 <SV = 58> <Delay = 2.43>
ST_59 : Operation 158 [14/68] (2.43ns)   --->   "%empty_24 = writeresp i1 @_ssdm_op_WriteResp.m_axi.p1i512, i512 %gmem_addr" [/home/Will/Documents/Research-Files/G-FPin_HW/Vitis/Basic_kernels/src/krnl_s2mm.cpp:76]   --->   Operation 158 'writeresp' 'empty_24' <Predicate = true> <Delay = 2.43> <CoreInst = "m_axi">   --->   Core 121 'm_axi' <Latency = 3> <II = 1> <Delay = 1.00> <Adapter> <Opcode : 'read' 'write' 'readreq' 'writereq' 'writeresp'>

State 60 <SV = 59> <Delay = 2.43>
ST_60 : Operation 159 [13/68] (2.43ns)   --->   "%empty_24 = writeresp i1 @_ssdm_op_WriteResp.m_axi.p1i512, i512 %gmem_addr" [/home/Will/Documents/Research-Files/G-FPin_HW/Vitis/Basic_kernels/src/krnl_s2mm.cpp:76]   --->   Operation 159 'writeresp' 'empty_24' <Predicate = true> <Delay = 2.43> <CoreInst = "m_axi">   --->   Core 121 'm_axi' <Latency = 3> <II = 1> <Delay = 1.00> <Adapter> <Opcode : 'read' 'write' 'readreq' 'writereq' 'writeresp'>

State 61 <SV = 60> <Delay = 2.43>
ST_61 : Operation 160 [12/68] (2.43ns)   --->   "%empty_24 = writeresp i1 @_ssdm_op_WriteResp.m_axi.p1i512, i512 %gmem_addr" [/home/Will/Documents/Research-Files/G-FPin_HW/Vitis/Basic_kernels/src/krnl_s2mm.cpp:76]   --->   Operation 160 'writeresp' 'empty_24' <Predicate = true> <Delay = 2.43> <CoreInst = "m_axi">   --->   Core 121 'm_axi' <Latency = 3> <II = 1> <Delay = 1.00> <Adapter> <Opcode : 'read' 'write' 'readreq' 'writereq' 'writeresp'>

State 62 <SV = 61> <Delay = 2.43>
ST_62 : Operation 161 [11/68] (2.43ns)   --->   "%empty_24 = writeresp i1 @_ssdm_op_WriteResp.m_axi.p1i512, i512 %gmem_addr" [/home/Will/Documents/Research-Files/G-FPin_HW/Vitis/Basic_kernels/src/krnl_s2mm.cpp:76]   --->   Operation 161 'writeresp' 'empty_24' <Predicate = true> <Delay = 2.43> <CoreInst = "m_axi">   --->   Core 121 'm_axi' <Latency = 3> <II = 1> <Delay = 1.00> <Adapter> <Opcode : 'read' 'write' 'readreq' 'writereq' 'writeresp'>

State 63 <SV = 62> <Delay = 2.43>
ST_63 : Operation 162 [10/68] (2.43ns)   --->   "%empty_24 = writeresp i1 @_ssdm_op_WriteResp.m_axi.p1i512, i512 %gmem_addr" [/home/Will/Documents/Research-Files/G-FPin_HW/Vitis/Basic_kernels/src/krnl_s2mm.cpp:76]   --->   Operation 162 'writeresp' 'empty_24' <Predicate = true> <Delay = 2.43> <CoreInst = "m_axi">   --->   Core 121 'm_axi' <Latency = 3> <II = 1> <Delay = 1.00> <Adapter> <Opcode : 'read' 'write' 'readreq' 'writereq' 'writeresp'>

State 64 <SV = 63> <Delay = 2.43>
ST_64 : Operation 163 [9/68] (2.43ns)   --->   "%empty_24 = writeresp i1 @_ssdm_op_WriteResp.m_axi.p1i512, i512 %gmem_addr" [/home/Will/Documents/Research-Files/G-FPin_HW/Vitis/Basic_kernels/src/krnl_s2mm.cpp:76]   --->   Operation 163 'writeresp' 'empty_24' <Predicate = true> <Delay = 2.43> <CoreInst = "m_axi">   --->   Core 121 'm_axi' <Latency = 3> <II = 1> <Delay = 1.00> <Adapter> <Opcode : 'read' 'write' 'readreq' 'writereq' 'writeresp'>

State 65 <SV = 64> <Delay = 2.43>
ST_65 : Operation 164 [8/68] (2.43ns)   --->   "%empty_24 = writeresp i1 @_ssdm_op_WriteResp.m_axi.p1i512, i512 %gmem_addr" [/home/Will/Documents/Research-Files/G-FPin_HW/Vitis/Basic_kernels/src/krnl_s2mm.cpp:76]   --->   Operation 164 'writeresp' 'empty_24' <Predicate = true> <Delay = 2.43> <CoreInst = "m_axi">   --->   Core 121 'm_axi' <Latency = 3> <II = 1> <Delay = 1.00> <Adapter> <Opcode : 'read' 'write' 'readreq' 'writereq' 'writeresp'>

State 66 <SV = 65> <Delay = 2.43>
ST_66 : Operation 165 [7/68] (2.43ns)   --->   "%empty_24 = writeresp i1 @_ssdm_op_WriteResp.m_axi.p1i512, i512 %gmem_addr" [/home/Will/Documents/Research-Files/G-FPin_HW/Vitis/Basic_kernels/src/krnl_s2mm.cpp:76]   --->   Operation 165 'writeresp' 'empty_24' <Predicate = true> <Delay = 2.43> <CoreInst = "m_axi">   --->   Core 121 'm_axi' <Latency = 3> <II = 1> <Delay = 1.00> <Adapter> <Opcode : 'read' 'write' 'readreq' 'writereq' 'writeresp'>

State 67 <SV = 66> <Delay = 2.43>
ST_67 : Operation 166 [6/68] (2.43ns)   --->   "%empty_24 = writeresp i1 @_ssdm_op_WriteResp.m_axi.p1i512, i512 %gmem_addr" [/home/Will/Documents/Research-Files/G-FPin_HW/Vitis/Basic_kernels/src/krnl_s2mm.cpp:76]   --->   Operation 166 'writeresp' 'empty_24' <Predicate = true> <Delay = 2.43> <CoreInst = "m_axi">   --->   Core 121 'm_axi' <Latency = 3> <II = 1> <Delay = 1.00> <Adapter> <Opcode : 'read' 'write' 'readreq' 'writereq' 'writeresp'>

State 68 <SV = 67> <Delay = 2.43>
ST_68 : Operation 167 [5/68] (2.43ns)   --->   "%empty_24 = writeresp i1 @_ssdm_op_WriteResp.m_axi.p1i512, i512 %gmem_addr" [/home/Will/Documents/Research-Files/G-FPin_HW/Vitis/Basic_kernels/src/krnl_s2mm.cpp:76]   --->   Operation 167 'writeresp' 'empty_24' <Predicate = true> <Delay = 2.43> <CoreInst = "m_axi">   --->   Core 121 'm_axi' <Latency = 3> <II = 1> <Delay = 1.00> <Adapter> <Opcode : 'read' 'write' 'readreq' 'writereq' 'writeresp'>

State 69 <SV = 68> <Delay = 2.43>
ST_69 : Operation 168 [4/68] (2.43ns)   --->   "%empty_24 = writeresp i1 @_ssdm_op_WriteResp.m_axi.p1i512, i512 %gmem_addr" [/home/Will/Documents/Research-Files/G-FPin_HW/Vitis/Basic_kernels/src/krnl_s2mm.cpp:76]   --->   Operation 168 'writeresp' 'empty_24' <Predicate = true> <Delay = 2.43> <CoreInst = "m_axi">   --->   Core 121 'm_axi' <Latency = 3> <II = 1> <Delay = 1.00> <Adapter> <Opcode : 'read' 'write' 'readreq' 'writereq' 'writeresp'>

State 70 <SV = 69> <Delay = 2.43>
ST_70 : Operation 169 [3/68] (2.43ns)   --->   "%empty_24 = writeresp i1 @_ssdm_op_WriteResp.m_axi.p1i512, i512 %gmem_addr" [/home/Will/Documents/Research-Files/G-FPin_HW/Vitis/Basic_kernels/src/krnl_s2mm.cpp:76]   --->   Operation 169 'writeresp' 'empty_24' <Predicate = true> <Delay = 2.43> <CoreInst = "m_axi">   --->   Core 121 'm_axi' <Latency = 3> <II = 1> <Delay = 1.00> <Adapter> <Opcode : 'read' 'write' 'readreq' 'writereq' 'writeresp'>

State 71 <SV = 70> <Delay = 2.43>
ST_71 : Operation 170 [2/68] (2.43ns)   --->   "%empty_24 = writeresp i1 @_ssdm_op_WriteResp.m_axi.p1i512, i512 %gmem_addr" [/home/Will/Documents/Research-Files/G-FPin_HW/Vitis/Basic_kernels/src/krnl_s2mm.cpp:76]   --->   Operation 170 'writeresp' 'empty_24' <Predicate = true> <Delay = 2.43> <CoreInst = "m_axi">   --->   Core 121 'm_axi' <Latency = 3> <II = 1> <Delay = 1.00> <Adapter> <Opcode : 'read' 'write' 'readreq' 'writereq' 'writeresp'>

State 72 <SV = 71> <Delay = 2.43>
ST_72 : Operation 171 [1/68] (2.43ns)   --->   "%empty_24 = writeresp i1 @_ssdm_op_WriteResp.m_axi.p1i512, i512 %gmem_addr" [/home/Will/Documents/Research-Files/G-FPin_HW/Vitis/Basic_kernels/src/krnl_s2mm.cpp:76]   --->   Operation 171 'writeresp' 'empty_24' <Predicate = (!icmp_ln66)> <Delay = 2.43> <CoreInst = "m_axi">   --->   Core 121 'm_axi' <Latency = 3> <II = 1> <Delay = 1.00> <Adapter> <Opcode : 'read' 'write' 'readreq' 'writereq' 'writeresp'>
ST_72 : Operation 172 [1/1] (0.00ns)   --->   "%br_ln76 = br void %._crit_edge" [/home/Will/Documents/Research-Files/G-FPin_HW/Vitis/Basic_kernels/src/krnl_s2mm.cpp:76]   --->   Operation 172 'br' 'br_ln76' <Predicate = (!icmp_ln66)> <Delay = 0.00>
ST_72 : Operation 173 [1/1] (0.00ns)   --->   "%ret_ln76 = ret" [/home/Will/Documents/Research-Files/G-FPin_HW/Vitis/Basic_kernels/src/krnl_s2mm.cpp:76]   --->   Operation 173 'ret' 'ret_ln76' <Predicate = true> <Delay = 0.00>


============================================================
+ Verbose Summary: Binding
============================================================
STG Binding: 
---------------- STG Properties BEGIN ----------------
- Is combinational: 0
- Is one-state seq: 0
- Is datapath-only: 0
- Is pipelined: 0
- Is top level: 1
Port [ Return ] is wired: 1; IO mode=ap_ctrl_chain:ce=0
Port [ gmem]:  wired=1; compound=1; hidden=0; nouse=0; global=0; static=0; extern=0; dir=1; type=4; pingpong=0; private_global=0; IO mode=m_axi:ce=0
Port [ out_r]:  wired=1; compound=0; hidden=0; nouse=0; global=0; static=0; extern=0; dir=0; type=0; pingpong=0; private_global=0; IO mode=ap_none:ce=0
Port [ n2k_V_data_V]:  wired=1; compound=1; hidden=0; nouse=0; global=0; static=0; extern=0; dir=0; type=0; pingpong=0; private_global=0; IO mode=axis:ce=0
Port [ n2k_V_keep_V]:  wired=1; compound=1; hidden=0; nouse=0; global=0; static=0; extern=0; dir=0; type=0; pingpong=0; private_global=0; IO mode=axis:ce=0
Port [ n2k_V_strb_V]:  wired=1; compound=1; hidden=0; nouse=0; global=0; static=0; extern=0; dir=0; type=0; pingpong=0; private_global=0; IO mode=axis:ce=0
Port [ n2k_V_user_V]:  wired=1; compound=1; hidden=0; nouse=0; global=0; static=0; extern=0; dir=0; type=0; pingpong=0; private_global=0; IO mode=axis:ce=0
Port [ n2k_V_last_V]:  wired=1; compound=1; hidden=0; nouse=0; global=0; static=0; extern=0; dir=0; type=0; pingpong=0; private_global=0; IO mode=axis:ce=0
Port [ n2k_V_id_V]:  wired=1; compound=1; hidden=0; nouse=0; global=0; static=0; extern=0; dir=0; type=0; pingpong=0; private_global=0; IO mode=axis:ce=0
Port [ n2k_V_dest_V]:  wired=1; compound=1; hidden=0; nouse=0; global=0; static=0; extern=0; dir=0; type=0; pingpong=0; private_global=0; IO mode=axis:ce=0
Port [ size]:  wired=1; compound=0; hidden=0; nouse=0; global=0; static=0; extern=0; dir=0; type=0; pingpong=0; private_global=0; IO mode=ap_none:ce=0
---------------- STG Properties END ------------------

---------------- Datapath Model BEGIN ----------------

<LifeTime>
<method=bitvector/>
size_read         (read         ) [ 0000000000000000000000000000000000000000000000000000000000000000000000000]
out_r_read        (read         ) [ 0010000000000000000000000000000000000000000000000000000000000000000000000]
div               (partselect   ) [ 0011100000000000000000000000000000000000000000000000000000000000000000000]
icmp_ln66         (icmp         ) [ 0011111111111111111111111111111111111111111111111111111111111111111111111]
spectopmodule_ln0 (spectopmodule) [ 0000000000000000000000000000000000000000000000000000000000000000000000000]
specinterface_ln0 (specinterface) [ 0000000000000000000000000000000000000000000000000000000000000000000000000]
specinterface_ln0 (specinterface) [ 0000000000000000000000000000000000000000000000000000000000000000000000000]
specbitsmap_ln0   (specbitsmap  ) [ 0000000000000000000000000000000000000000000000000000000000000000000000000]
specinterface_ln0 (specinterface) [ 0000000000000000000000000000000000000000000000000000000000000000000000000]
specinterface_ln0 (specinterface) [ 0000000000000000000000000000000000000000000000000000000000000000000000000]
specinterface_ln0 (specinterface) [ 0000000000000000000000000000000000000000000000000000000000000000000000000]
specbitsmap_ln0   (specbitsmap  ) [ 0000000000000000000000000000000000000000000000000000000000000000000000000]
specbitsmap_ln0   (specbitsmap  ) [ 0000000000000000000000000000000000000000000000000000000000000000000000000]
specbitsmap_ln0   (specbitsmap  ) [ 0000000000000000000000000000000000000000000000000000000000000000000000000]
specbitsmap_ln0   (specbitsmap  ) [ 0000000000000000000000000000000000000000000000000000000000000000000000000]
specbitsmap_ln0   (specbitsmap  ) [ 0000000000000000000000000000000000000000000000000000000000000000000000000]
specbitsmap_ln0   (specbitsmap  ) [ 0000000000000000000000000000000000000000000000000000000000000000000000000]
specbitsmap_ln0   (specbitsmap  ) [ 0000000000000000000000000000000000000000000000000000000000000000000000000]
specbitsmap_ln0   (specbitsmap  ) [ 0000000000000000000000000000000000000000000000000000000000000000000000000]
specinterface_ln0 (specinterface) [ 0000000000000000000000000000000000000000000000000000000000000000000000000]
specinterface_ln0 (specinterface) [ 0000000000000000000000000000000000000000000000000000000000000000000000000]
specinterface_ln0 (specinterface) [ 0000000000000000000000000000000000000000000000000000000000000000000000000]
div_cast          (zext         ) [ 0000000000000000000000000000000000000000000000000000000000000000000000000]
br_ln66           (br           ) [ 0000000000000000000000000000000000000000000000000000000000000000000000000]
trunc_ln          (partselect   ) [ 0001100000000000000000000000000000000000000000000000000000000000000000000]
sext_ln66         (sext         ) [ 0000000000000000000000000000000000000000000000000000000000000000000000000]
gmem_addr         (getelementptr) [ 0001111111111111111111111111111111111111111111111111111111111111111111111]
empty             (writereq     ) [ 0000000000000000000000000000000000000000000000000000000000000000000000000]
empty_23          (wait         ) [ 0000000000000000000000000000000000000000000000000000000000000000000000000]
call_ln66         (call         ) [ 0000000000000000000000000000000000000000000000000000000000000000000000000]
empty_24          (writeresp    ) [ 0000000000000000000000000000000000000000000000000000000000000000000000000]
br_ln76           (br           ) [ 0000000000000000000000000000000000000000000000000000000000000000000000000]
ret_ln76          (ret          ) [ 0000000000000000000000000000000000000000000000000000000000000000000000000]
</LifeTime>

<model>

<comp_list>
<comp id="0" class="1000" name="gmem">
<pin_list>
<pin id="1" dir="1" index="0" bw="1" slack="0"/>
</pin_list>
<bind>
<StgValue><ssdm name="gmem"/></StgValue>
</bind>
</comp>

<comp id="2" class="1000" name="out_r">
<pin_list>
<pin id="3" dir="1" index="0" bw="1" slack="0"/>
</pin_list>
<bind>
<StgValue><ssdm name="out_r"/></StgValue>
</bind>
</comp>

<comp id="4" class="1000" name="n2k_V_data_V">
<pin_list>
<pin id="5" dir="1" index="0" bw="1" slack="0"/>
</pin_list>
<bind>
<StgValue><ssdm name="n2k_V_data_V"/></StgValue>
</bind>
</comp>

<comp id="6" class="1000" name="n2k_V_keep_V">
<pin_list>
<pin id="7" dir="1" index="0" bw="1" slack="0"/>
</pin_list>
<bind>
<StgValue><ssdm name="n2k_V_keep_V"/></StgValue>
</bind>
</comp>

<comp id="8" class="1000" name="n2k_V_strb_V">
<pin_list>
<pin id="9" dir="1" index="0" bw="1" slack="0"/>
</pin_list>
<bind>
<StgValue><ssdm name="n2k_V_strb_V"/></StgValue>
</bind>
</comp>

<comp id="10" class="1000" name="n2k_V_user_V">
<pin_list>
<pin id="11" dir="1" index="0" bw="1" slack="0"/>
</pin_list>
<bind>
<StgValue><ssdm name="n2k_V_user_V"/></StgValue>
</bind>
</comp>

<comp id="12" class="1000" name="n2k_V_last_V">
<pin_list>
<pin id="13" dir="1" index="0" bw="1" slack="0"/>
</pin_list>
<bind>
<StgValue><ssdm name="n2k_V_last_V"/></StgValue>
</bind>
</comp>

<comp id="14" class="1000" name="n2k_V_id_V">
<pin_list>
<pin id="15" dir="1" index="0" bw="1" slack="0"/>
</pin_list>
<bind>
<StgValue><ssdm name="n2k_V_id_V"/></StgValue>
</bind>
</comp>

<comp id="16" class="1000" name="n2k_V_dest_V">
<pin_list>
<pin id="17" dir="1" index="0" bw="1" slack="0"/>
</pin_list>
<bind>
<StgValue><ssdm name="n2k_V_dest_V"/></StgValue>
</bind>
</comp>

<comp id="18" class="1000" name="size">
<pin_list>
<pin id="19" dir="1" index="0" bw="1" slack="0"/>
</pin_list>
<bind>
<StgValue><ssdm name="size"/></StgValue>
</bind>
</comp>

<comp id="20" class="1001" name="const_20">
<pin_list>
<pin id="21" dir="1" index="0" bw="1" slack="0"/>
</pin_list>
<bind>
<StgValue><ssdm name="_ssdm_op_Read.ap_none.i32"/></StgValue>
</bind>
</comp>

<comp id="22" class="1001" name="const_22">
<pin_list>
<pin id="23" dir="1" index="0" bw="1" slack="0"/>
</pin_list>
<bind>
<StgValue><ssdm name="_ssdm_op_Read.s_axilite.i64"/></StgValue>
</bind>
</comp>

<comp id="24" class="1001" name="const_24">
<pin_list>
<pin id="25" dir="1" index="0" bw="1" slack="0"/>
</pin_list>
<bind>
<StgValue><ssdm name="_ssdm_op_PartSelect.i26.i32.i32.i32"/></StgValue>
</bind>
</comp>

<comp id="26" class="1001" name="const_26">
<pin_list>
<pin id="27" dir="1" index="0" bw="1" slack="0"/>
</pin_list>
<bind>
<StgValue><ssdm name=""/></StgValue>
</bind>
</comp>

<comp id="28" class="1001" name="const_28">
<pin_list>
<pin id="29" dir="1" index="0" bw="1" slack="0"/>
</pin_list>
<bind>
<StgValue><ssdm name=""/></StgValue>
</bind>
</comp>

<comp id="30" class="1001" name="const_30">
<pin_list>
<pin id="31" dir="1" index="0" bw="1" slack="0"/>
</pin_list>
<bind>
<StgValue><ssdm name=""/></StgValue>
</bind>
</comp>

<comp id="32" class="1001" name="const_32">
<pin_list>
<pin id="33" dir="1" index="0" bw="1" slack="2147483647"/>
</pin_list>
<bind>
<StgValue><ssdm name="_ssdm_op_SpecTopModule"/></StgValue>
</bind>
</comp>

<comp id="34" class="1001" name="const_34">
<pin_list>
<pin id="35" dir="1" index="0" bw="1" slack="2147483647"/>
</pin_list>
<bind>
<StgValue><ssdm name="empty_11"/></StgValue>
</bind>
</comp>

<comp id="36" class="1001" name="const_36">
<pin_list>
<pin id="37" dir="1" index="0" bw="1" slack="2147483647"/>
</pin_list>
<bind>
<StgValue><ssdm name="_ssdm_op_SpecInterface"/></StgValue>
</bind>
</comp>

<comp id="38" class="1001" name="const_38">
<pin_list>
<pin id="39" dir="1" index="0" bw="1" slack="2147483647"/>
</pin_list>
<bind>
<StgValue><ssdm name=""/></StgValue>
</bind>
</comp>

<comp id="40" class="1001" name="const_40">
<pin_list>
<pin id="41" dir="1" index="0" bw="1" slack="2147483647"/>
</pin_list>
<bind>
<StgValue><ssdm name="empty_12"/></StgValue>
</bind>
</comp>

<comp id="42" class="1001" name="const_42">
<pin_list>
<pin id="43" dir="1" index="0" bw="1" slack="2147483647"/>
</pin_list>
<bind>
<StgValue><ssdm name="empty_14"/></StgValue>
</bind>
</comp>

<comp id="44" class="1001" name="const_44">
<pin_list>
<pin id="45" dir="1" index="0" bw="1" slack="2147483647"/>
</pin_list>
<bind>
<StgValue><ssdm name="empty_7"/></StgValue>
</bind>
</comp>

<comp id="46" class="1001" name="const_46">
<pin_list>
<pin id="47" dir="1" index="0" bw="1" slack="2147483647"/>
</pin_list>
<bind>
<StgValue><ssdm name=""/></StgValue>
</bind>
</comp>

<comp id="48" class="1001" name="const_48">
<pin_list>
<pin id="49" dir="1" index="0" bw="1" slack="2147483647"/>
</pin_list>
<bind>
<StgValue><ssdm name="empty"/></StgValue>
</bind>
</comp>

<comp id="50" class="1001" name="const_50">
<pin_list>
<pin id="51" dir="1" index="0" bw="1" slack="2147483647"/>
</pin_list>
<bind>
<StgValue><ssdm name="empty_0"/></StgValue>
</bind>
</comp>

<comp id="52" class="1001" name="const_52">
<pin_list>
<pin id="53" dir="1" index="0" bw="1" slack="2147483647"/>
</pin_list>
<bind>
<StgValue><ssdm name=""/></StgValue>
</bind>
</comp>

<comp id="54" class="1001" name="const_54">
<pin_list>
<pin id="55" dir="1" index="0" bw="1" slack="2147483647"/>
</pin_list>
<bind>
<StgValue><ssdm name="_ssdm_op_SpecBitsMap"/></StgValue>
</bind>
</comp>

<comp id="56" class="1001" name="const_56">
<pin_list>
<pin id="57" dir="1" index="0" bw="1" slack="2147483647"/>
</pin_list>
<bind>
<StgValue><ssdm name="empty_1"/></StgValue>
</bind>
</comp>

<comp id="58" class="1001" name="const_58">
<pin_list>
<pin id="59" dir="1" index="0" bw="1" slack="2147483647"/>
</pin_list>
<bind>
<StgValue><ssdm name="empty_2"/></StgValue>
</bind>
</comp>

<comp id="60" class="1001" name="const_60">
<pin_list>
<pin id="61" dir="1" index="0" bw="1" slack="2147483647"/>
</pin_list>
<bind>
<StgValue><ssdm name="empty_3"/></StgValue>
</bind>
</comp>

<comp id="62" class="1001" name="const_62">
<pin_list>
<pin id="63" dir="1" index="0" bw="1" slack="2147483647"/>
</pin_list>
<bind>
<StgValue><ssdm name="empty_4"/></StgValue>
</bind>
</comp>

<comp id="64" class="1001" name="const_64">
<pin_list>
<pin id="65" dir="1" index="0" bw="1" slack="2147483647"/>
</pin_list>
<bind>
<StgValue><ssdm name="empty_6"/></StgValue>
</bind>
</comp>

<comp id="66" class="1001" name="const_66">
<pin_list>
<pin id="67" dir="1" index="0" bw="1" slack="2147483647"/>
</pin_list>
<bind>
<StgValue><ssdm name="empty_8"/></StgValue>
</bind>
</comp>

<comp id="68" class="1001" name="const_68">
<pin_list>
<pin id="69" dir="1" index="0" bw="1" slack="2147483647"/>
</pin_list>
<bind>
<StgValue><ssdm name=""/></StgValue>
</bind>
</comp>

<comp id="70" class="1001" name="const_70">
<pin_list>
<pin id="71" dir="1" index="0" bw="1" slack="2147483647"/>
</pin_list>
<bind>
<StgValue><ssdm name="empty_5"/></StgValue>
</bind>
</comp>

<comp id="72" class="1001" name="const_72">
<pin_list>
<pin id="73" dir="1" index="0" bw="1" slack="2147483647"/>
</pin_list>
<bind>
<StgValue><ssdm name="empty_9"/></StgValue>
</bind>
</comp>

<comp id="74" class="1001" name="const_74">
<pin_list>
<pin id="75" dir="1" index="0" bw="1" slack="2147483647"/>
</pin_list>
<bind>
<StgValue><ssdm name="empty_10"/></StgValue>
</bind>
</comp>

<comp id="76" class="1001" name="const_76">
<pin_list>
<pin id="77" dir="1" index="0" bw="1" slack="0"/>
</pin_list>
<bind>
<StgValue><ssdm name="_ssdm_op_PartSelect.i58.i64.i32.i32"/></StgValue>
</bind>
</comp>

<comp id="78" class="1001" name="const_78">
<pin_list>
<pin id="79" dir="1" index="0" bw="1" slack="0"/>
</pin_list>
<bind>
<StgValue><ssdm name=""/></StgValue>
</bind>
</comp>

<comp id="80" class="1001" name="const_80">
<pin_list>
<pin id="81" dir="1" index="0" bw="1" slack="0"/>
</pin_list>
<bind>
<StgValue><ssdm name="_ssdm_op_WriteReq.m_axi.p1i512"/></StgValue>
</bind>
</comp>

<comp id="82" class="1001" name="const_82">
<pin_list>
<pin id="83" dir="1" index="0" bw="1" slack="2147483647"/>
</pin_list>
<bind>
<StgValue><ssdm name="_ssdm_op_Wait"/></StgValue>
</bind>
</comp>

<comp id="84" class="1001" name="const_84">
<pin_list>
<pin id="85" dir="1" index="0" bw="1" slack="0"/>
</pin_list>
<bind>
<StgValue><ssdm name="krnl_s2mm_Pipeline_VITIS_LOOP_66_1"/></StgValue>
</bind>
</comp>

<comp id="86" class="1001" name="const_86">
<pin_list>
<pin id="87" dir="1" index="0" bw="1" slack="0"/>
</pin_list>
<bind>
<StgValue><ssdm name="_ssdm_op_WriteResp.m_axi.p1i512"/></StgValue>
</bind>
</comp>

<comp id="88" class="1004" name="size_read_read_fu_88">
<pin_list>
<pin id="89" dir="0" index="0" bw="32" slack="0"/>
<pin id="90" dir="0" index="1" bw="32" slack="0"/>
<pin id="91" dir="1" index="2" bw="32" slack="0"/>
</pin_list>
<bind>
<opcode="read(1150) " fcode="read"/>
<opset="size_read/1 "/>
</bind>
</comp>

<comp id="94" class="1004" name="out_r_read_read_fu_94">
<pin_list>
<pin id="95" dir="0" index="0" bw="64" slack="0"/>
<pin id="96" dir="0" index="1" bw="64" slack="0"/>
<pin id="97" dir="1" index="2" bw="64" slack="1"/>
</pin_list>
<bind>
<opcode="read(1150) " fcode="read"/>
<opset="out_r_read/1 "/>
</bind>
</comp>

<comp id="100" class="1004" name="grp_writeresp_fu_100">
<pin_list>
<pin id="101" dir="0" index="0" bw="1" slack="0"/>
<pin id="102" dir="0" index="1" bw="512" slack="0"/>
<pin id="103" dir="0" index="2" bw="26" slack="0"/>
<pin id="104" dir="1" index="3" bw="1" slack="2147483647"/>
</pin_list>
<bind>
<opcode="writereq(1155) writeresp(1158) " fcode="writeresp"/>
<opset="empty/2 empty_24/5 "/>
</bind>
</comp>

<comp id="107" class="1004" name="grp_krnl_s2mm_Pipeline_VITIS_LOOP_66_1_fu_107">
<pin_list>
<pin id="108" dir="0" index="0" bw="0" slack="0"/>
<pin id="109" dir="0" index="1" bw="512" slack="0"/>
<pin id="110" dir="0" index="2" bw="58" slack="1"/>
<pin id="111" dir="0" index="3" bw="26" slack="2"/>
<pin id="112" dir="0" index="4" bw="512" slack="0"/>
<pin id="113" dir="0" index="5" bw="64" slack="0"/>
<pin id="114" dir="0" index="6" bw="64" slack="0"/>
<pin id="115" dir="0" index="7" bw="1" slack="0"/>
<pin id="116" dir="0" index="8" bw="1" slack="0"/>
<pin id="117" dir="0" index="9" bw="1" slack="0"/>
<pin id="118" dir="0" index="10" bw="16" slack="0"/>
<pin id="119" dir="1" index="11" bw="0" slack="2147483647"/>
</pin_list>
<bind>
<opcode="call(48) " fcode="call"/>
<opset="call_ln66/3 "/>
</bind>
</comp>

<comp id="129" class="1004" name="div_fu_129">
<pin_list>
<pin id="130" dir="0" index="0" bw="26" slack="0"/>
<pin id="131" dir="0" index="1" bw="32" slack="0"/>
<pin id="132" dir="0" index="2" bw="4" slack="0"/>
<pin id="133" dir="0" index="3" bw="6" slack="0"/>
<pin id="134" dir="1" index="4" bw="26" slack="0"/>
</pin_list>
<bind>
<opcode="partselect(1002) " fcode="partselect"/>
<opset="div/1 "/>
</bind>
</comp>

<comp id="139" class="1004" name="icmp_ln66_fu_139">
<pin_list>
<pin id="140" dir="0" index="0" bw="26" slack="0"/>
<pin id="141" dir="0" index="1" bw="1" slack="0"/>
<pin id="142" dir="1" index="2" bw="1" slack="1"/>
</pin_list>
<bind>
<opcode="icmp(45) " fcode="icmp"/>
<opset="icmp_ln66/1 "/>
</bind>
</comp>

<comp id="145" class="1004" name="div_cast_fu_145">
<pin_list>
<pin id="146" dir="0" index="0" bw="26" slack="1"/>
<pin id="147" dir="1" index="1" bw="32" slack="0"/>
</pin_list>
<bind>
<opcode="zext(34) " fcode="zext"/>
<opset="div_cast/2 "/>
</bind>
</comp>

<comp id="149" class="1004" name="trunc_ln_fu_149">
<pin_list>
<pin id="150" dir="0" index="0" bw="58" slack="0"/>
<pin id="151" dir="0" index="1" bw="64" slack="1"/>
<pin id="152" dir="0" index="2" bw="4" slack="0"/>
<pin id="153" dir="0" index="3" bw="7" slack="0"/>
<pin id="154" dir="1" index="4" bw="58" slack="0"/>
</pin_list>
<bind>
<opcode="partselect(1002) " fcode="partselect"/>
<opset="trunc_ln/2 "/>
</bind>
</comp>

<comp id="158" class="1004" name="sext_ln66_fu_158">
<pin_list>
<pin id="159" dir="0" index="0" bw="58" slack="0"/>
<pin id="160" dir="1" index="1" bw="64" slack="0"/>
</pin_list>
<bind>
<opcode="sext(35) " fcode="sext"/>
<opset="sext_ln66/2 "/>
</bind>
</comp>

<comp id="162" class="1004" name="gmem_addr_fu_162">
<pin_list>
<pin id="163" dir="0" index="0" bw="512" slack="0"/>
<pin id="164" dir="0" index="1" bw="58" slack="0"/>
<pin id="165" dir="1" index="2" bw="512" slack="0"/>
</pin_list>
<bind>
<opcode="getelementptr(29) " fcode="getelementptr"/>
<opset="gmem_addr/2 "/>
</bind>
</comp>

<comp id="169" class="1005" name="out_r_read_reg_169">
<pin_list>
<pin id="170" dir="0" index="0" bw="64" slack="1"/>
<pin id="171" dir="1" index="1" bw="64" slack="1"/>
</pin_list>
<bind>
<opset="out_r_read "/>
</bind>
</comp>

<comp id="174" class="1005" name="div_reg_174">
<pin_list>
<pin id="175" dir="0" index="0" bw="26" slack="1"/>
<pin id="176" dir="1" index="1" bw="26" slack="1"/>
</pin_list>
<bind>
<opset="div "/>
</bind>
</comp>

<comp id="180" class="1005" name="icmp_ln66_reg_180">
<pin_list>
<pin id="181" dir="0" index="0" bw="1" slack="1"/>
<pin id="182" dir="1" index="1" bw="1" slack="2147483647"/>
</pin_list>
<bind>
<opset="icmp_ln66 "/>
</bind>
</comp>

<comp id="184" class="1005" name="trunc_ln_reg_184">
<pin_list>
<pin id="185" dir="0" index="0" bw="58" slack="1"/>
<pin id="186" dir="1" index="1" bw="58" slack="1"/>
</pin_list>
<bind>
<opset="trunc_ln "/>
</bind>
</comp>

<comp id="189" class="1005" name="gmem_addr_reg_189">
<pin_list>
<pin id="190" dir="0" index="0" bw="512" slack="3"/>
<pin id="191" dir="1" index="1" bw="512" slack="3"/>
</pin_list>
<bind>
<opset="gmem_addr "/>
</bind>
</comp>

</comp_list>

<net_list>
<net id="92"><net_src comp="20" pin="0"/><net_sink comp="88" pin=0"/></net>

<net id="93"><net_src comp="18" pin="0"/><net_sink comp="88" pin=1"/></net>

<net id="98"><net_src comp="22" pin="0"/><net_sink comp="94" pin=0"/></net>

<net id="99"><net_src comp="2" pin="0"/><net_sink comp="94" pin=1"/></net>

<net id="105"><net_src comp="80" pin="0"/><net_sink comp="100" pin=0"/></net>

<net id="106"><net_src comp="86" pin="0"/><net_sink comp="100" pin=0"/></net>

<net id="120"><net_src comp="84" pin="0"/><net_sink comp="107" pin=0"/></net>

<net id="121"><net_src comp="0" pin="0"/><net_sink comp="107" pin=1"/></net>

<net id="122"><net_src comp="4" pin="0"/><net_sink comp="107" pin=4"/></net>

<net id="123"><net_src comp="6" pin="0"/><net_sink comp="107" pin=5"/></net>

<net id="124"><net_src comp="8" pin="0"/><net_sink comp="107" pin=6"/></net>

<net id="125"><net_src comp="10" pin="0"/><net_sink comp="107" pin=7"/></net>

<net id="126"><net_src comp="12" pin="0"/><net_sink comp="107" pin=8"/></net>

<net id="127"><net_src comp="14" pin="0"/><net_sink comp="107" pin=9"/></net>

<net id="128"><net_src comp="16" pin="0"/><net_sink comp="107" pin=10"/></net>

<net id="135"><net_src comp="24" pin="0"/><net_sink comp="129" pin=0"/></net>

<net id="136"><net_src comp="88" pin="2"/><net_sink comp="129" pin=1"/></net>

<net id="137"><net_src comp="26" pin="0"/><net_sink comp="129" pin=2"/></net>

<net id="138"><net_src comp="28" pin="0"/><net_sink comp="129" pin=3"/></net>

<net id="143"><net_src comp="129" pin="4"/><net_sink comp="139" pin=0"/></net>

<net id="144"><net_src comp="30" pin="0"/><net_sink comp="139" pin=1"/></net>

<net id="148"><net_src comp="145" pin="1"/><net_sink comp="100" pin=2"/></net>

<net id="155"><net_src comp="76" pin="0"/><net_sink comp="149" pin=0"/></net>

<net id="156"><net_src comp="26" pin="0"/><net_sink comp="149" pin=2"/></net>

<net id="157"><net_src comp="78" pin="0"/><net_sink comp="149" pin=3"/></net>

<net id="161"><net_src comp="149" pin="4"/><net_sink comp="158" pin=0"/></net>

<net id="166"><net_src comp="0" pin="0"/><net_sink comp="162" pin=0"/></net>

<net id="167"><net_src comp="158" pin="1"/><net_sink comp="162" pin=1"/></net>

<net id="168"><net_src comp="162" pin="2"/><net_sink comp="100" pin=1"/></net>

<net id="172"><net_src comp="94" pin="2"/><net_sink comp="169" pin=0"/></net>

<net id="173"><net_src comp="169" pin="1"/><net_sink comp="149" pin=1"/></net>

<net id="177"><net_src comp="129" pin="4"/><net_sink comp="174" pin=0"/></net>

<net id="178"><net_src comp="174" pin="1"/><net_sink comp="145" pin=0"/></net>

<net id="179"><net_src comp="174" pin="1"/><net_sink comp="107" pin=3"/></net>

<net id="183"><net_src comp="139" pin="2"/><net_sink comp="180" pin=0"/></net>

<net id="187"><net_src comp="149" pin="4"/><net_sink comp="184" pin=0"/></net>

<net id="188"><net_src comp="184" pin="1"/><net_sink comp="107" pin=2"/></net>

<net id="192"><net_src comp="162" pin="2"/><net_sink comp="189" pin=0"/></net>

<net id="193"><net_src comp="189" pin="1"/><net_sink comp="100" pin=1"/></net>

</net_list>

</model> 
---------------- Datapath Model END ------------------

* FSMD analyzer results:
  - Output states:
	Port: gmem | {2 3 4 5 6 7 8 9 10 11 12 13 14 15 16 17 18 19 20 21 22 23 24 25 26 27 28 29 30 31 32 33 34 35 36 37 38 39 40 41 42 43 44 45 46 47 48 49 50 51 52 53 54 55 56 57 58 59 60 61 62 63 64 65 66 67 68 69 70 71 72 }
 - Input state : 
	Port: krnl_s2mm : out_r | {1 }
	Port: krnl_s2mm : n2k_V_data_V | {3 4 }
	Port: krnl_s2mm : n2k_V_keep_V | {3 4 }
	Port: krnl_s2mm : n2k_V_strb_V | {3 4 }
	Port: krnl_s2mm : n2k_V_user_V | {3 4 }
	Port: krnl_s2mm : n2k_V_last_V | {3 4 }
	Port: krnl_s2mm : n2k_V_id_V | {3 4 }
	Port: krnl_s2mm : n2k_V_dest_V | {3 4 }
	Port: krnl_s2mm : size | {1 }
  - Chain level:
	State 1
		icmp_ln66 : 1
	State 2
		sext_ln66 : 1
		gmem_addr : 2
		empty : 3
	State 3
	State 4
	State 5
	State 6
	State 7
	State 8
	State 9
	State 10
	State 11
	State 12
	State 13
	State 14
	State 15
	State 16
	State 17
	State 18
	State 19
	State 20
	State 21
	State 22
	State 23
	State 24
	State 25
	State 26
	State 27
	State 28
	State 29
	State 30
	State 31
	State 32
	State 33
	State 34
	State 35
	State 36
	State 37
	State 38
	State 39
	State 40
	State 41
	State 42
	State 43
	State 44
	State 45
	State 46
	State 47
	State 48
	State 49
	State 50
	State 51
	State 52
	State 53
	State 54
	State 55
	State 56
	State 57
	State 58
	State 59
	State 60
	State 61
	State 62
	State 63
	State 64
	State 65
	State 66
	State 67
	State 68
	State 69
	State 70
	State 71
	State 72


============================================================
+ Verbose Summary: Datapath Resource usage 
============================================================

* Functional unit list:
|----------|-----------------------------------------------|---------|---------|
| Operation|                Functional Unit                |    FF   |   LUT   |
|----------|-----------------------------------------------|---------|---------|
|   call   | grp_krnl_s2mm_Pipeline_VITIS_LOOP_66_1_fu_107 |   1050  |    50   |
|----------|-----------------------------------------------|---------|---------|
|   icmp   |                icmp_ln66_fu_139               |    0    |    17   |
|----------|-----------------------------------------------|---------|---------|
|   read   |              size_read_read_fu_88             |    0    |    0    |
|          |             out_r_read_read_fu_94             |    0    |    0    |
|----------|-----------------------------------------------|---------|---------|
| writeresp|              grp_writeresp_fu_100             |    0    |    0    |
|----------|-----------------------------------------------|---------|---------|
|partselect|                   div_fu_129                  |    0    |    0    |
|          |                trunc_ln_fu_149                |    0    |    0    |
|----------|-----------------------------------------------|---------|---------|
|   zext   |                div_cast_fu_145                |    0    |    0    |
|----------|-----------------------------------------------|---------|---------|
|   sext   |                sext_ln66_fu_158               |    0    |    0    |
|----------|-----------------------------------------------|---------|---------|
|   Total  |                                               |   1050  |    67   |
|----------|-----------------------------------------------|---------|---------|

Memories:
N/A

* Register list:
+------------------+--------+
|                  |   FF   |
+------------------+--------+
|    div_reg_174   |   26   |
| gmem_addr_reg_189|   512  |
| icmp_ln66_reg_180|    1   |
|out_r_read_reg_169|   64   |
| trunc_ln_reg_184 |   58   |
+------------------+--------+
|       Total      |   661  |
+------------------+--------+

* Multiplexer (MUX) list: 
|----------------------|------|------|------|--------||---------||---------|
|         Comp         |  Pin | Size |  BW  | S x BW ||  Delay  ||   LUT   |
|----------------------|------|------|------|--------||---------||---------|
| grp_writeresp_fu_100 |  p0  |   2  |   1  |    2   |
| grp_writeresp_fu_100 |  p1  |   2  |  512 |  1024  ||    9    |
|----------------------|------|------|------|--------||---------||---------|
|         Total        |      |      |      |  1026  ||  0.774  ||    9    |
|----------------------|------|------|------|--------||---------||---------|



* Summary:
+-----------+--------+--------+--------+
|           |  Delay |   FF   |   LUT  |
+-----------+--------+--------+--------+
|  Function |    -   |  1050  |   67   |
|   Memory  |    -   |    -   |    -   |
|Multiplexer|    0   |    -   |    9   |
|  Register |    -   |   661  |    -   |
+-----------+--------+--------+--------+
|   Total   |    0   |  1711  |   76   |
+-----------+--------+--------+--------+
