Wed Aug 17 11:48:00 2022: Server was asked to start on port: '34951'
Wed Aug 17 11:48:00 2022: Server is using token UUID: '050326ad-02a1-4e7a-93ed-1d45cc021c3c'
Wed Aug 17 11:48:00 2022: SESSION_MGR: creating session with session uuid: '6d04a3e9-ade5-4ab9-8d63-1f78fcd2ec76' and name 'default'
Wed Aug 17 11:48:00 2022: Attempting to start server on port '34951'
Wed Aug 17 11:48:00 2022: XCD main fifo: created main fifo '/tmp/xcdmain050326ad-02a1-4e7a-93ed-1d45cc021c3c', fd read = 13
Wed Aug 17 11:48:00 2022: Running Dispatch Server
Wed Aug 17 11:48:00 2022: Version 2.1.0
Wed Aug 17 11:48:08 2022: Dispatch Server: Accepted socket connection from client
Wed Aug 17 11:48:08 2022: EXCHANGE_TOKEN received, server token: 050326ad-02a1-4e7a-93ed-1d45cc021c3c, passed token: 050326ad-02a1-4e7a-93ed-1d45cc021c3c
Wed Aug 17 11:48:08 2022: SESSION_MGR: creating session with session uuid: '82cde17e-3147-4efb-9394-94d3658537b8' and name 'v++_compile_krnl_s2mm'
Wed Aug 17 11:48:08 2022: GUIDANCE_SMGR: creating guidance session with uuid: '82cde17e-3147-4efb-9394-94d3658537b8' and name 'v++_compile_krnl_s2mm'
Wed Aug 17 11:49:11 2022: Running xcd server. This server was built by gradle.
Wed Aug 17 11:49:11 2022: Server was asked to start on port: '37885'
Wed Aug 17 11:49:11 2022: Server is using token UUID: '946a89d1-4e3d-4fe8-8efe-cbaeedad5bc8'
Wed Aug 17 11:49:11 2022: SESSION_MGR: creating session with session uuid: '6d04a3e9-ade5-4ab9-8d63-1f78fcd2ec76' and name 'default'
Wed Aug 17 11:49:11 2022: Attempting to start server on port '37885'
Wed Aug 17 11:49:11 2022: XCD main fifo: created main fifo '/tmp/xcdmain946a89d1-4e3d-4fe8-8efe-cbaeedad5bc8', fd read = 13
Wed Aug 17 11:49:11 2022: Running Dispatch Server
Wed Aug 17 11:49:11 2022: Version 2.2.0
Wed Aug 17 11:49:19 2022: Dispatch Server: Accepted socket connection from client
Wed Aug 17 11:49:19 2022: Starting Socket connection
Wed Aug 17 11:49:19 2022: EXCHANGE_TOKEN received, server token: 946a89d1-4e3d-4fe8-8efe-cbaeedad5bc8, passed token: 946a89d1-4e3d-4fe8-8efe-cbaeedad5bc8
Wed Aug 17 11:49:21 2022: DISPATCH_HANDLER: Adding handler from function makeHandler in library libxv_system_diagram
Wed Aug 17 11:49:21 2022: SESSION_MGR: creating session with session uuid: 'e9104d19-616d-46a4-80e9-7a9142266f50' and name 'v++_compile_krnl_s2mm'
Wed Aug 17 11:49:21 2022: KERNEL_SVC: creating session with uuid: 'e9104d19-616d-46a4-80e9-7a9142266f50' and name 'v++_compile_krnl_s2mm'
Wed Aug 17 11:49:21 2022: GUIDANCE_SMGR: creating guidance session with uuid: 'e9104d19-616d-46a4-80e9-7a9142266f50' and name 'v++_compile_krnl_s2mm'
Wed Aug 17 11:49:21 2022: SYSTEM_DIAGRAM: creating session with uuid: 'e9104d19-616d-46a4-80e9-7a9142266f50' and name 'v++_compile_krnl_s2mm'
Wed Aug 17 11:50:42 2022: SESSION_MGR: closing session for UUID 'e9104d19-616d-46a4-80e9-7a9142266f50' with name 'v++_compile_krnl_s2mm'
Wed Aug 17 11:50:42 2022: KERNEL_SVC: closing session for UUID 'e9104d19-616d-46a4-80e9-7a9142266f50' with name 'v++_compile_krnl_s2mm'
Wed Aug 17 11:50:42 2022: GUIDANCE_SMGR: closing session for UUID 'e9104d19-616d-46a4-80e9-7a9142266f50' with name 'v++_compile_krnl_s2mm'
Wed Aug 17 11:50:42 2022: SYSTEM_DIAGRAM: closing session for UUID 'e9104d19-616d-46a4-80e9-7a9142266f50' with name 'v++_compile_krnl_s2mm'
Wed Aug 17 11:50:46 2022: Running xcd server. This server was built by gradle.
Wed Aug 17 11:50:46 2022: Server was asked to start on port: '41241'
Wed Aug 17 11:50:46 2022: Server is using token UUID: 'b4b42400-3f4e-4fb2-bb65-0faff07ee707'
Wed Aug 17 11:50:46 2022: SESSION_MGR: creating session with session uuid: '6d04a3e9-ade5-4ab9-8d63-1f78fcd2ec76' and name 'default'
Wed Aug 17 11:50:46 2022: Attempting to start server on port '41241'
Wed Aug 17 11:50:46 2022: XCD main fifo: created main fifo '/tmp/xcdmainb4b42400-3f4e-4fb2-bb65-0faff07ee707', fd read = 13
Wed Aug 17 11:50:46 2022: Running Dispatch Server
Wed Aug 17 11:50:46 2022: Version 2.2.0
Wed Aug 17 11:50:54 2022: Dispatch Server: Accepted socket connection from client
Wed Aug 17 11:50:54 2022: Starting Socket connection
Wed Aug 17 11:50:54 2022: EXCHANGE_TOKEN received, server token: b4b42400-3f4e-4fb2-bb65-0faff07ee707, passed token: b4b42400-3f4e-4fb2-bb65-0faff07ee707
Wed Aug 17 11:50:56 2022: DISPATCH_HANDLER: Adding handler from function makeHandler in library libxv_system_diagram
Wed Aug 17 11:50:56 2022: SESSION_MGR: creating session with session uuid: '36acc776-0c2a-423b-bef4-68f7e60c6d9f' and name 'v++_compile_krnl_mm2s'
Wed Aug 17 11:50:56 2022: KERNEL_SVC: creating session with uuid: '36acc776-0c2a-423b-bef4-68f7e60c6d9f' and name 'v++_compile_krnl_mm2s'
Wed Aug 17 11:50:56 2022: GUIDANCE_SMGR: creating guidance session with uuid: '36acc776-0c2a-423b-bef4-68f7e60c6d9f' and name 'v++_compile_krnl_mm2s'
Wed Aug 17 11:50:56 2022: SYSTEM_DIAGRAM: creating session with uuid: '36acc776-0c2a-423b-bef4-68f7e60c6d9f' and name 'v++_compile_krnl_mm2s'
Wed Aug 17 11:52:12 2022: SESSION_MGR: closing session for UUID '36acc776-0c2a-423b-bef4-68f7e60c6d9f' with name 'v++_compile_krnl_mm2s'
Wed Aug 17 11:52:12 2022: KERNEL_SVC: closing session for UUID '36acc776-0c2a-423b-bef4-68f7e60c6d9f' with name 'v++_compile_krnl_mm2s'
Wed Aug 17 11:52:12 2022: GUIDANCE_SMGR: closing session for UUID '36acc776-0c2a-423b-bef4-68f7e60c6d9f' with name 'v++_compile_krnl_mm2s'
Wed Aug 17 11:52:12 2022: SYSTEM_DIAGRAM: closing session for UUID '36acc776-0c2a-423b-bef4-68f7e60c6d9f' with name 'v++_compile_krnl_mm2s'
